<?xml version="1.0" encoding="utf-8"?>
<CoverageSession xmlns:xsd="http://www.w3.org/2001/XMLSchema" xmlns:xsi="http://www.w3.org/2001/XMLSchema-instance" Version="0.0.0.0">
  <Summary numSequencePoints="2820" visitedSequencePoints="777" numBranchPoints="0" visitedBranchPoints="0" sequenceCoverage="27.55" branchCoverage="0.0" maxCyclomaticComplexity="0" minCyclomaticComplexity="0" maxCrapScore="0" minCrapScore="0" visitedClasses="15" numClasses="86" visitedMethods="123" numMethods="305" />
  <Modules>
    <Module>
      <Summary numSequencePoints="348" visitedSequencePoints="332" numBranchPoints="0" visitedBranchPoints="0" sequenceCoverage="95.40" branchCoverage="0.0" maxCyclomaticComplexity="0" minCyclomaticComplexity="0" maxCrapScore="0" minCrapScore="0" visitedClasses="10" numClasses="10" visitedMethods="45" numMethods="46" />
      <ModuleTime>0001-01-01T00:00:00</ModuleTime>
      <ModuleName>NavMeshComponentsTestsPlaymode</ModuleName>
      <Files>
        <File uid="1" fullPath="D:/Projects/GRIMWOOD-Bachelor/Grimwood/Assets/_Main/NavmeshComponent/Tests/NavMeshSurfaceAgentTests.cs" />
        <File uid="2" fullPath="D:/Projects/GRIMWOOD-Bachelor/Grimwood/Assets/_Main/NavmeshComponent/Tests/NavMeshSurfaceLinkTests.cs" />
        <File uid="3" fullPath="D:/Projects/GRIMWOOD-Bachelor/Grimwood/Assets/_Main/NavmeshComponent/Tests/NavMeshSurfaceModifierTests.cs" />
        <File uid="4" fullPath="D:/Projects/GRIMWOOD-Bachelor/Grimwood/Assets/_Main/NavmeshComponent/Tests/NavMeshSurfaceModifierVolumeTests.cs" />
        <File uid="5" fullPath="D:/Projects/GRIMWOOD-Bachelor/Grimwood/Assets/_Main/NavmeshComponent/Tests/NavMeshSurfaceTests.cs" />
      </Files>
      <Classes>
        <Class>
          <Summary numSequencePoints="27" visitedSequencePoints="13" numBranchPoints="0" visitedBranchPoints="0" sequenceCoverage="48.15" branchCoverage="0.0" maxCyclomaticComplexity="0" minCyclomaticComplexity="0" maxCrapScore="0" minCrapScore="0" visitedClasses="1" numClasses="1" visitedMethods="3" numMethods="4" />
          <FullName>NavMeshSurfaceAgentTests</FullName>
          <Methods>
            <Method visited="true" cyclomaticComplexity="0" nPathComplexity="0" sequenceCoverage="100.0" branchCoverage="0" crapScore="0" isConstructor="false" isStatic="false" isGetter="false" isSetter="false">
              <Summary numSequencePoints="3" visitedSequencePoints="3" numBranchPoints="0" visitedBranchPoints="0" sequenceCoverage="100.0" branchCoverage="0" maxCyclomaticComplexity="0" minCyclomaticComplexity="0" maxCrapScore="0" minCrapScore="0" visitedClasses="0" numClasses="0" visitedMethods="1" numMethods="1" />
              <MetadataToken>100663297</MetadataToken>
              <Name>System.Void NavMeshSurfaceAgentTests::Setup()</Name>
              <FileRef uid="1" />
              <SequencePoints>
                <SequencePoint vc="3" uspid="1" ordinal="0" offset="0" sl="15" sc="5" el="15" ec="5" bec="0" bev="0" fileid="1" />
                <SequencePoint vc="3" uspid="2" ordinal="0" offset="1" sl="16" sc="9" el="16" ec="9" bec="0" bev="0" fileid="1" />
                <SequencePoint vc="3" uspid="3" ordinal="0" offset="18" sl="17" sc="5" el="17" ec="5" bec="0" bev="0" fileid="1" />
              </SequencePoints>
              <BranchPoints />
            </Method>
            <Method visited="true" cyclomaticComplexity="0" nPathComplexity="0" sequenceCoverage="100.0" branchCoverage="0" crapScore="0" isConstructor="false" isStatic="false" isGetter="false" isSetter="false">
              <Summary numSequencePoints="6" visitedSequencePoints="6" numBranchPoints="0" visitedBranchPoints="0" sequenceCoverage="100.0" branchCoverage="0" maxCyclomaticComplexity="0" minCyclomaticComplexity="0" maxCrapScore="0" minCrapScore="0" visitedClasses="0" numClasses="0" visitedMethods="1" numMethods="1" />
              <MetadataToken>100663298</MetadataToken>
              <Name>System.Void NavMeshSurfaceAgentTests::TearDown()</Name>
              <FileRef uid="1" />
              <SequencePoints>
                <SequencePoint vc="3" uspid="4" ordinal="0" offset="0" sl="21" sc="5" el="21" ec="5" bec="0" bev="0" fileid="1" />
                <SequencePoint vc="3" uspid="5" ordinal="0" offset="1" sl="22" sc="9" el="22" ec="9" bec="0" bev="0" fileid="1" />
                <SequencePoint vc="3" uspid="6" ordinal="0" offset="18" sl="23" sc="9" el="23" ec="9" bec="0" bev="0" fileid="1" />
                <SequencePoint vc="3" uspid="7" ordinal="0" offset="35" sl="24" sc="9" el="24" ec="9" bec="0" bev="0" fileid="1" />
                <SequencePoint vc="3" uspid="8" ordinal="0" offset="42" sl="25" sc="9" el="25" ec="9" bec="0" bev="0" fileid="1" />
                <SequencePoint vc="3" uspid="9" ordinal="0" offset="49" sl="26" sc="5" el="26" ec="5" bec="0" bev="0" fileid="1" />
              </SequencePoints>
              <BranchPoints />
            </Method>
            <Method visited="true" cyclomaticComplexity="0" nPathComplexity="0" sequenceCoverage="66.67" branchCoverage="0" crapScore="0" isConstructor="false" isStatic="false" isGetter="false" isSetter="false">
              <Summary numSequencePoints="6" visitedSequencePoints="4" numBranchPoints="0" visitedBranchPoints="0" sequenceCoverage="66.67" branchCoverage="0" maxCyclomaticComplexity="0" minCyclomaticComplexity="0" maxCrapScore="0" minCrapScore="0" visitedClasses="0" numClasses="0" visitedMethods="1" numMethods="1" />
              <MetadataToken>100663299</MetadataToken>
              <Name>System.Void NavMeshSurfaceAgentTests::AgentIdentifiesSurfaceOwner()</Name>
              <FileRef uid="1" />
              <SequencePoints>
                <SequencePoint vc="1" uspid="10" ordinal="0" offset="0" sl="30" sc="5" el="30" ec="5" bec="0" bev="0" fileid="1" />
                <SequencePoint vc="1" uspid="11" ordinal="0" offset="1" sl="31" sc="9" el="31" ec="9" bec="0" bev="0" fileid="1" />
                <SequencePoint vc="1" uspid="12" ordinal="0" offset="13" sl="33" sc="9" el="33" ec="9" bec="0" bev="0" fileid="1" />
                <SequencePoint vc="1" uspid="13" ordinal="0" offset="34" sl="34" sc="9" el="34" ec="9" bec="0" bev="0" fileid="1" />
                <SequencePoint vc="0" uspid="14" ordinal="0" offset="57" sl="35" sc="9" el="35" ec="9" bec="0" bev="0" fileid="1" />
                <SequencePoint vc="0" uspid="15" ordinal="0" offset="74" sl="36" sc="5" el="36" ec="5" bec="0" bev="0" fileid="1" />
              </SequencePoints>
              <BranchPoints />
            </Method>
            <Method visited="false" cyclomaticComplexity="0" nPathComplexity="0" sequenceCoverage="0.0" branchCoverage="0" crapScore="0" isConstructor="false" isStatic="false" isGetter="false" isSetter="false">
              <Summary numSequencePoints="12" visitedSequencePoints="0" numBranchPoints="0" visitedBranchPoints="0" sequenceCoverage="0.0" branchCoverage="0" maxCyclomaticComplexity="0" minCyclomaticComplexity="0" maxCrapScore="0" minCrapScore="0" visitedClasses="0" numClasses="0" visitedMethods="0" numMethods="1" />
              <MetadataToken>100663300</MetadataToken>
              <Name>System.Void NavMeshSurfaceAgentTests::AgentDetachesAndAttachesToSurface()</Name>
              <FileRef uid="1" />
              <SequencePoints>
                <SequencePoint vc="0" uspid="16" ordinal="0" offset="0" sl="41" sc="0" el="41" ec="0" bec="0" bev="0" fileid="1" />
                <SequencePoint vc="0" uspid="17" ordinal="0" offset="1" sl="42" sc="0" el="42" ec="0" bec="0" bev="0" fileid="1" />
                <SequencePoint vc="0" uspid="18" ordinal="0" offset="13" sl="44" sc="0" el="44" ec="0" bec="0" bev="0" fileid="1" />
                <SequencePoint vc="0" uspid="19" ordinal="0" offset="34" sl="45" sc="0" el="45" ec="0" bec="0" bev="0" fileid="1" />
                <SequencePoint vc="0" uspid="20" ordinal="0" offset="57" sl="46" sc="0" el="46" ec="0" bec="0" bev="0" fileid="1" />
                <SequencePoint vc="0" uspid="21" ordinal="0" offset="74" sl="48" sc="0" el="48" ec="0" bec="0" bev="0" fileid="1" />
                <SequencePoint vc="0" uspid="22" ordinal="0" offset="87" sl="49" sc="0" el="49" ec="0" bec="0" bev="0" fileid="1" />
                <SequencePoint vc="0" uspid="23" ordinal="0" offset="104" sl="50" sc="0" el="50" ec="0" bec="0" bev="0" fileid="1" />
                <SequencePoint vc="0" uspid="24" ordinal="0" offset="121" sl="52" sc="0" el="52" ec="0" bec="0" bev="0" fileid="1" />
                <SequencePoint vc="0" uspid="25" ordinal="0" offset="134" sl="53" sc="0" el="53" ec="0" bec="0" bev="0" fileid="1" />
                <SequencePoint vc="0" uspid="26" ordinal="0" offset="157" sl="54" sc="0" el="54" ec="0" bec="0" bev="0" fileid="1" />
                <SequencePoint vc="0" uspid="27" ordinal="0" offset="174" sl="55" sc="0" el="55" ec="0" bec="0" bev="0" fileid="1" />
              </SequencePoints>
              <BranchPoints />
            </Method>
          </Methods>
        </Class>
        <Class>
          <Summary numSequencePoints="81" visitedSequencePoints="80" numBranchPoints="0" visitedBranchPoints="0" sequenceCoverage="98.77" branchCoverage="0.0" maxCyclomaticComplexity="0" minCyclomaticComplexity="0" maxCrapScore="0" minCrapScore="0" visitedClasses="1" numClasses="1" visitedMethods="9" numMethods="9" />
          <FullName>NavMeshSurfaceLinkTests</FullName>
          <Methods>
            <Method visited="true" cyclomaticComplexity="0" nPathComplexity="0" sequenceCoverage="100.0" branchCoverage="0" crapScore="0" isConstructor="false" isStatic="false" isGetter="false" isSetter="false">
              <Summary numSequencePoints="14" visitedSequencePoints="14" numBranchPoints="0" visitedBranchPoints="0" sequenceCoverage="100.0" branchCoverage="0" maxCyclomaticComplexity="0" minCyclomaticComplexity="0" maxCrapScore="0" minCrapScore="0" visitedClasses="0" numClasses="0" visitedMethods="1" numMethods="1" />
              <MetadataToken>100663304</MetadataToken>
              <Name>System.Void NavMeshSurfaceLinkTests::CreatesPlanesAndLink()</Name>
              <FileRef uid="2" />
              <SequencePoints>
                <SequencePoint vc="6" uspid="28" ordinal="0" offset="0" sl="17" sc="5" el="17" ec="5" bec="0" bev="0" fileid="2" />
                <SequencePoint vc="6" uspid="29" ordinal="0" offset="1" sl="18" sc="9" el="18" ec="9" bec="0" bev="0" fileid="2" />
                <SequencePoint vc="6" uspid="30" ordinal="0" offset="13" sl="19" sc="9" el="19" ec="9" bec="0" bev="0" fileid="2" />
                <SequencePoint vc="6" uspid="31" ordinal="0" offset="25" sl="20" sc="9" el="20" ec="9" bec="0" bev="0" fileid="2" />
                <SequencePoint vc="6" uspid="32" ordinal="0" offset="57" sl="22" sc="9" el="22" ec="9" bec="0" bev="0" fileid="2" />
                <SequencePoint vc="6" uspid="33" ordinal="0" offset="73" sl="23" sc="9" el="23" ec="9" bec="0" bev="0" fileid="2" />
                <SequencePoint vc="6" uspid="34" ordinal="0" offset="85" sl="25" sc="9" el="25" ec="9" bec="0" bev="0" fileid="2" />
                <SequencePoint vc="6" uspid="35" ordinal="0" offset="110" sl="26" sc="9" el="26" ec="9" bec="0" bev="0" fileid="2" />
                <SequencePoint vc="6" uspid="36" ordinal="0" offset="135" sl="28" sc="9" el="28" ec="9" bec="0" bev="0" fileid="2" />
                <SequencePoint vc="6" uspid="37" ordinal="0" offset="151" sl="29" sc="9" el="29" ec="9" bec="0" bev="0" fileid="2" />
                <SequencePoint vc="6" uspid="38" ordinal="0" offset="179" sl="30" sc="9" el="30" ec="9" bec="0" bev="0" fileid="2" />
                <SequencePoint vc="6" uspid="39" ordinal="0" offset="207" sl="32" sc="9" el="32" ec="9" bec="0" bev="0" fileid="2" />
                <SequencePoint vc="6" uspid="40" ordinal="0" offset="232" sl="33" sc="9" el="33" ec="9" bec="0" bev="0" fileid="2" />
                <SequencePoint vc="6" uspid="41" ordinal="0" offset="257" sl="34" sc="5" el="34" ec="5" bec="0" bev="0" fileid="2" />
              </SequencePoints>
              <BranchPoints />
            </Method>
            <Method visited="true" cyclomaticComplexity="0" nPathComplexity="0" sequenceCoverage="100.0" branchCoverage="0" crapScore="0" isConstructor="false" isStatic="false" isGetter="false" isSetter="false">
              <Summary numSequencePoints="6" visitedSequencePoints="6" numBranchPoints="0" visitedBranchPoints="0" sequenceCoverage="100.0" branchCoverage="0" maxCyclomaticComplexity="0" minCyclomaticComplexity="0" maxCrapScore="0" minCrapScore="0" visitedClasses="0" numClasses="0" visitedMethods="1" numMethods="1" />
              <MetadataToken>100663305</MetadataToken>
              <Name>System.Void NavMeshSurfaceLinkTests::DestroyPlanesAndLink()</Name>
              <FileRef uid="2" />
              <SequencePoints>
                <SequencePoint vc="6" uspid="42" ordinal="0" offset="0" sl="38" sc="5" el="38" ec="5" bec="0" bev="0" fileid="2" />
                <SequencePoint vc="6" uspid="43" ordinal="0" offset="1" sl="39" sc="9" el="39" ec="9" bec="0" bev="0" fileid="2" />
                <SequencePoint vc="6" uspid="44" ordinal="0" offset="18" sl="40" sc="9" el="40" ec="9" bec="0" bev="0" fileid="2" />
                <SequencePoint vc="6" uspid="45" ordinal="0" offset="35" sl="41" sc="9" el="41" ec="9" bec="0" bev="0" fileid="2" />
                <SequencePoint vc="6" uspid="46" ordinal="0" offset="47" sl="42" sc="9" el="42" ec="9" bec="0" bev="0" fileid="2" />
                <SequencePoint vc="6" uspid="47" ordinal="0" offset="59" sl="43" sc="5" el="43" ec="5" bec="0" bev="0" fileid="2" />
              </SequencePoints>
              <BranchPoints />
            </Method>
            <Method visited="true" cyclomaticComplexity="0" nPathComplexity="0" sequenceCoverage="100.0" branchCoverage="0" crapScore="0" isConstructor="false" isStatic="false" isGetter="false" isSetter="false">
              <Summary numSequencePoints="3" visitedSequencePoints="3" numBranchPoints="0" visitedBranchPoints="0" sequenceCoverage="100.0" branchCoverage="0" maxCyclomaticComplexity="0" minCyclomaticComplexity="0" maxCrapScore="0" minCrapScore="0" visitedClasses="0" numClasses="0" visitedMethods="1" numMethods="1" />
              <MetadataToken>100663306</MetadataToken>
              <Name>System.Void NavMeshSurfaceLinkTests::NavMeshLinkCanConnectTwoSurfaces()</Name>
              <FileRef uid="2" />
              <SequencePoints>
                <SequencePoint vc="1" uspid="48" ordinal="0" offset="0" sl="47" sc="5" el="47" ec="5" bec="0" bev="0" fileid="2" />
                <SequencePoint vc="1" uspid="49" ordinal="0" offset="1" sl="48" sc="9" el="48" ec="9" bec="0" bev="0" fileid="2" />
                <SequencePoint vc="1" uspid="50" ordinal="0" offset="26" sl="49" sc="5" el="49" ec="5" bec="0" bev="0" fileid="2" />
              </SequencePoints>
              <BranchPoints />
            </Method>
            <Method visited="true" cyclomaticComplexity="0" nPathComplexity="0" sequenceCoverage="100.0" branchCoverage="0" crapScore="0" isConstructor="false" isStatic="false" isGetter="false" isSetter="false">
              <Summary numSequencePoints="5" visitedSequencePoints="5" numBranchPoints="0" visitedBranchPoints="0" sequenceCoverage="100.0" branchCoverage="0" maxCyclomaticComplexity="0" minCyclomaticComplexity="0" maxCrapScore="0" minCrapScore="0" visitedClasses="0" numClasses="0" visitedMethods="1" numMethods="1" />
              <MetadataToken>100663307</MetadataToken>
              <Name>System.Void NavMeshSurfaceLinkTests::DisablingBidirectionalMakesTheLinkOneWay()</Name>
              <FileRef uid="2" />
              <SequencePoints>
                <SequencePoint vc="1" uspid="51" ordinal="0" offset="0" sl="53" sc="5" el="53" ec="5" bec="0" bev="0" fileid="2" />
                <SequencePoint vc="1" uspid="52" ordinal="0" offset="1" sl="54" sc="9" el="54" ec="9" bec="0" bev="0" fileid="2" />
                <SequencePoint vc="1" uspid="53" ordinal="0" offset="14" sl="55" sc="9" el="55" ec="9" bec="0" bev="0" fileid="2" />
                <SequencePoint vc="1" uspid="54" ordinal="0" offset="39" sl="56" sc="9" el="56" ec="9" bec="0" bev="0" fileid="2" />
                <SequencePoint vc="1" uspid="55" ordinal="0" offset="64" sl="57" sc="5" el="57" ec="5" bec="0" bev="0" fileid="2" />
              </SequencePoints>
              <BranchPoints />
            </Method>
            <Method visited="true" cyclomaticComplexity="0" nPathComplexity="0" sequenceCoverage="100.0" branchCoverage="0" crapScore="0" isConstructor="false" isStatic="false" isGetter="false" isSetter="false">
              <Summary numSequencePoints="6" visitedSequencePoints="6" numBranchPoints="0" visitedBranchPoints="0" sequenceCoverage="100.0" branchCoverage="0" maxCyclomaticComplexity="0" minCyclomaticComplexity="0" maxCrapScore="0" minCrapScore="0" visitedClasses="0" numClasses="0" visitedMethods="1" numMethods="1" />
              <MetadataToken>100663308</MetadataToken>
              <Name>System.Void NavMeshSurfaceLinkTests::ChangingAreaTypeCanBlockPath()</Name>
              <FileRef uid="2" />
              <SequencePoints>
                <SequencePoint vc="1" uspid="56" ordinal="0" offset="0" sl="61" sc="5" el="61" ec="5" bec="0" bev="0" fileid="2" />
                <SequencePoint vc="1" uspid="57" ordinal="0" offset="1" sl="62" sc="9" el="62" ec="9" bec="0" bev="0" fileid="2" />
                <SequencePoint vc="1" uspid="58" ordinal="0" offset="4" sl="63" sc="9" el="63" ec="9" bec="0" bev="0" fileid="2" />
                <SequencePoint vc="1" uspid="59" ordinal="0" offset="29" sl="65" sc="9" el="65" ec="9" bec="0" bev="0" fileid="2" />
                <SequencePoint vc="1" uspid="60" ordinal="0" offset="42" sl="66" sc="9" el="66" ec="9" bec="0" bev="0" fileid="2" />
                <SequencePoint vc="1" uspid="61" ordinal="0" offset="67" sl="67" sc="5" el="67" ec="5" bec="0" bev="0" fileid="2" />
              </SequencePoints>
              <BranchPoints />
            </Method>
            <Method visited="true" cyclomaticComplexity="0" nPathComplexity="0" sequenceCoverage="100.0" branchCoverage="0" crapScore="0" isConstructor="false" isStatic="false" isGetter="false" isSetter="false">
              <Summary numSequencePoints="8" visitedSequencePoints="8" numBranchPoints="0" visitedBranchPoints="0" sequenceCoverage="100.0" branchCoverage="0" maxCyclomaticComplexity="0" minCyclomaticComplexity="0" maxCrapScore="0" minCrapScore="0" visitedClasses="0" numClasses="0" visitedMethods="1" numMethods="1" />
              <MetadataToken>100663309</MetadataToken>
              <Name>System.Void NavMeshSurfaceLinkTests::EndpointsMoveRelativeToLinkOnUpdate()</Name>
              <FileRef uid="2" />
              <SequencePoints>
                <SequencePoint vc="1" uspid="62" ordinal="0" offset="0" sl="71" sc="5" el="71" ec="5" bec="0" bev="0" fileid="2" />
                <SequencePoint vc="1" uspid="63" ordinal="0" offset="1" sl="72" sc="9" el="72" ec="9" bec="0" bev="0" fileid="2" />
                <SequencePoint vc="1" uspid="64" ordinal="0" offset="34" sl="73" sc="9" el="73" ec="9" bec="0" bev="0" fileid="2" />
                <SequencePoint vc="1" uspid="65" ordinal="0" offset="85" sl="74" sc="9" el="74" ec="9" bec="0" bev="0" fileid="2" />
                <SequencePoint vc="1" uspid="66" ordinal="0" offset="136" sl="76" sc="9" el="76" ec="9" bec="0" bev="0" fileid="2" />
                <SequencePoint vc="1" uspid="67" ordinal="0" offset="148" sl="78" sc="9" el="78" ec="9" bec="0" bev="0" fileid="2" />
                <SequencePoint vc="1" uspid="68" ordinal="0" offset="199" sl="79" sc="9" el="79" ec="9" bec="0" bev="0" fileid="2" />
                <SequencePoint vc="1" uspid="69" ordinal="0" offset="250" sl="80" sc="5" el="80" ec="5" bec="0" bev="0" fileid="2" />
              </SequencePoints>
              <BranchPoints />
            </Method>
            <Method visited="true" cyclomaticComplexity="0" nPathComplexity="0" sequenceCoverage="100.0" branchCoverage="0" crapScore="0" isConstructor="false" isStatic="false" isGetter="false" isSetter="false">
              <Summary numSequencePoints="16" visitedSequencePoints="16" numBranchPoints="0" visitedBranchPoints="0" sequenceCoverage="100.0" branchCoverage="0" maxCyclomaticComplexity="0" minCyclomaticComplexity="0" maxCrapScore="0" minCrapScore="0" visitedClasses="0" numClasses="0" visitedMethods="1" numMethods="1" />
              <MetadataToken>100663311</MetadataToken>
              <Name>System.Void NavMeshSurfaceLinkTests::ChangingCostModifierAffectsRoute()</Name>
              <FileRef uid="2" />
              <SequencePoints>
                <SequencePoint vc="1" uspid="70" ordinal="0" offset="0" sl="99" sc="5" el="99" ec="5" bec="0" bev="0" fileid="2" />
                <SequencePoint vc="1" uspid="71" ordinal="0" offset="1" sl="100" sc="9" el="100" ec="9" bec="0" bev="0" fileid="2" />
                <SequencePoint vc="1" uspid="72" ordinal="0" offset="8" sl="101" sc="9" el="101" ec="9" bec="0" bev="0" fileid="2" />
                <SequencePoint vc="1" uspid="73" ordinal="0" offset="31" sl="102" sc="9" el="102" ec="9" bec="0" bev="0" fileid="2" />
                <SequencePoint vc="1" uspid="74" ordinal="0" offset="64" sl="104" sc="9" el="104" ec="9" bec="0" bev="0" fileid="2" />
                <SequencePoint vc="1" uspid="75" ordinal="0" offset="81" sl="105" sc="9" el="105" ec="9" bec="0" bev="0" fileid="2" />
                <SequencePoint vc="1" uspid="76" ordinal="0" offset="104" sl="106" sc="9" el="106" ec="9" bec="0" bev="0" fileid="2" />
                <SequencePoint vc="1" uspid="77" ordinal="0" offset="137" sl="108" sc="9" el="108" ec="9" bec="0" bev="0" fileid="2" />
                <SequencePoint vc="1" uspid="78" ordinal="0" offset="145" sl="109" sc="9" el="109" ec="9" bec="0" bev="0" fileid="2" />
                <SequencePoint vc="1" uspid="79" ordinal="0" offset="154" sl="110" sc="9" el="110" ec="9" bec="0" bev="0" fileid="2" />
                <SequencePoint vc="1" uspid="80" ordinal="0" offset="185" sl="111" sc="9" el="111" ec="9" bec="0" bev="0" fileid="2" />
                <SequencePoint vc="1" uspid="81" ordinal="0" offset="216" sl="113" sc="9" el="113" ec="9" bec="0" bev="0" fileid="2" />
                <SequencePoint vc="1" uspid="82" ordinal="0" offset="225" sl="114" sc="9" el="114" ec="9" bec="0" bev="0" fileid="2" />
                <SequencePoint vc="1" uspid="83" ordinal="0" offset="233" sl="115" sc="9" el="115" ec="9" bec="0" bev="0" fileid="2" />
                <SequencePoint vc="1" uspid="84" ordinal="0" offset="264" sl="116" sc="9" el="116" ec="9" bec="0" bev="0" fileid="2" />
                <SequencePoint vc="1" uspid="85" ordinal="0" offset="295" sl="117" sc="5" el="117" ec="5" bec="0" bev="0" fileid="2" />
              </SequencePoints>
              <BranchPoints />
            </Method>
            <Method visited="true" cyclomaticComplexity="0" nPathComplexity="0" sequenceCoverage="100.0" branchCoverage="0" crapScore="0" isConstructor="false" isStatic="true" isGetter="false" isSetter="false">
              <Summary numSequencePoints="8" visitedSequencePoints="8" numBranchPoints="0" visitedBranchPoints="0" sequenceCoverage="100.0" branchCoverage="0" maxCyclomaticComplexity="0" minCyclomaticComplexity="0" maxCrapScore="0" minCrapScore="0" visitedClasses="0" numClasses="0" visitedMethods="1" numMethods="1" />
              <MetadataToken>100663312</MetadataToken>
              <Name>static System.Boolean NavMeshSurfaceLinkTests::HasPathConnecting(UnityEngine.GameObject, UnityEngine.GameObject, System.Int32, System.Int32)</Name>
              <FileRef uid="2" />
              <SequencePoints>
                <SequencePoint vc="29" uspid="86" ordinal="0" offset="0" sl="120" sc="5" el="120" ec="5" bec="0" bev="0" fileid="2" />
                <SequencePoint vc="29" uspid="87" ordinal="0" offset="1" sl="121" sc="9" el="121" ec="9" bec="0" bev="0" fileid="2" />
                <SequencePoint vc="29" uspid="88" ordinal="0" offset="7" sl="122" sc="9" el="122" ec="9" bec="0" bev="0" fileid="2" />
                <SequencePoint vc="29" uspid="89" ordinal="0" offset="15" sl="123" sc="9" el="123" ec="9" bec="0" bev="0" fileid="2" />
                <SequencePoint vc="29" uspid="90" ordinal="0" offset="24" sl="124" sc="9" el="124" ec="9" bec="0" bev="0" fileid="2" />
                <SequencePoint vc="29" uspid="91" ordinal="0" offset="33" sl="125" sc="9" el="125" ec="9" bec="0" bev="0" fileid="2" />
                <SequencePoint vc="29" uspid="92" ordinal="0" offset="63" sl="126" sc="9" el="126" ec="9" bec="0" bev="0" fileid="2" />
                <SequencePoint vc="29" uspid="93" ordinal="0" offset="75" sl="127" sc="5" el="127" ec="5" bec="0" bev="0" fileid="2" />
              </SequencePoints>
              <BranchPoints />
            </Method>
            <Method visited="true" cyclomaticComplexity="0" nPathComplexity="0" sequenceCoverage="93.33" branchCoverage="0" crapScore="0" isConstructor="false" isStatic="true" isGetter="false" isSetter="false">
              <Summary numSequencePoints="15" visitedSequencePoints="14" numBranchPoints="0" visitedBranchPoints="0" sequenceCoverage="93.33" branchCoverage="0" maxCyclomaticComplexity="0" minCyclomaticComplexity="0" maxCrapScore="0" minCrapScore="0" visitedClasses="0" numClasses="0" visitedMethods="1" numMethods="1" />
              <MetadataToken>100663313</MetadataToken>
              <Name>static System.Boolean NavMeshSurfaceLinkTests::HasPathConnectingViaPoint(UnityEngine.GameObject, UnityEngine.GameObject, UnityEngine.Vector3, System.Int32, System.Int32)</Name>
              <FileRef uid="2" />
              <SequencePoints>
                <SequencePoint vc="12" uspid="94" ordinal="0" offset="0" sl="130" sc="5" el="130" ec="5" bec="0" bev="0" fileid="2" />
                <SequencePoint vc="12" uspid="95" ordinal="0" offset="1" sl="131" sc="9" el="131" ec="9" bec="0" bev="0" fileid="2" />
                <SequencePoint vc="12" uspid="96" ordinal="0" offset="7" sl="132" sc="9" el="132" ec="9" bec="0" bev="0" fileid="2" />
                <SequencePoint vc="12" uspid="97" ordinal="0" offset="15" sl="133" sc="9" el="133" ec="9" bec="0" bev="0" fileid="2" />
                <SequencePoint vc="12" uspid="98" ordinal="0" offset="24" sl="134" sc="9" el="134" ec="9" bec="0" bev="0" fileid="2" />
                <SequencePoint vc="12" uspid="99" ordinal="0" offset="34" sl="135" sc="9" el="135" ec="9" bec="0" bev="0" fileid="2" />
                <SequencePoint vc="12" uspid="100" ordinal="0" offset="64" sl="136" sc="9" el="136" ec="9" bec="0" bev="0" fileid="2" />
                <SequencePoint vc="0" uspid="101" ordinal="0" offset="77" sl="137" sc="13" el="137" ec="13" bec="0" bev="0" fileid="2" />
                <SequencePoint vc="12" uspid="102" ordinal="0" offset="81" sl="139" sc="14" el="139" ec="14" bec="0" bev="0" fileid="2" />
                <SequencePoint vc="36" uspid="103" ordinal="0" offset="86" sl="140" sc="13" el="140" ec="13" bec="0" bev="0" fileid="2" />
                <SequencePoint vc="6" uspid="104" ordinal="0" offset="118" sl="141" sc="17" el="141" ec="17" bec="0" bev="0" fileid="2" />
                <SequencePoint vc="30" uspid="105" ordinal="0" offset="122" sl="139" sc="50" el="139" ec="50" bec="0" bev="0" fileid="2" />
                <SequencePoint vc="42" uspid="106" ordinal="0" offset="128" sl="139" sc="25" el="139" ec="25" bec="0" bev="0" fileid="2" />
                <SequencePoint vc="6" uspid="107" ordinal="0" offset="146" sl="142" sc="9" el="142" ec="9" bec="0" bev="0" fileid="2" />
                <SequencePoint vc="12" uspid="108" ordinal="0" offset="150" sl="143" sc="5" el="143" ec="5" bec="0" bev="0" fileid="2" />
              </SequencePoints>
              <BranchPoints />
            </Method>
          </Methods>
        </Class>
        <Class>
          <Summary numSequencePoints="58" visitedSequencePoints="58" numBranchPoints="0" visitedBranchPoints="0" sequenceCoverage="100.0" branchCoverage="0.0" maxCyclomaticComplexity="0" minCyclomaticComplexity="0" maxCrapScore="0" minCrapScore="0" visitedClasses="1" numClasses="1" visitedMethods="8" numMethods="8" />
          <FullName>NavMeshSurfaceModifierTests</FullName>
          <Methods>
            <Method visited="true" cyclomaticComplexity="0" nPathComplexity="0" sequenceCoverage="100.0" branchCoverage="0" crapScore="0" isConstructor="false" isStatic="false" isGetter="false" isSetter="false">
              <Summary numSequencePoints="5" visitedSequencePoints="5" numBranchPoints="0" visitedBranchPoints="0" sequenceCoverage="100.0" branchCoverage="0" maxCyclomaticComplexity="0" minCyclomaticComplexity="0" maxCrapScore="0" minCrapScore="0" visitedClasses="0" numClasses="0" visitedMethods="1" numMethods="1" />
              <MetadataToken>100663315</MetadataToken>
              <Name>System.Void NavMeshSurfaceModifierTests::CreatePlaneWithModifier()</Name>
              <FileRef uid="3" />
              <SequencePoints>
                <SequencePoint vc="6" uspid="109" ordinal="0" offset="0" sl="16" sc="5" el="16" ec="5" bec="0" bev="0" fileid="3" />
                <SequencePoint vc="6" uspid="110" ordinal="0" offset="1" sl="17" sc="9" el="17" ec="9" bec="0" bev="0" fileid="3" />
                <SequencePoint vc="6" uspid="111" ordinal="0" offset="8" sl="18" sc="9" el="18" ec="9" bec="0" bev="0" fileid="3" />
                <SequencePoint vc="6" uspid="112" ordinal="0" offset="20" sl="19" sc="9" el="19" ec="9" bec="0" bev="0" fileid="3" />
                <SequencePoint vc="6" uspid="113" ordinal="0" offset="32" sl="20" sc="5" el="20" ec="5" bec="0" bev="0" fileid="3" />
              </SequencePoints>
              <BranchPoints />
            </Method>
            <Method visited="true" cyclomaticComplexity="0" nPathComplexity="0" sequenceCoverage="100.0" branchCoverage="0" crapScore="0" isConstructor="false" isStatic="false" isGetter="false" isSetter="false">
              <Summary numSequencePoints="3" visitedSequencePoints="3" numBranchPoints="0" visitedBranchPoints="0" sequenceCoverage="100.0" branchCoverage="0" maxCyclomaticComplexity="0" minCyclomaticComplexity="0" maxCrapScore="0" minCrapScore="0" visitedClasses="0" numClasses="0" visitedMethods="1" numMethods="1" />
              <MetadataToken>100663316</MetadataToken>
              <Name>System.Void NavMeshSurfaceModifierTests::DestroyPlaneWithModifier()</Name>
              <FileRef uid="3" />
              <SequencePoints>
                <SequencePoint vc="6" uspid="114" ordinal="0" offset="0" sl="24" sc="5" el="24" ec="5" bec="0" bev="0" fileid="3" />
                <SequencePoint vc="6" uspid="115" ordinal="0" offset="1" sl="25" sc="9" el="25" ec="9" bec="0" bev="0" fileid="3" />
                <SequencePoint vc="6" uspid="116" ordinal="0" offset="18" sl="26" sc="5" el="26" ec="5" bec="0" bev="0" fileid="3" />
              </SequencePoints>
              <BranchPoints />
            </Method>
            <Method visited="true" cyclomaticComplexity="0" nPathComplexity="0" sequenceCoverage="100.0" branchCoverage="0" crapScore="0" isConstructor="false" isStatic="false" isGetter="false" isSetter="false">
              <Summary numSequencePoints="5" visitedSequencePoints="5" numBranchPoints="0" visitedBranchPoints="0" sequenceCoverage="100.0" branchCoverage="0" maxCyclomaticComplexity="0" minCyclomaticComplexity="0" maxCrapScore="0" minCrapScore="0" visitedClasses="0" numClasses="0" visitedMethods="1" numMethods="1" />
              <MetadataToken>100663317</MetadataToken>
              <Name>System.Void NavMeshSurfaceModifierTests::ModifierIgnoreAffectsSelf()</Name>
              <FileRef uid="3" />
              <SequencePoints>
                <SequencePoint vc="1" uspid="117" ordinal="0" offset="0" sl="30" sc="5" el="30" ec="5" bec="0" bev="0" fileid="3" />
                <SequencePoint vc="1" uspid="118" ordinal="0" offset="1" sl="31" sc="9" el="31" ec="9" bec="0" bev="0" fileid="3" />
                <SequencePoint vc="1" uspid="119" ordinal="0" offset="14" sl="33" sc="9" el="33" ec="9" bec="0" bev="0" fileid="3" />
                <SequencePoint vc="1" uspid="120" ordinal="0" offset="26" sl="35" sc="9" el="35" ec="9" bec="0" bev="0" fileid="3" />
                <SequencePoint vc="1" uspid="121" ordinal="0" offset="39" sl="36" sc="5" el="36" ec="5" bec="0" bev="0" fileid="3" />
              </SequencePoints>
              <BranchPoints />
            </Method>
            <Method visited="true" cyclomaticComplexity="0" nPathComplexity="0" sequenceCoverage="100.0" branchCoverage="0" crapScore="0" isConstructor="false" isStatic="false" isGetter="false" isSetter="false">
              <Summary numSequencePoints="9" visitedSequencePoints="9" numBranchPoints="0" visitedBranchPoints="0" sequenceCoverage="100.0" branchCoverage="0" maxCyclomaticComplexity="0" minCyclomaticComplexity="0" maxCrapScore="0" minCrapScore="0" visitedClasses="0" numClasses="0" visitedMethods="1" numMethods="1" />
              <MetadataToken>100663318</MetadataToken>
              <Name>System.Void NavMeshSurfaceModifierTests::ModifierIgnoreAffectsChild()</Name>
              <FileRef uid="3" />
              <SequencePoints>
                <SequencePoint vc="1" uspid="122" ordinal="0" offset="0" sl="40" sc="5" el="40" ec="5" bec="0" bev="0" fileid="3" />
                <SequencePoint vc="1" uspid="123" ordinal="0" offset="1" sl="41" sc="9" el="41" ec="9" bec="0" bev="0" fileid="3" />
                <SequencePoint vc="1" uspid="124" ordinal="0" offset="14" sl="42" sc="9" el="42" ec="9" bec="0" bev="0" fileid="3" />
                <SequencePoint vc="1" uspid="125" ordinal="0" offset="32" sl="44" sc="9" el="44" ec="9" bec="0" bev="0" fileid="3" />
                <SequencePoint vc="1" uspid="126" ordinal="0" offset="39" sl="45" sc="9" el="45" ec="9" bec="0" bev="0" fileid="3" />
                <SequencePoint vc="1" uspid="127" ordinal="0" offset="62" sl="47" sc="9" el="47" ec="9" bec="0" bev="0" fileid="3" />
                <SequencePoint vc="1" uspid="128" ordinal="0" offset="74" sl="49" sc="9" el="49" ec="9" bec="0" bev="0" fileid="3" />
                <SequencePoint vc="1" uspid="129" ordinal="0" offset="87" sl="50" sc="9" el="50" ec="9" bec="0" bev="0" fileid="3" />
                <SequencePoint vc="1" uspid="130" ordinal="0" offset="94" sl="51" sc="5" el="51" ec="5" bec="0" bev="0" fileid="3" />
              </SequencePoints>
              <BranchPoints />
            </Method>
            <Method visited="true" cyclomaticComplexity="0" nPathComplexity="0" sequenceCoverage="100.0" branchCoverage="0" crapScore="0" isConstructor="false" isStatic="false" isGetter="false" isSetter="false">
              <Summary numSequencePoints="8" visitedSequencePoints="8" numBranchPoints="0" visitedBranchPoints="0" sequenceCoverage="100.0" branchCoverage="0" maxCyclomaticComplexity="0" minCyclomaticComplexity="0" maxCrapScore="0" minCrapScore="0" visitedClasses="0" numClasses="0" visitedMethods="1" numMethods="1" />
              <MetadataToken>100663319</MetadataToken>
              <Name>System.Void NavMeshSurfaceModifierTests::ModifierIgnoreDoesNotAffectSibling()</Name>
              <FileRef uid="3" />
              <SequencePoints>
                <SequencePoint vc="1" uspid="131" ordinal="0" offset="0" sl="55" sc="5" el="55" ec="5" bec="0" bev="0" fileid="3" />
                <SequencePoint vc="1" uspid="132" ordinal="0" offset="1" sl="56" sc="9" el="56" ec="9" bec="0" bev="0" fileid="3" />
                <SequencePoint vc="1" uspid="133" ordinal="0" offset="14" sl="57" sc="9" el="57" ec="9" bec="0" bev="0" fileid="3" />
                <SequencePoint vc="1" uspid="134" ordinal="0" offset="32" sl="59" sc="9" el="59" ec="9" bec="0" bev="0" fileid="3" />
                <SequencePoint vc="1" uspid="135" ordinal="0" offset="39" sl="61" sc="9" el="61" ec="9" bec="0" bev="0" fileid="3" />
                <SequencePoint vc="1" uspid="136" ordinal="0" offset="51" sl="63" sc="9" el="63" ec="9" bec="0" bev="0" fileid="3" />
                <SequencePoint vc="1" uspid="137" ordinal="0" offset="64" sl="64" sc="9" el="64" ec="9" bec="0" bev="0" fileid="3" />
                <SequencePoint vc="1" uspid="138" ordinal="0" offset="71" sl="65" sc="5" el="65" ec="5" bec="0" bev="0" fileid="3" />
              </SequencePoints>
              <BranchPoints />
            </Method>
            <Method visited="true" cyclomaticComplexity="0" nPathComplexity="0" sequenceCoverage="100.0" branchCoverage="0" crapScore="0" isConstructor="false" isStatic="false" isGetter="false" isSetter="false">
              <Summary numSequencePoints="7" visitedSequencePoints="7" numBranchPoints="0" visitedBranchPoints="0" sequenceCoverage="100.0" branchCoverage="0" maxCyclomaticComplexity="0" minCyclomaticComplexity="0" maxCrapScore="0" minCrapScore="0" visitedClasses="0" numClasses="0" visitedMethods="1" numMethods="1" />
              <MetadataToken>100663320</MetadataToken>
              <Name>System.Void NavMeshSurfaceModifierTests::ModifierOverrideAreaAffectsSelf()</Name>
              <FileRef uid="3" />
              <SequencePoints>
                <SequencePoint vc="1" uspid="139" ordinal="0" offset="0" sl="69" sc="5" el="69" ec="5" bec="0" bev="0" fileid="3" />
                <SequencePoint vc="1" uspid="140" ordinal="0" offset="1" sl="70" sc="9" el="70" ec="9" bec="0" bev="0" fileid="3" />
                <SequencePoint vc="1" uspid="141" ordinal="0" offset="14" sl="71" sc="9" el="71" ec="9" bec="0" bev="0" fileid="3" />
                <SequencePoint vc="1" uspid="142" ordinal="0" offset="27" sl="73" sc="9" el="73" ec="9" bec="0" bev="0" fileid="3" />
                <SequencePoint vc="1" uspid="143" ordinal="0" offset="39" sl="75" sc="9" el="75" ec="9" bec="0" bev="0" fileid="3" />
                <SequencePoint vc="1" uspid="144" ordinal="0" offset="42" sl="76" sc="9" el="76" ec="9" bec="0" bev="0" fileid="3" />
                <SequencePoint vc="1" uspid="145" ordinal="0" offset="55" sl="77" sc="5" el="77" ec="5" bec="0" bev="0" fileid="3" />
              </SequencePoints>
              <BranchPoints />
            </Method>
            <Method visited="true" cyclomaticComplexity="0" nPathComplexity="0" sequenceCoverage="100.0" branchCoverage="0" crapScore="0" isConstructor="false" isStatic="false" isGetter="false" isSetter="false">
              <Summary numSequencePoints="11" visitedSequencePoints="11" numBranchPoints="0" visitedBranchPoints="0" sequenceCoverage="100.0" branchCoverage="0" maxCyclomaticComplexity="0" minCyclomaticComplexity="0" maxCrapScore="0" minCrapScore="0" visitedClasses="0" numClasses="0" visitedMethods="1" numMethods="1" />
              <MetadataToken>100663321</MetadataToken>
              <Name>System.Void NavMeshSurfaceModifierTests::ModifierOverrideAreaAffectsChild()</Name>
              <FileRef uid="3" />
              <SequencePoints>
                <SequencePoint vc="1" uspid="146" ordinal="0" offset="0" sl="81" sc="5" el="81" ec="5" bec="0" bev="0" fileid="3" />
                <SequencePoint vc="1" uspid="147" ordinal="0" offset="1" sl="82" sc="9" el="82" ec="9" bec="0" bev="0" fileid="3" />
                <SequencePoint vc="1" uspid="148" ordinal="0" offset="14" sl="83" sc="9" el="83" ec="9" bec="0" bev="0" fileid="3" />
                <SequencePoint vc="1" uspid="149" ordinal="0" offset="27" sl="84" sc="9" el="84" ec="9" bec="0" bev="0" fileid="3" />
                <SequencePoint vc="1" uspid="150" ordinal="0" offset="45" sl="86" sc="9" el="86" ec="9" bec="0" bev="0" fileid="3" />
                <SequencePoint vc="1" uspid="151" ordinal="0" offset="52" sl="87" sc="9" el="87" ec="9" bec="0" bev="0" fileid="3" />
                <SequencePoint vc="1" uspid="152" ordinal="0" offset="75" sl="89" sc="9" el="89" ec="9" bec="0" bev="0" fileid="3" />
                <SequencePoint vc="1" uspid="153" ordinal="0" offset="87" sl="91" sc="9" el="91" ec="9" bec="0" bev="0" fileid="3" />
                <SequencePoint vc="1" uspid="154" ordinal="0" offset="90" sl="92" sc="9" el="92" ec="9" bec="0" bev="0" fileid="3" />
                <SequencePoint vc="1" uspid="155" ordinal="0" offset="103" sl="93" sc="9" el="93" ec="9" bec="0" bev="0" fileid="3" />
                <SequencePoint vc="1" uspid="156" ordinal="0" offset="110" sl="94" sc="5" el="94" ec="5" bec="0" bev="0" fileid="3" />
              </SequencePoints>
              <BranchPoints />
            </Method>
            <Method visited="true" cyclomaticComplexity="0" nPathComplexity="0" sequenceCoverage="100.0" branchCoverage="0" crapScore="0" isConstructor="false" isStatic="false" isGetter="false" isSetter="false">
              <Summary numSequencePoints="10" visitedSequencePoints="10" numBranchPoints="0" visitedBranchPoints="0" sequenceCoverage="100.0" branchCoverage="0" maxCyclomaticComplexity="0" minCyclomaticComplexity="0" maxCrapScore="0" minCrapScore="0" visitedClasses="0" numClasses="0" visitedMethods="1" numMethods="1" />
              <MetadataToken>100663322</MetadataToken>
              <Name>System.Void NavMeshSurfaceModifierTests::ModifierOverrideAreaDoesNotAffectSibling()</Name>
              <FileRef uid="3" />
              <SequencePoints>
                <SequencePoint vc="1" uspid="157" ordinal="0" offset="0" sl="98" sc="5" el="98" ec="5" bec="0" bev="0" fileid="3" />
                <SequencePoint vc="1" uspid="158" ordinal="0" offset="1" sl="99" sc="9" el="99" ec="9" bec="0" bev="0" fileid="3" />
                <SequencePoint vc="1" uspid="159" ordinal="0" offset="14" sl="100" sc="9" el="100" ec="9" bec="0" bev="0" fileid="3" />
                <SequencePoint vc="1" uspid="160" ordinal="0" offset="27" sl="101" sc="9" el="101" ec="9" bec="0" bev="0" fileid="3" />
                <SequencePoint vc="1" uspid="161" ordinal="0" offset="45" sl="103" sc="9" el="103" ec="9" bec="0" bev="0" fileid="3" />
                <SequencePoint vc="1" uspid="162" ordinal="0" offset="52" sl="105" sc="9" el="105" ec="9" bec="0" bev="0" fileid="3" />
                <SequencePoint vc="1" uspid="163" ordinal="0" offset="64" sl="107" sc="9" el="107" ec="9" bec="0" bev="0" fileid="3" />
                <SequencePoint vc="1" uspid="164" ordinal="0" offset="66" sl="108" sc="9" el="108" ec="9" bec="0" bev="0" fileid="3" />
                <SequencePoint vc="1" uspid="165" ordinal="0" offset="79" sl="109" sc="9" el="109" ec="9" bec="0" bev="0" fileid="3" />
                <SequencePoint vc="1" uspid="166" ordinal="0" offset="86" sl="110" sc="5" el="110" ec="5" bec="0" bev="0" fileid="3" />
              </SequencePoints>
              <BranchPoints />
            </Method>
          </Methods>
        </Class>
        <Class>
          <Summary numSequencePoints="35" visitedSequencePoints="35" numBranchPoints="0" visitedBranchPoints="0" sequenceCoverage="100.0" branchCoverage="0.0" maxCyclomaticComplexity="0" minCyclomaticComplexity="0" maxCrapScore="0" minCrapScore="0" visitedClasses="1" numClasses="1" visitedMethods="5" numMethods="5" />
          <FullName>NavMeshSurfaceModifierVolumeTests</FullName>
          <Methods>
            <Method visited="true" cyclomaticComplexity="0" nPathComplexity="0" sequenceCoverage="100.0" branchCoverage="0" crapScore="0" isConstructor="false" isStatic="false" isGetter="false" isSetter="false">
              <Summary numSequencePoints="5" visitedSequencePoints="5" numBranchPoints="0" visitedBranchPoints="0" sequenceCoverage="100.0" branchCoverage="0" maxCyclomaticComplexity="0" minCyclomaticComplexity="0" maxCrapScore="0" minCrapScore="0" visitedClasses="0" numClasses="0" visitedMethods="1" numMethods="1" />
              <MetadataToken>100663324</MetadataToken>
              <Name>System.Void NavMeshSurfaceModifierVolumeTests::CreatePlaneAndModifierVolume()</Name>
              <FileRef uid="4" />
              <SequencePoints>
                <SequencePoint vc="3" uspid="167" ordinal="0" offset="0" sl="16" sc="5" el="16" ec="5" bec="0" bev="0" fileid="4" />
                <SequencePoint vc="3" uspid="168" ordinal="0" offset="1" sl="17" sc="9" el="17" ec="9" bec="0" bev="0" fileid="4" />
                <SequencePoint vc="3" uspid="169" ordinal="0" offset="8" sl="18" sc="9" el="18" ec="9" bec="0" bev="0" fileid="4" />
                <SequencePoint vc="3" uspid="170" ordinal="0" offset="20" sl="20" sc="9" el="20" ec="9" bec="0" bev="0" fileid="4" />
                <SequencePoint vc="3" uspid="171" ordinal="0" offset="36" sl="21" sc="5" el="21" ec="5" bec="0" bev="0" fileid="4" />
              </SequencePoints>
              <BranchPoints />
            </Method>
            <Method visited="true" cyclomaticComplexity="0" nPathComplexity="0" sequenceCoverage="100.0" branchCoverage="0" crapScore="0" isConstructor="false" isStatic="false" isGetter="false" isSetter="false">
              <Summary numSequencePoints="4" visitedSequencePoints="4" numBranchPoints="0" visitedBranchPoints="0" sequenceCoverage="100.0" branchCoverage="0" maxCyclomaticComplexity="0" minCyclomaticComplexity="0" maxCrapScore="0" minCrapScore="0" visitedClasses="0" numClasses="0" visitedMethods="1" numMethods="1" />
              <MetadataToken>100663325</MetadataToken>
              <Name>System.Void NavMeshSurfaceModifierVolumeTests::DestroyPlaneAndModifierVolume()</Name>
              <FileRef uid="4" />
              <SequencePoints>
                <SequencePoint vc="3" uspid="172" ordinal="0" offset="0" sl="25" sc="5" el="25" ec="5" bec="0" bev="0" fileid="4" />
                <SequencePoint vc="3" uspid="173" ordinal="0" offset="1" sl="26" sc="9" el="26" ec="9" bec="0" bev="0" fileid="4" />
                <SequencePoint vc="3" uspid="174" ordinal="0" offset="18" sl="27" sc="9" el="27" ec="9" bec="0" bev="0" fileid="4" />
                <SequencePoint vc="3" uspid="175" ordinal="0" offset="35" sl="28" sc="5" el="28" ec="5" bec="0" bev="0" fileid="4" />
              </SequencePoints>
              <BranchPoints />
            </Method>
            <Method visited="true" cyclomaticComplexity="0" nPathComplexity="0" sequenceCoverage="100.0" branchCoverage="0" crapScore="0" isConstructor="false" isStatic="false" isGetter="false" isSetter="false">
              <Summary numSequencePoints="8" visitedSequencePoints="8" numBranchPoints="0" visitedBranchPoints="0" sequenceCoverage="100.0" branchCoverage="0" maxCyclomaticComplexity="0" minCyclomaticComplexity="0" maxCrapScore="0" minCrapScore="0" visitedClasses="0" numClasses="0" visitedMethods="1" numMethods="1" />
              <MetadataToken>100663326</MetadataToken>
              <Name>System.Void NavMeshSurfaceModifierVolumeTests::AreaAffectsNavMeshOverlapping()</Name>
              <FileRef uid="4" />
              <SequencePoints>
                <SequencePoint vc="1" uspid="176" ordinal="0" offset="0" sl="32" sc="5" el="32" ec="5" bec="0" bev="0" fileid="4" />
                <SequencePoint vc="1" uspid="177" ordinal="0" offset="1" sl="33" sc="9" el="33" ec="9" bec="0" bev="0" fileid="4" />
                <SequencePoint vc="1" uspid="178" ordinal="0" offset="18" sl="34" sc="9" el="34" ec="9" bec="0" bev="0" fileid="4" />
                <SequencePoint vc="1" uspid="179" ordinal="0" offset="35" sl="35" sc="9" el="35" ec="9" bec="0" bev="0" fileid="4" />
                <SequencePoint vc="1" uspid="180" ordinal="0" offset="48" sl="37" sc="9" el="37" ec="9" bec="0" bev="0" fileid="4" />
                <SequencePoint vc="1" uspid="181" ordinal="0" offset="60" sl="39" sc="9" el="39" ec="9" bec="0" bev="0" fileid="4" />
                <SequencePoint vc="1" uspid="182" ordinal="0" offset="63" sl="40" sc="9" el="40" ec="9" bec="0" bev="0" fileid="4" />
                <SequencePoint vc="1" uspid="183" ordinal="0" offset="76" sl="41" sc="5" el="41" ec="5" bec="0" bev="0" fileid="4" />
              </SequencePoints>
              <BranchPoints />
            </Method>
            <Method visited="true" cyclomaticComplexity="0" nPathComplexity="0" sequenceCoverage="100.0" branchCoverage="0" crapScore="0" isConstructor="false" isStatic="false" isGetter="false" isSetter="false">
              <Summary numSequencePoints="8" visitedSequencePoints="8" numBranchPoints="0" visitedBranchPoints="0" sequenceCoverage="100.0" branchCoverage="0" maxCyclomaticComplexity="0" minCyclomaticComplexity="0" maxCrapScore="0" minCrapScore="0" visitedClasses="0" numClasses="0" visitedMethods="1" numMethods="1" />
              <MetadataToken>100663327</MetadataToken>
              <Name>System.Void NavMeshSurfaceModifierVolumeTests::AreaDoesNotAffectsNavMeshWhenNotOverlapping()</Name>
              <FileRef uid="4" />
              <SequencePoints>
                <SequencePoint vc="1" uspid="184" ordinal="0" offset="0" sl="45" sc="5" el="45" ec="5" bec="0" bev="0" fileid="4" />
                <SequencePoint vc="1" uspid="185" ordinal="0" offset="1" sl="46" sc="9" el="46" ec="9" bec="0" bev="0" fileid="4" />
                <SequencePoint vc="1" uspid="186" ordinal="0" offset="28" sl="47" sc="9" el="47" ec="9" bec="0" bev="0" fileid="4" />
                <SequencePoint vc="1" uspid="187" ordinal="0" offset="45" sl="48" sc="9" el="48" ec="9" bec="0" bev="0" fileid="4" />
                <SequencePoint vc="1" uspid="188" ordinal="0" offset="58" sl="50" sc="9" el="50" ec="9" bec="0" bev="0" fileid="4" />
                <SequencePoint vc="1" uspid="189" ordinal="0" offset="70" sl="52" sc="9" el="52" ec="9" bec="0" bev="0" fileid="4" />
                <SequencePoint vc="1" uspid="190" ordinal="0" offset="72" sl="53" sc="9" el="53" ec="9" bec="0" bev="0" fileid="4" />
                <SequencePoint vc="1" uspid="191" ordinal="0" offset="85" sl="54" sc="5" el="54" ec="5" bec="0" bev="0" fileid="4" />
              </SequencePoints>
              <BranchPoints />
            </Method>
            <Method visited="true" cyclomaticComplexity="0" nPathComplexity="0" sequenceCoverage="100.0" branchCoverage="0" crapScore="0" isConstructor="false" isStatic="false" isGetter="false" isSetter="false">
              <Summary numSequencePoints="10" visitedSequencePoints="10" numBranchPoints="0" visitedBranchPoints="0" sequenceCoverage="100.0" branchCoverage="0" maxCyclomaticComplexity="0" minCyclomaticComplexity="0" maxCrapScore="0" minCrapScore="0" visitedClasses="0" numClasses="0" visitedMethods="1" numMethods="1" />
              <MetadataToken>100663328</MetadataToken>
              <Name>System.Void NavMeshSurfaceModifierVolumeTests::BuildUsesOnlyIncludedModifierVolume()</Name>
              <FileRef uid="4" />
              <SequencePoints>
                <SequencePoint vc="1" uspid="192" ordinal="0" offset="0" sl="58" sc="5" el="58" ec="5" bec="0" bev="0" fileid="4" />
                <SequencePoint vc="1" uspid="193" ordinal="0" offset="1" sl="59" sc="9" el="59" ec="9" bec="0" bev="0" fileid="4" />
                <SequencePoint vc="1" uspid="194" ordinal="0" offset="18" sl="60" sc="9" el="60" ec="9" bec="0" bev="0" fileid="4" />
                <SequencePoint vc="1" uspid="195" ordinal="0" offset="35" sl="61" sc="9" el="61" ec="9" bec="0" bev="0" fileid="4" />
                <SequencePoint vc="1" uspid="196" ordinal="0" offset="48" sl="62" sc="9" el="62" ec="9" bec="0" bev="0" fileid="4" />
                <SequencePoint vc="1" uspid="197" ordinal="0" offset="66" sl="64" sc="9" el="64" ec="9" bec="0" bev="0" fileid="4" />
                <SequencePoint vc="1" uspid="198" ordinal="0" offset="88" sl="65" sc="9" el="65" ec="9" bec="0" bev="0" fileid="4" />
                <SequencePoint vc="1" uspid="199" ordinal="0" offset="100" sl="67" sc="9" el="67" ec="9" bec="0" bev="0" fileid="4" />
                <SequencePoint vc="1" uspid="200" ordinal="0" offset="102" sl="68" sc="9" el="68" ec="9" bec="0" bev="0" fileid="4" />
                <SequencePoint vc="1" uspid="201" ordinal="0" offset="115" sl="69" sc="5" el="69" ec="5" bec="0" bev="0" fileid="4" />
              </SequencePoints>
              <BranchPoints />
            </Method>
          </Methods>
        </Class>
        <Class>
          <Summary numSequencePoints="98" visitedSequencePoints="98" numBranchPoints="0" visitedBranchPoints="0" sequenceCoverage="100.0" branchCoverage="0.0" maxCyclomaticComplexity="0" minCyclomaticComplexity="0" maxCrapScore="0" minCrapScore="0" visitedClasses="1" numClasses="1" visitedMethods="15" numMethods="15" />
          <FullName>NavMeshSurfaceTests</FullName>
          <Methods>
            <Method visited="true" cyclomaticComplexity="0" nPathComplexity="0" sequenceCoverage="100.0" branchCoverage="0" crapScore="0" isConstructor="false" isStatic="false" isGetter="false" isSetter="false">
              <Summary numSequencePoints="5" visitedSequencePoints="5" numBranchPoints="0" visitedBranchPoints="0" sequenceCoverage="100.0" branchCoverage="0" maxCyclomaticComplexity="0" minCyclomaticComplexity="0" maxCrapScore="0" minCrapScore="0" visitedClasses="0" numClasses="0" visitedMethods="1" numMethods="1" />
              <MetadataToken>100663330</MetadataToken>
              <Name>System.Void NavMeshSurfaceTests::CreatePlaneWithSurface()</Name>
              <FileRef uid="5" />
              <SequencePoints>
                <SequencePoint vc="14" uspid="202" ordinal="0" offset="0" sl="16" sc="5" el="16" ec="5" bec="0" bev="0" fileid="5" />
                <SequencePoint vc="14" uspid="203" ordinal="0" offset="1" sl="17" sc="9" el="17" ec="9" bec="0" bev="0" fileid="5" />
                <SequencePoint vc="14" uspid="204" ordinal="0" offset="13" sl="18" sc="9" el="18" ec="9" bec="0" bev="0" fileid="5" />
                <SequencePoint vc="14" uspid="205" ordinal="0" offset="29" sl="19" sc="9" el="19" ec="9" bec="0" bev="0" fileid="5" />
                <SequencePoint vc="14" uspid="206" ordinal="0" offset="42" sl="20" sc="5" el="20" ec="5" bec="0" bev="0" fileid="5" />
              </SequencePoints>
              <BranchPoints />
            </Method>
            <Method visited="true" cyclomaticComplexity="0" nPathComplexity="0" sequenceCoverage="100.0" branchCoverage="0" crapScore="0" isConstructor="false" isStatic="false" isGetter="false" isSetter="false">
              <Summary numSequencePoints="5" visitedSequencePoints="5" numBranchPoints="0" visitedBranchPoints="0" sequenceCoverage="100.0" branchCoverage="0" maxCyclomaticComplexity="0" minCyclomaticComplexity="0" maxCrapScore="0" minCrapScore="0" visitedClasses="0" numClasses="0" visitedMethods="1" numMethods="1" />
              <MetadataToken>100663331</MetadataToken>
              <Name>System.Void NavMeshSurfaceTests::DestroyPlaneWithSurface()</Name>
              <FileRef uid="5" />
              <SequencePoints>
                <SequencePoint vc="14" uspid="207" ordinal="0" offset="0" sl="24" sc="5" el="24" ec="5" bec="0" bev="0" fileid="5" />
                <SequencePoint vc="14" uspid="208" ordinal="0" offset="1" sl="25" sc="9" el="25" ec="9" bec="0" bev="0" fileid="5" />
                <SequencePoint vc="14" uspid="209" ordinal="0" offset="13" sl="26" sc="9" el="26" ec="9" bec="0" bev="0" fileid="5" />
                <SequencePoint vc="14" uspid="210" ordinal="0" offset="30" sl="27" sc="9" el="27" ec="9" bec="0" bev="0" fileid="5" />
                <SequencePoint vc="14" uspid="211" ordinal="0" offset="43" sl="28" sc="5" el="28" ec="5" bec="0" bev="0" fileid="5" />
              </SequencePoints>
              <BranchPoints />
            </Method>
            <Method visited="true" cyclomaticComplexity="0" nPathComplexity="0" sequenceCoverage="100.0" branchCoverage="0" crapScore="0" isConstructor="false" isStatic="false" isGetter="false" isSetter="false">
              <Summary numSequencePoints="4" visitedSequencePoints="4" numBranchPoints="0" visitedBranchPoints="0" sequenceCoverage="100.0" branchCoverage="0" maxCyclomaticComplexity="0" minCyclomaticComplexity="0" maxCrapScore="0" minCrapScore="0" visitedClasses="0" numClasses="0" visitedMethods="1" numMethods="1" />
              <MetadataToken>100663332</MetadataToken>
              <Name>System.Void NavMeshSurfaceTests::NavMeshIsAvailableAfterBuild()</Name>
              <FileRef uid="5" />
              <SequencePoints>
                <SequencePoint vc="1" uspid="212" ordinal="0" offset="0" sl="32" sc="5" el="32" ec="5" bec="0" bev="0" fileid="5" />
                <SequencePoint vc="1" uspid="213" ordinal="0" offset="1" sl="33" sc="9" el="33" ec="9" bec="0" bev="0" fileid="5" />
                <SequencePoint vc="1" uspid="214" ordinal="0" offset="13" sl="34" sc="9" el="34" ec="9" bec="0" bev="0" fileid="5" />
                <SequencePoint vc="1" uspid="215" ordinal="0" offset="26" sl="35" sc="5" el="35" ec="5" bec="0" bev="0" fileid="5" />
              </SequencePoints>
              <BranchPoints />
            </Method>
            <Method visited="true" cyclomaticComplexity="0" nPathComplexity="0" sequenceCoverage="100.0" branchCoverage="0" crapScore="0" isConstructor="false" isStatic="false" isGetter="false" isSetter="false">
              <Summary numSequencePoints="8" visitedSequencePoints="8" numBranchPoints="0" visitedBranchPoints="0" sequenceCoverage="100.0" branchCoverage="0" maxCyclomaticComplexity="0" minCyclomaticComplexity="0" maxCrapScore="0" minCrapScore="0" visitedClasses="0" numClasses="0" visitedMethods="1" numMethods="1" />
              <MetadataToken>100663333</MetadataToken>
              <Name>System.Void NavMeshSurfaceTests::NavMeshCanBeRemovedAndAdded()</Name>
              <FileRef uid="5" />
              <SequencePoints>
                <SequencePoint vc="1" uspid="216" ordinal="0" offset="0" sl="39" sc="5" el="39" ec="5" bec="0" bev="0" fileid="5" />
                <SequencePoint vc="1" uspid="217" ordinal="0" offset="1" sl="40" sc="9" el="40" ec="9" bec="0" bev="0" fileid="5" />
                <SequencePoint vc="1" uspid="218" ordinal="0" offset="13" sl="41" sc="9" el="41" ec="9" bec="0" bev="0" fileid="5" />
                <SequencePoint vc="1" uspid="219" ordinal="0" offset="26" sl="43" sc="9" el="43" ec="9" bec="0" bev="0" fileid="5" />
                <SequencePoint vc="1" uspid="220" ordinal="0" offset="38" sl="44" sc="9" el="44" ec="9" bec="0" bev="0" fileid="5" />
                <SequencePoint vc="1" uspid="221" ordinal="0" offset="51" sl="46" sc="9" el="46" ec="9" bec="0" bev="0" fileid="5" />
                <SequencePoint vc="1" uspid="222" ordinal="0" offset="63" sl="47" sc="9" el="47" ec="9" bec="0" bev="0" fileid="5" />
                <SequencePoint vc="1" uspid="223" ordinal="0" offset="76" sl="48" sc="5" el="48" ec="5" bec="0" bev="0" fileid="5" />
              </SequencePoints>
              <BranchPoints />
            </Method>
            <Method visited="true" cyclomaticComplexity="0" nPathComplexity="0" sequenceCoverage="100.0" branchCoverage="0" crapScore="0" isConstructor="false" isStatic="false" isGetter="false" isSetter="false">
              <Summary numSequencePoints="7" visitedSequencePoints="7" numBranchPoints="0" visitedBranchPoints="0" sequenceCoverage="100.0" branchCoverage="0" maxCyclomaticComplexity="0" minCyclomaticComplexity="0" maxCrapScore="0" minCrapScore="0" visitedClasses="0" numClasses="0" visitedMethods="1" numMethods="1" />
              <MetadataToken>100663334</MetadataToken>
              <Name>System.Void NavMeshSurfaceTests::NavMeshIsNotAvailableWhenDisabled()</Name>
              <FileRef uid="5" />
              <SequencePoints>
                <SequencePoint vc="1" uspid="224" ordinal="0" offset="0" sl="52" sc="5" el="52" ec="5" bec="0" bev="0" fileid="5" />
                <SequencePoint vc="1" uspid="225" ordinal="0" offset="1" sl="53" sc="9" el="53" ec="9" bec="0" bev="0" fileid="5" />
                <SequencePoint vc="1" uspid="226" ordinal="0" offset="13" sl="55" sc="9" el="55" ec="9" bec="0" bev="0" fileid="5" />
                <SequencePoint vc="1" uspid="227" ordinal="0" offset="26" sl="56" sc="9" el="56" ec="9" bec="0" bev="0" fileid="5" />
                <SequencePoint vc="1" uspid="228" ordinal="0" offset="39" sl="58" sc="9" el="58" ec="9" bec="0" bev="0" fileid="5" />
                <SequencePoint vc="1" uspid="229" ordinal="0" offset="52" sl="59" sc="9" el="59" ec="9" bec="0" bev="0" fileid="5" />
                <SequencePoint vc="1" uspid="230" ordinal="0" offset="65" sl="60" sc="5" el="60" ec="5" bec="0" bev="0" fileid="5" />
              </SequencePoints>
              <BranchPoints />
            </Method>
            <Method visited="true" cyclomaticComplexity="0" nPathComplexity="0" sequenceCoverage="100.0" branchCoverage="0" crapScore="0" isConstructor="false" isStatic="false" isGetter="false" isSetter="false">
              <Summary numSequencePoints="6" visitedSequencePoints="6" numBranchPoints="0" visitedBranchPoints="0" sequenceCoverage="100.0" branchCoverage="0" maxCyclomaticComplexity="0" minCyclomaticComplexity="0" maxCrapScore="0" minCrapScore="0" visitedClasses="0" numClasses="0" visitedMethods="1" numMethods="1" />
              <MetadataToken>100663335</MetadataToken>
              <Name>System.Void NavMeshSurfaceTests::CanBuildWithCustomArea()</Name>
              <FileRef uid="5" />
              <SequencePoints>
                <SequencePoint vc="1" uspid="231" ordinal="0" offset="0" sl="64" sc="5" el="64" ec="5" bec="0" bev="0" fileid="5" />
                <SequencePoint vc="1" uspid="232" ordinal="0" offset="1" sl="65" sc="9" el="65" ec="9" bec="0" bev="0" fileid="5" />
                <SequencePoint vc="1" uspid="233" ordinal="0" offset="14" sl="66" sc="9" el="66" ec="9" bec="0" bev="0" fileid="5" />
                <SequencePoint vc="1" uspid="234" ordinal="0" offset="17" sl="68" sc="9" el="68" ec="9" bec="0" bev="0" fileid="5" />
                <SequencePoint vc="1" uspid="235" ordinal="0" offset="29" sl="69" sc="9" el="69" ec="9" bec="0" bev="0" fileid="5" />
                <SequencePoint vc="1" uspid="236" ordinal="0" offset="42" sl="70" sc="5" el="70" ec="5" bec="0" bev="0" fileid="5" />
              </SequencePoints>
              <BranchPoints />
            </Method>
            <Method visited="true" cyclomaticComplexity="0" nPathComplexity="0" sequenceCoverage="100.0" branchCoverage="0" crapScore="0" isConstructor="false" isStatic="false" isGetter="false" isSetter="false">
              <Summary numSequencePoints="5" visitedSequencePoints="5" numBranchPoints="0" visitedBranchPoints="0" sequenceCoverage="100.0" branchCoverage="0" maxCyclomaticComplexity="0" minCyclomaticComplexity="0" maxCrapScore="0" minCrapScore="0" visitedClasses="0" numClasses="0" visitedMethods="1" numMethods="1" />
              <MetadataToken>100663336</MetadataToken>
              <Name>System.Void NavMeshSurfaceTests::CanBuildWithCustomAgentTypeID()</Name>
              <FileRef uid="5" />
              <SequencePoints>
                <SequencePoint vc="1" uspid="237" ordinal="0" offset="0" sl="74" sc="5" el="74" ec="5" bec="0" bev="0" fileid="5" />
                <SequencePoint vc="1" uspid="238" ordinal="0" offset="1" sl="75" sc="9" el="75" ec="9" bec="0" bev="0" fileid="5" />
                <SequencePoint vc="1" uspid="239" ordinal="0" offset="18" sl="76" sc="9" el="76" ec="9" bec="0" bev="0" fileid="5" />
                <SequencePoint vc="1" uspid="240" ordinal="0" offset="30" sl="78" sc="9" el="78" ec="9" bec="0" bev="0" fileid="5" />
                <SequencePoint vc="1" uspid="241" ordinal="0" offset="47" sl="79" sc="5" el="79" ec="5" bec="0" bev="0" fileid="5" />
              </SequencePoints>
              <BranchPoints />
            </Method>
            <Method visited="true" cyclomaticComplexity="0" nPathComplexity="0" sequenceCoverage="100.0" branchCoverage="0" crapScore="0" isConstructor="false" isStatic="false" isGetter="false" isSetter="false">
              <Summary numSequencePoints="9" visitedSequencePoints="9" numBranchPoints="0" visitedBranchPoints="0" sequenceCoverage="100.0" branchCoverage="0" maxCyclomaticComplexity="0" minCyclomaticComplexity="0" maxCrapScore="0" minCrapScore="0" visitedClasses="0" numClasses="0" visitedMethods="1" numMethods="1" />
              <MetadataToken>100663337</MetadataToken>
              <Name>System.Void NavMeshSurfaceTests::CanBuildCollidersAndIgnoreRenderMeshes()</Name>
              <FileRef uid="5" />
              <SequencePoints>
                <SequencePoint vc="1" uspid="242" ordinal="0" offset="0" sl="83" sc="5" el="83" ec="5" bec="0" bev="0" fileid="5" />
                <SequencePoint vc="1" uspid="243" ordinal="0" offset="1" sl="84" sc="9" el="84" ec="9" bec="0" bev="0" fileid="5" />
                <SequencePoint vc="1" uspid="244" ordinal="0" offset="19" sl="86" sc="9" el="86" ec="9" bec="0" bev="0" fileid="5" />
                <SequencePoint vc="1" uspid="245" ordinal="0" offset="32" sl="87" sc="9" el="87" ec="9" bec="0" bev="0" fileid="5" />
                <SequencePoint vc="1" uspid="246" ordinal="0" offset="44" sl="88" sc="9" el="88" ec="9" bec="0" bev="0" fileid="5" />
                <SequencePoint vc="1" uspid="247" ordinal="0" offset="57" sl="90" sc="9" el="90" ec="9" bec="0" bev="0" fileid="5" />
                <SequencePoint vc="1" uspid="248" ordinal="0" offset="70" sl="91" sc="9" el="91" ec="9" bec="0" bev="0" fileid="5" />
                <SequencePoint vc="1" uspid="249" ordinal="0" offset="82" sl="92" sc="9" el="92" ec="9" bec="0" bev="0" fileid="5" />
                <SequencePoint vc="1" uspid="250" ordinal="0" offset="95" sl="93" sc="5" el="93" ec="5" bec="0" bev="0" fileid="5" />
              </SequencePoints>
              <BranchPoints />
            </Method>
            <Method visited="true" cyclomaticComplexity="0" nPathComplexity="0" sequenceCoverage="100.0" branchCoverage="0" crapScore="0" isConstructor="false" isStatic="false" isGetter="false" isSetter="false">
              <Summary numSequencePoints="9" visitedSequencePoints="9" numBranchPoints="0" visitedBranchPoints="0" sequenceCoverage="100.0" branchCoverage="0" maxCyclomaticComplexity="0" minCyclomaticComplexity="0" maxCrapScore="0" minCrapScore="0" visitedClasses="0" numClasses="0" visitedMethods="1" numMethods="1" />
              <MetadataToken>100663338</MetadataToken>
              <Name>System.Void NavMeshSurfaceTests::CanBuildRenderMeshesAndIgnoreColliders()</Name>
              <FileRef uid="5" />
              <SequencePoints>
                <SequencePoint vc="1" uspid="251" ordinal="0" offset="0" sl="97" sc="5" el="97" ec="5" bec="0" bev="0" fileid="5" />
                <SequencePoint vc="1" uspid="252" ordinal="0" offset="1" sl="98" sc="9" el="98" ec="9" bec="0" bev="0" fileid="5" />
                <SequencePoint vc="1" uspid="253" ordinal="0" offset="19" sl="100" sc="9" el="100" ec="9" bec="0" bev="0" fileid="5" />
                <SequencePoint vc="1" uspid="254" ordinal="0" offset="32" sl="101" sc="9" el="101" ec="9" bec="0" bev="0" fileid="5" />
                <SequencePoint vc="1" uspid="255" ordinal="0" offset="44" sl="102" sc="9" el="102" ec="9" bec="0" bev="0" fileid="5" />
                <SequencePoint vc="1" uspid="256" ordinal="0" offset="57" sl="104" sc="9" el="104" ec="9" bec="0" bev="0" fileid="5" />
                <SequencePoint vc="1" uspid="257" ordinal="0" offset="70" sl="105" sc="9" el="105" ec="9" bec="0" bev="0" fileid="5" />
                <SequencePoint vc="1" uspid="258" ordinal="0" offset="82" sl="106" sc="9" el="106" ec="9" bec="0" bev="0" fileid="5" />
                <SequencePoint vc="1" uspid="259" ordinal="0" offset="95" sl="107" sc="5" el="107" ec="5" bec="0" bev="0" fileid="5" />
              </SequencePoints>
              <BranchPoints />
            </Method>
            <Method visited="true" cyclomaticComplexity="0" nPathComplexity="0" sequenceCoverage="100.0" branchCoverage="0" crapScore="0" isConstructor="false" isStatic="false" isGetter="false" isSetter="false">
              <Summary numSequencePoints="7" visitedSequencePoints="7" numBranchPoints="0" visitedBranchPoints="0" sequenceCoverage="100.0" branchCoverage="0" maxCyclomaticComplexity="0" minCyclomaticComplexity="0" maxCrapScore="0" minCrapScore="0" visitedClasses="0" numClasses="0" visitedMethods="1" numMethods="1" />
              <MetadataToken>100663339</MetadataToken>
              <Name>System.Void NavMeshSurfaceTests::BuildIgnoresGeometryOutsideBounds()</Name>
              <FileRef uid="5" />
              <SequencePoints>
                <SequencePoint vc="1" uspid="260" ordinal="0" offset="0" sl="111" sc="5" el="111" ec="5" bec="0" bev="0" fileid="5" />
                <SequencePoint vc="1" uspid="261" ordinal="0" offset="1" sl="112" sc="9" el="112" ec="9" bec="0" bev="0" fileid="5" />
                <SequencePoint vc="1" uspid="262" ordinal="0" offset="14" sl="113" sc="9" el="113" ec="9" bec="0" bev="0" fileid="5" />
                <SequencePoint vc="1" uspid="263" ordinal="0" offset="46" sl="114" sc="9" el="114" ec="9" bec="0" bev="0" fileid="5" />
                <SequencePoint vc="1" uspid="264" ordinal="0" offset="78" sl="116" sc="9" el="116" ec="9" bec="0" bev="0" fileid="5" />
                <SequencePoint vc="1" uspid="265" ordinal="0" offset="90" sl="117" sc="9" el="117" ec="9" bec="0" bev="0" fileid="5" />
                <SequencePoint vc="1" uspid="266" ordinal="0" offset="103" sl="118" sc="5" el="118" ec="5" bec="0" bev="0" fileid="5" />
              </SequencePoints>
              <BranchPoints />
            </Method>
            <Method visited="true" cyclomaticComplexity="0" nPathComplexity="0" sequenceCoverage="100.0" branchCoverage="0" crapScore="0" isConstructor="false" isStatic="false" isGetter="false" isSetter="false">
              <Summary numSequencePoints="5" visitedSequencePoints="5" numBranchPoints="0" visitedBranchPoints="0" sequenceCoverage="100.0" branchCoverage="0" maxCyclomaticComplexity="0" minCyclomaticComplexity="0" maxCrapScore="0" minCrapScore="0" visitedClasses="0" numClasses="0" visitedMethods="1" numMethods="1" />
              <MetadataToken>100663340</MetadataToken>
              <Name>System.Void NavMeshSurfaceTests::BuildIgnoresGeometrySiblings()</Name>
              <FileRef uid="5" />
              <SequencePoints>
                <SequencePoint vc="1" uspid="267" ordinal="0" offset="0" sl="122" sc="5" el="122" ec="5" bec="0" bev="0" fileid="5" />
                <SequencePoint vc="1" uspid="268" ordinal="0" offset="1" sl="123" sc="9" el="123" ec="9" bec="0" bev="0" fileid="5" />
                <SequencePoint vc="1" uspid="269" ordinal="0" offset="14" sl="125" sc="9" el="125" ec="9" bec="0" bev="0" fileid="5" />
                <SequencePoint vc="1" uspid="270" ordinal="0" offset="26" sl="126" sc="9" el="126" ec="9" bec="0" bev="0" fileid="5" />
                <SequencePoint vc="1" uspid="271" ordinal="0" offset="39" sl="127" sc="5" el="127" ec="5" bec="0" bev="0" fileid="5" />
              </SequencePoints>
              <BranchPoints />
            </Method>
            <Method visited="true" cyclomaticComplexity="0" nPathComplexity="0" sequenceCoverage="100.0" branchCoverage="0" crapScore="0" isConstructor="false" isStatic="false" isGetter="false" isSetter="false">
              <Summary numSequencePoints="6" visitedSequencePoints="6" numBranchPoints="0" visitedBranchPoints="0" sequenceCoverage="100.0" branchCoverage="0" maxCyclomaticComplexity="0" minCyclomaticComplexity="0" maxCrapScore="0" minCrapScore="0" visitedClasses="0" numClasses="0" visitedMethods="1" numMethods="1" />
              <MetadataToken>100663341</MetadataToken>
              <Name>System.Void NavMeshSurfaceTests::BuildUsesOnlyIncludedLayers()</Name>
              <FileRef uid="5" />
              <SequencePoints>
                <SequencePoint vc="1" uspid="272" ordinal="0" offset="0" sl="131" sc="5" el="131" ec="5" bec="0" bev="0" fileid="5" />
                <SequencePoint vc="1" uspid="273" ordinal="0" offset="1" sl="132" sc="9" el="132" ec="9" bec="0" bev="0" fileid="5" />
                <SequencePoint vc="1" uspid="274" ordinal="0" offset="14" sl="133" sc="9" el="133" ec="9" bec="0" bev="0" fileid="5" />
                <SequencePoint vc="1" uspid="275" ordinal="0" offset="33" sl="135" sc="9" el="135" ec="9" bec="0" bev="0" fileid="5" />
                <SequencePoint vc="1" uspid="276" ordinal="0" offset="45" sl="136" sc="9" el="136" ec="9" bec="0" bev="0" fileid="5" />
                <SequencePoint vc="1" uspid="277" ordinal="0" offset="58" sl="137" sc="5" el="137" ec="5" bec="0" bev="0" fileid="5" />
              </SequencePoints>
              <BranchPoints />
            </Method>
            <Method visited="true" cyclomaticComplexity="0" nPathComplexity="0" sequenceCoverage="100.0" branchCoverage="0" crapScore="0" isConstructor="false" isStatic="false" isGetter="false" isSetter="false">
              <Summary numSequencePoints="4" visitedSequencePoints="4" numBranchPoints="0" visitedBranchPoints="0" sequenceCoverage="100.0" branchCoverage="0" maxCyclomaticComplexity="0" minCyclomaticComplexity="0" maxCrapScore="0" minCrapScore="0" visitedClasses="0" numClasses="0" visitedMethods="1" numMethods="1" />
              <MetadataToken>100663342</MetadataToken>
              <Name>System.Void NavMeshSurfaceTests::DefaultSettingsMatchBuiltinSettings()</Name>
              <FileRef uid="5" />
              <SequencePoints>
                <SequencePoint vc="1" uspid="278" ordinal="0" offset="0" sl="141" sc="5" el="141" ec="5" bec="0" bev="0" fileid="5" />
                <SequencePoint vc="1" uspid="279" ordinal="0" offset="1" sl="142" sc="9" el="142" ec="9" bec="0" bev="0" fileid="5" />
                <SequencePoint vc="1" uspid="280" ordinal="0" offset="13" sl="143" sc="9" el="143" ec="9" bec="0" bev="0" fileid="5" />
                <SequencePoint vc="1" uspid="281" ordinal="0" offset="36" sl="144" sc="5" el="144" ec="5" bec="0" bev="0" fileid="5" />
              </SequencePoints>
              <BranchPoints />
            </Method>
            <Method visited="true" cyclomaticComplexity="0" nPathComplexity="0" sequenceCoverage="100.0" branchCoverage="0" crapScore="0" isConstructor="false" isStatic="false" isGetter="false" isSetter="false">
              <Summary numSequencePoints="11" visitedSequencePoints="11" numBranchPoints="0" visitedBranchPoints="0" sequenceCoverage="100.0" branchCoverage="0" maxCyclomaticComplexity="0" minCyclomaticComplexity="0" maxCrapScore="0" minCrapScore="0" visitedClasses="0" numClasses="0" visitedMethods="1" numMethods="1" />
              <MetadataToken>100663343</MetadataToken>
              <Name>System.Void NavMeshSurfaceTests::ActiveSurfacesContainsOnlyActiveAndEnabledSurface()</Name>
              <FileRef uid="5" />
              <SequencePoints>
                <SequencePoint vc="1" uspid="282" ordinal="0" offset="0" sl="148" sc="5" el="148" ec="5" bec="0" bev="0" fileid="5" />
                <SequencePoint vc="1" uspid="283" ordinal="0" offset="1" sl="149" sc="9" el="149" ec="9" bec="0" bev="0" fileid="5" />
                <SequencePoint vc="1" uspid="284" ordinal="0" offset="23" sl="150" sc="9" el="150" ec="9" bec="0" bev="0" fileid="5" />
                <SequencePoint vc="1" uspid="285" ordinal="0" offset="50" sl="152" sc="9" el="152" ec="9" bec="0" bev="0" fileid="5" />
                <SequencePoint vc="1" uspid="286" ordinal="0" offset="63" sl="153" sc="9" el="153" ec="9" bec="0" bev="0" fileid="5" />
                <SequencePoint vc="1" uspid="287" ordinal="0" offset="85" sl="154" sc="9" el="154" ec="9" bec="0" bev="0" fileid="5" />
                <SequencePoint vc="1" uspid="288" ordinal="0" offset="112" sl="156" sc="9" el="156" ec="9" bec="0" bev="0" fileid="5" />
                <SequencePoint vc="1" uspid="289" ordinal="0" offset="125" sl="157" sc="9" el="157" ec="9" bec="0" bev="0" fileid="5" />
                <SequencePoint vc="1" uspid="290" ordinal="0" offset="143" sl="158" sc="9" el="158" ec="9" bec="0" bev="0" fileid="5" />
                <SequencePoint vc="1" uspid="291" ordinal="0" offset="165" sl="159" sc="9" el="159" ec="9" bec="0" bev="0" fileid="5" />
                <SequencePoint vc="1" uspid="292" ordinal="0" offset="192" sl="160" sc="5" el="160" ec="5" bec="0" bev="0" fileid="5" />
              </SequencePoints>
              <BranchPoints />
            </Method>
            <Method visited="true" cyclomaticComplexity="0" nPathComplexity="0" sequenceCoverage="100.0" branchCoverage="0" crapScore="0" isConstructor="false" isStatic="true" isGetter="false" isSetter="false">
              <Summary numSequencePoints="7" visitedSequencePoints="7" numBranchPoints="0" visitedBranchPoints="0" sequenceCoverage="100.0" branchCoverage="0" maxCyclomaticComplexity="0" minCyclomaticComplexity="0" maxCrapScore="0" minCrapScore="0" visitedClasses="0" numClasses="0" visitedMethods="1" numMethods="1" />
              <MetadataToken>100663346</MetadataToken>
              <Name>static System.Boolean NavMeshSurfaceTests::HasNavMeshAtOrigin(System.Int32, System.Int32)</Name>
              <FileRef uid="5" />
              <SequencePoints>
                <SequencePoint vc="57" uspid="293" ordinal="0" offset="0" sl="194" sc="5" el="194" ec="5" bec="0" bev="0" fileid="5" />
                <SequencePoint vc="57" uspid="294" ordinal="0" offset="1" sl="195" sc="9" el="195" ec="9" bec="0" bev="0" fileid="5" />
                <SequencePoint vc="57" uspid="295" ordinal="0" offset="9" sl="196" sc="9" el="196" ec="9" bec="0" bev="0" fileid="5" />
                <SequencePoint vc="57" uspid="296" ordinal="0" offset="17" sl="197" sc="9" el="197" ec="9" bec="0" bev="0" fileid="5" />
                <SequencePoint vc="57" uspid="297" ordinal="0" offset="26" sl="198" sc="9" el="198" ec="9" bec="0" bev="0" fileid="5" />
                <SequencePoint vc="57" uspid="298" ordinal="0" offset="35" sl="199" sc="9" el="199" ec="9" bec="0" bev="0" fileid="5" />
                <SequencePoint vc="57" uspid="299" ordinal="0" offset="56" sl="200" sc="5" el="200" ec="5" bec="0" bev="0" fileid="5" />
              </SequencePoints>
              <BranchPoints />
            </Method>
          </Methods>
        </Class>
        <Class>
          <Summary numSequencePoints="8" visitedSequencePoints="7" numBranchPoints="0" visitedBranchPoints="0" sequenceCoverage="87.50" branchCoverage="0.0" maxCyclomaticComplexity="0" minCyclomaticComplexity="0" maxCrapScore="0" minCrapScore="0" visitedClasses="1" numClasses="1" visitedMethods="1" numMethods="1" />
          <FullName>NavMeshSurfaceAgentTests/&lt;AgentAlignsToSurfaceNextFrame&gt;d__6</FullName>
          <Methods>
            <Method visited="true" cyclomaticComplexity="0" nPathComplexity="0" sequenceCoverage="87.50" branchCoverage="0" crapScore="0" isConstructor="false" isStatic="false" isGetter="false" isSetter="false">
              <Summary numSequencePoints="8" visitedSequencePoints="7" numBranchPoints="0" visitedBranchPoints="0" sequenceCoverage="87.50" branchCoverage="0" maxCyclomaticComplexity="0" minCyclomaticComplexity="0" maxCrapScore="0" minCrapScore="0" visitedClasses="0" numClasses="0" visitedMethods="1" numMethods="1" />
              <MetadataToken>100663350</MetadataToken>
              <Name>System.Boolean NavMeshSurfaceAgentTests/&lt;AgentAlignsToSurfaceNextFrame&gt;d__6::MoveNext()</Name>
              <FileRef uid="1" />
              <SequencePoints>
                <SequencePoint vc="1" uspid="300" ordinal="0" offset="31" sl="75" sc="5" el="75" ec="5" bec="0" bev="0" fileid="1" />
                <SequencePoint vc="1" uspid="301" ordinal="0" offset="32" sl="76" sc="9" el="76" ec="9" bec="0" bev="0" fileid="1" />
[...]
                <SequencePoint vc="2" uspid="2744" ordinal="0" offset="239" sl="397" sc="25" el="397" ec="25" bec="0" bev="0" fileid="20" />
                <SequencePoint vc="2" uspid="2745" ordinal="0" offset="282" sl="398" sc="25" el="398" ec="25" bec="0" bev="0" fileid="20" />
                <SequencePoint vc="33" uspid="2746" ordinal="0" offset="284" sl="400" sc="13" el="400" ec="13" bec="0" bev="0" fileid="20" />
                <SequencePoint vc="64" uspid="2747" ordinal="0" offset="285" sl="376" sc="30" el="376" ec="30" bec="0" bev="0" fileid="20" />
                <SequencePoint vc="31" uspid="2748" ordinal="0" offset="314" sl="402" sc="13" el="402" ec="13" bec="0" bev="0" fileid="20" />
                <SequencePoint vc="31" uspid="2749" ordinal="0" offset="327" sl="403" sc="13" el="403" ec="13" bec="0" bev="0" fileid="20" />
                <SequencePoint vc="31" uspid="2750" ordinal="0" offset="332" sl="404" sc="9" el="404" ec="9" bec="0" bev="0" fileid="20" />
              </SequencePoints>
              <BranchPoints />
            </Method>
            <Method visited="true" cyclomaticComplexity="0" nPathComplexity="0" sequenceCoverage="85.71" branchCoverage="0" crapScore="0" isConstructor="false" isStatic="false" isGetter="false" isSetter="false">
              <Summary numSequencePoints="7" visitedSequencePoints="6" numBranchPoints="0" visitedBranchPoints="0" sequenceCoverage="85.71" branchCoverage="0" maxCyclomaticComplexity="0" minCyclomaticComplexity="0" maxCrapScore="0" minCrapScore="0" visitedClasses="0" numClasses="0" visitedMethods="1" numMethods="1" />
              <MetadataToken>100663396</MetadataToken>
              <Name>System.Boolean UnityEngine.AI.NavMeshSurface::HasTransformChanged()</Name>
              <FileRef uid="20" />
              <SequencePoints>
                <SequencePoint vc="15" uspid="2751" ordinal="0" offset="0" sl="407" sc="9" el="407" ec="9" bec="0" bev="0" fileid="20" />
                <SequencePoint vc="15" uspid="2752" ordinal="0" offset="1" sl="408" sc="13" el="408" ec="13" bec="0" bev="0" fileid="20" />
                <SequencePoint vc="1" uspid="2753" ordinal="0" offset="27" sl="408" sc="55" el="408" ec="55" bec="0" bev="0" fileid="20" />
                <SequencePoint vc="14" uspid="2754" ordinal="0" offset="31" sl="409" sc="13" el="409" ec="13" bec="0" bev="0" fileid="20" />
                <SequencePoint vc="0" uspid="2755" ordinal="0" offset="57" sl="409" sc="55" el="409" ec="55" bec="0" bev="0" fileid="20" />
                <SequencePoint vc="14" uspid="2756" ordinal="0" offset="61" sl="410" sc="13" el="410" ec="13" bec="0" bev="0" fileid="20" />
                <SequencePoint vc="15" uspid="2757" ordinal="0" offset="65" sl="411" sc="9" el="411" ec="9" bec="0" bev="0" fileid="20" />
              </SequencePoints>
              <BranchPoints />
            </Method>
            <Method visited="true" cyclomaticComplexity="0" nPathComplexity="0" sequenceCoverage="100.0" branchCoverage="0" crapScore="0" isConstructor="false" isStatic="false" isGetter="false" isSetter="false">
              <Summary numSequencePoints="7" visitedSequencePoints="7" numBranchPoints="0" visitedBranchPoints="0" sequenceCoverage="100.0" branchCoverage="0" maxCyclomaticComplexity="0" minCyclomaticComplexity="0" maxCrapScore="0" minCrapScore="0" visitedClasses="0" numClasses="0" visitedMethods="1" numMethods="1" />
              <MetadataToken>100663397</MetadataToken>
              <Name>System.Void UnityEngine.AI.NavMeshSurface::UpdateDataIfTransformChanged()</Name>
              <FileRef uid="20" />
              <SequencePoints>
                <SequencePoint vc="15" uspid="2758" ordinal="0" offset="0" sl="414" sc="9" el="414" ec="9" bec="0" bev="0" fileid="20" />
                <SequencePoint vc="15" uspid="2759" ordinal="0" offset="1" sl="415" sc="13" el="415" ec="13" bec="0" bev="0" fileid="20" />
                <SequencePoint vc="1" uspid="2760" ordinal="0" offset="11" sl="416" sc="13" el="416" ec="13" bec="0" bev="0" fileid="20" />
                <SequencePoint vc="1" uspid="2761" ordinal="0" offset="12" sl="417" sc="17" el="417" ec="17" bec="0" bev="0" fileid="20" />
                <SequencePoint vc="1" uspid="2762" ordinal="0" offset="19" sl="418" sc="17" el="418" ec="17" bec="0" bev="0" fileid="20" />
                <SequencePoint vc="1" uspid="2763" ordinal="0" offset="26" sl="419" sc="13" el="419" ec="13" bec="0" bev="0" fileid="20" />
                <SequencePoint vc="15" uspid="2764" ordinal="0" offset="27" sl="420" sc="9" el="420" ec="9" bec="0" bev="0" fileid="20" />
              </SequencePoints>
              <BranchPoints />
            </Method>
            <Method visited="true" cyclomaticComplexity="0" nPathComplexity="0" sequenceCoverage="20.00" branchCoverage="0" crapScore="0" isConstructor="false" isStatic="false" isGetter="false" isSetter="false">
              <Summary numSequencePoints="20" visitedSequencePoints="4" numBranchPoints="0" visitedBranchPoints="0" sequenceCoverage="20.00" branchCoverage="0" maxCyclomaticComplexity="0" minCyclomaticComplexity="0" maxCrapScore="0" minCrapScore="0" visitedClasses="0" numClasses="0" visitedMethods="1" numMethods="1" />
              <MetadataToken>100663398</MetadataToken>
              <Name>System.Boolean UnityEngine.AI.NavMeshSurface::UnshareNavMeshAsset()</Name>
              <FileRef uid="20" />
              <SequencePoints>
                <SequencePoint vc="32" uspid="2765" ordinal="0" offset="0" sl="424" sc="9" el="424" ec="9" bec="0" bev="0" fileid="20" />
                <SequencePoint vc="32" uspid="2766" ordinal="0" offset="1" sl="426" sc="13" el="426" ec="13" bec="0" bev="0" fileid="20" />
                <SequencePoint vc="32" uspid="2767" ordinal="0" offset="17" sl="427" sc="17" el="427" ec="17" bec="0" bev="0" fileid="20" />
                <SequencePoint vc="0" uspid="2768" ordinal="0" offset="25" sl="430" sc="13" el="430" ec="13" bec="0" bev="0" fileid="20" />
                <SequencePoint vc="0" uspid="2769" ordinal="0" offset="32" sl="431" sc="13" el="431" ec="13" bec="0" bev="0" fileid="20" />
                <SequencePoint vc="0" uspid="2770" ordinal="0" offset="39" sl="432" sc="13" el="432" ec="13" bec="0" bev="0" fileid="20" />
                <SequencePoint vc="0" uspid="2771" ordinal="0" offset="48" sl="433" sc="17" el="433" ec="17" bec="0" bev="0" fileid="20" />
                <SequencePoint vc="0" uspid="2772" ordinal="0" offset="56" sl="436" sc="13" el="436" ec="13" bec="0" bev="0" fileid="20" />
                <SequencePoint vc="0" uspid="2773" ordinal="0" offset="63" sl="437" sc="13" el="437" ec="13" bec="0" bev="0" fileid="20" />
                <SequencePoint vc="0" uspid="2774" ordinal="0" offset="98" sl="438" sc="17" el="438" ec="17" bec="0" bev="0" fileid="20" />
                <SequencePoint vc="0" uspid="2775" ordinal="0" offset="103" sl="441" sc="18" el="441" ec="18" bec="0" bev="0" fileid="20" />
                <SequencePoint vc="0" uspid="2776" ordinal="0" offset="108" sl="442" sc="13" el="442" ec="13" bec="0" bev="0" fileid="20" />
                <SequencePoint vc="0" uspid="2777" ordinal="0" offset="109" sl="443" sc="17" el="443" ec="17" bec="0" bev="0" fileid="20" />
                <SequencePoint vc="0" uspid="2778" ordinal="0" offset="123" sl="444" sc="17" el="444" ec="17" bec="0" bev="0" fileid="20" />
                <SequencePoint vc="0" uspid="2779" ordinal="0" offset="160" sl="445" sc="21" el="445" ec="21" bec="0" bev="0" fileid="20" />
                <SequencePoint vc="0" uspid="2780" ordinal="0" offset="165" sl="446" sc="13" el="446" ec="13" bec="0" bev="0" fileid="20" />
                <SequencePoint vc="0" uspid="2781" ordinal="0" offset="166" sl="441" sc="58" el="441" ec="58" bec="0" bev="0" fileid="20" />
                <SequencePoint vc="0" uspid="2782" ordinal="0" offset="172" sl="441" sc="29" el="441" ec="29" bec="0" bev="0" fileid="20" />
                <SequencePoint vc="0" uspid="2783" ordinal="0" offset="192" sl="449" sc="13" el="449" ec="13" bec="0" bev="0" fileid="20" />
                <SequencePoint vc="32" uspid="2784" ordinal="0" offset="197" sl="450" sc="9" el="450" ec="9" bec="0" bev="0" fileid="20" />
              </SequencePoints>
              <BranchPoints />
            </Method>
            <Method visited="true" cyclomaticComplexity="0" nPathComplexity="0" sequenceCoverage="66.67" branchCoverage="0" crapScore="0" isConstructor="false" isStatic="false" isGetter="false" isSetter="false">
              <Summary numSequencePoints="21" visitedSequencePoints="14" numBranchPoints="0" visitedBranchPoints="0" sequenceCoverage="66.67" branchCoverage="0" maxCyclomaticComplexity="0" minCyclomaticComplexity="0" maxCrapScore="0" minCrapScore="0" visitedClasses="0" numClasses="0" visitedMethods="1" numMethods="1" />
              <MetadataToken>100663399</MetadataToken>
              <Name>System.Void UnityEngine.AI.NavMeshSurface::OnValidate()</Name>
              <FileRef uid="20" />
              <SequencePoints>
                <SequencePoint vc="32" uspid="2785" ordinal="0" offset="0" sl="453" sc="9" el="453" ec="9" bec="0" bev="0" fileid="20" />
                <SequencePoint vc="32" uspid="2786" ordinal="0" offset="1" sl="454" sc="13" el="454" ec="13" bec="0" bev="0" fileid="20" />
                <SequencePoint vc="0" uspid="2787" ordinal="0" offset="11" sl="455" sc="13" el="455" ec="13" bec="0" bev="0" fileid="20" />
                <SequencePoint vc="0" uspid="2788" ordinal="0" offset="12" sl="456" sc="17" el="456" ec="17" bec="0" bev="0" fileid="20" />
                <SequencePoint vc="0" uspid="2789" ordinal="0" offset="24" sl="457" sc="17" el="457" ec="17" bec="0" bev="0" fileid="20" />
                <SequencePoint vc="0" uspid="2790" ordinal="0" offset="31" sl="458" sc="13" el="458" ec="13" bec="0" bev="0" fileid="20" />
                <SequencePoint vc="32" uspid="2791" ordinal="0" offset="32" sl="460" sc="13" el="460" ec="13" bec="0" bev="0" fileid="20" />
                <SequencePoint vc="32" uspid="2792" ordinal="0" offset="44" sl="461" sc="13" el="461" ec="13" bec="0" bev="0" fileid="20" />
                <SequencePoint vc="32" uspid="2793" ordinal="0" offset="64" sl="462" sc="13" el="462" ec="13" bec="0" bev="0" fileid="20" />
                <SequencePoint vc="32" uspid="2794" ordinal="0" offset="65" sl="465" sc="17" el="465" ec="17" bec="0" bev="0" fileid="20" />
                <SequencePoint vc="32" uspid="2795" ordinal="0" offset="78" sl="466" sc="21" el="466" ec="21" bec="0" bev="0" fileid="20" />
                <SequencePoint vc="32" uspid="2796" ordinal="0" offset="97" sl="467" sc="17" el="467" ec="17" bec="0" bev="0" fileid="20" />
                <SequencePoint vc="0" uspid="2797" ordinal="0" offset="116" sl="468" sc="21" el="468" ec="21" bec="0" bev="0" fileid="20" />
                <SequencePoint vc="32" uspid="2798" ordinal="0" offset="127" sl="475" sc="17" el="475" ec="17" bec="0" bev="0" fileid="20" />
                <SequencePoint vc="32" uspid="2799" ordinal="0" offset="142" sl="476" sc="21" el="476" ec="21" bec="0" bev="0" fileid="20" />
                <SequencePoint vc="32" uspid="2800" ordinal="0" offset="153" sl="478" sc="17" el="478" ec="17" bec="0" bev="0" fileid="20" />
                <SequencePoint vc="0" uspid="2801" ordinal="0" offset="169" sl="479" sc="21" el="479" ec="21" bec="0" bev="0" fileid="20" />
                <SequencePoint vc="32" uspid="2802" ordinal="0" offset="177" sl="480" sc="17" el="480" ec="17" bec="0" bev="0" fileid="20" />
                <SequencePoint vc="0" uspid="2803" ordinal="0" offset="196" sl="481" sc="21" el="481" ec="21" bec="0" bev="0" fileid="20" />
                <SequencePoint vc="32" uspid="2804" ordinal="0" offset="207" sl="482" sc="13" el="482" ec="13" bec="0" bev="0" fileid="20" />
                <SequencePoint vc="32" uspid="2805" ordinal="0" offset="208" sl="483" sc="9" el="483" ec="9" bec="0" bev="0" fileid="20" />
              </SequencePoints>
              <BranchPoints />
            </Method>
            <Method visited="true" cyclomaticComplexity="0" nPathComplexity="0" sequenceCoverage="100.0" branchCoverage="0" crapScore="0" isConstructor="true" isStatic="false" isGetter="false" isSetter="false">
              <Summary numSequencePoints="10" visitedSequencePoints="10" numBranchPoints="0" visitedBranchPoints="0" sequenceCoverage="100.0" branchCoverage="0" maxCyclomaticComplexity="0" minCyclomaticComplexity="0" maxCrapScore="0" minCrapScore="0" visitedClasses="0" numClasses="0" visitedMethods="1" numMethods="1" />
              <MetadataToken>100663400</MetadataToken>
              <Name>UnityEngine.AI.NavMeshSurface::NavMeshSurface()</Name>
              <FileRef uid="20" />
              <SequencePoints>
                <SequencePoint vc="32" uspid="2806" ordinal="0" offset="0" sl="27" sc="9" el="27" ec="9" bec="0" bev="0" fileid="20" />
                <SequencePoint vc="32" uspid="2807" ordinal="0" offset="7" sl="31" sc="9" el="31" ec="9" bec="0" bev="0" fileid="20" />
                <SequencePoint vc="32" uspid="2808" ordinal="0" offset="33" sl="35" sc="9" el="35" ec="9" bec="0" bev="0" fileid="20" />
                <SequencePoint vc="32" uspid="2809" ordinal="0" offset="59" sl="39" sc="9" el="39" ec="9" bec="0" bev="0" fileid="20" />
                <SequencePoint vc="32" uspid="2810" ordinal="0" offset="71" sl="43" sc="9" el="43" ec="9" bec="0" bev="0" fileid="20" />
                <SequencePoint vc="32" uspid="2811" ordinal="0" offset="78" sl="51" sc="9" el="51" ec="9" bec="0" bev="0" fileid="20" />
                <SequencePoint vc="32" uspid="2812" ordinal="0" offset="85" sl="55" sc="9" el="55" ec="9" bec="0" bev="0" fileid="20" />
                <SequencePoint vc="32" uspid="2813" ordinal="0" offset="92" sl="62" sc="9" el="62" ec="9" bec="0" bev="0" fileid="20" />
                <SequencePoint vc="32" uspid="2814" ordinal="0" offset="103" sl="84" sc="9" el="84" ec="9" bec="0" bev="0" fileid="20" />
                <SequencePoint vc="32" uspid="2815" ordinal="0" offset="114" sl="85" sc="9" el="85" ec="9" bec="0" bev="0" fileid="20" />
              </SequencePoints>
              <BranchPoints />
            </Method>
            <Method visited="true" cyclomaticComplexity="0" nPathComplexity="0" sequenceCoverage="100.0" branchCoverage="0" crapScore="0" isConstructor="true" isStatic="true" isGetter="false" isSetter="false">
              <Summary numSequencePoints="1" visitedSequencePoints="1" numBranchPoints="0" visitedBranchPoints="0" sequenceCoverage="100.0" branchCoverage="0" maxCyclomaticComplexity="0" minCyclomaticComplexity="0" maxCrapScore="0" minCrapScore="0" visitedClasses="0" numClasses="0" visitedMethods="1" numMethods="1" />
              <MetadataToken>100663401</MetadataToken>
              <Name>static UnityEngine.AI.NavMeshSurface::NavMeshSurface()</Name>
              <FileRef uid="20" />
              <SequencePoints>
                <SequencePoint vc="1" uspid="2816" ordinal="0" offset="0" sl="87" sc="9" el="87" ec="9" bec="0" bev="0" fileid="20" />
              </SequencePoints>
              <BranchPoints />
            </Method>
          </Methods>
        </Class>
        <Class>
          <Summary numSequencePoints="4" visitedSequencePoints="2" numBranchPoints="0" visitedBranchPoints="0" sequenceCoverage="50.00" branchCoverage="0.0" maxCyclomaticComplexity="0" minCyclomaticComplexity="0" maxCrapScore="0" minCrapScore="0" visitedClasses="1" numClasses="1" visitedMethods="2" numMethods="4" />
          <FullName>UnityEngine.AI.NavMeshSurface/&lt;&gt;c</FullName>
          <Methods>
            <Method visited="false" cyclomaticComplexity="0" nPathComplexity="0" sequenceCoverage="0.0" branchCoverage="0" crapScore="0" isConstructor="false" isStatic="false" isGetter="false" isSetter="false">
              <Summary numSequencePoints="1" visitedSequencePoints="0" numBranchPoints="0" visitedBranchPoints="0" sequenceCoverage="0.0" branchCoverage="0" maxCyclomaticComplexity="0" minCyclomaticComplexity="0" maxCrapScore="0" minCrapScore="0" visitedClasses="0" numClasses="0" visitedMethods="0" numMethods="1" />
              <MetadataToken>100663404</MetadataToken>
              <Name>System.Boolean UnityEngine.AI.NavMeshSurface/&lt;&gt;c::&lt;AppendModifierVolumes&gt;b__76_0(UnityEngine.AI.NavMeshModifierVolume)</Name>
              <FileRef uid="20" />
              <SequencePoints>
                <SequencePoint vc="0" uspid="2817" ordinal="0" offset="0" sl="242" sc="0" el="242" ec="0" bec="0" bev="0" fileid="20" />
              </SequencePoints>
              <BranchPoints />
            </Method>
            <Method visited="false" cyclomaticComplexity="0" nPathComplexity="0" sequenceCoverage="0.0" branchCoverage="0" crapScore="0" isConstructor="false" isStatic="false" isGetter="false" isSetter="false">
              <Summary numSequencePoints="1" visitedSequencePoints="0" numBranchPoints="0" visitedBranchPoints="0" sequenceCoverage="0.0" branchCoverage="0" maxCyclomaticComplexity="0" minCyclomaticComplexity="0" maxCrapScore="0" minCrapScore="0" visitedClasses="0" numClasses="0" visitedMethods="0" numMethods="1" />
              <MetadataToken>100663405</MetadataToken>
              <Name>System.Boolean UnityEngine.AI.NavMeshSurface/&lt;&gt;c::&lt;CollectSources&gt;b__77_0(UnityEngine.AI.NavMeshModifier)</Name>
              <FileRef uid="20" />
              <SequencePoints>
                <SequencePoint vc="0" uspid="2818" ordinal="0" offset="0" sl="281" sc="0" el="281" ec="0" bec="0" bev="0" fileid="20" />
              </SequencePoints>
              <BranchPoints />
            </Method>
            <Method visited="true" cyclomaticComplexity="0" nPathComplexity="0" sequenceCoverage="100.0" branchCoverage="0" crapScore="0" isConstructor="false" isStatic="false" isGetter="false" isSetter="false">
              <Summary numSequencePoints="1" visitedSequencePoints="1" numBranchPoints="0" visitedBranchPoints="0" sequenceCoverage="100.0" branchCoverage="0" maxCyclomaticComplexity="0" minCyclomaticComplexity="0" maxCrapScore="0" minCrapScore="0" visitedClasses="0" numClasses="0" visitedMethods="1" numMethods="1" />
              <MetadataToken>100663406</MetadataToken>
              <Name>System.Boolean UnityEngine.AI.NavMeshSurface/&lt;&gt;c::&lt;CollectSources&gt;b__77_1(UnityEngine.AI.NavMeshBuildSource)</Name>
              <FileRef uid="20" />
              <SequencePoints>
                <SequencePoint vc="31" uspid="2819" ordinal="0" offset="0" sl="344" sc="42" el="344" ec="42" bec="0" bev="0" fileid="20" />
              </SequencePoints>
              <BranchPoints />
            </Method>
            <Method visited="true" cyclomaticComplexity="0" nPathComplexity="0" sequenceCoverage="100.0" branchCoverage="0" crapScore="0" isConstructor="false" isStatic="false" isGetter="false" isSetter="false">
              <Summary numSequencePoints="1" visitedSequencePoints="1" numBranchPoints="0" visitedBranchPoints="0" sequenceCoverage="100.0" branchCoverage="0" maxCyclomaticComplexity="0" minCyclomaticComplexity="0" maxCrapScore="0" minCrapScore="0" visitedClasses="0" numClasses="0" visitedMethods="1" numMethods="1" />
              <MetadataToken>100663407</MetadataToken>
              <Name>System.Boolean UnityEngine.AI.NavMeshSurface/&lt;&gt;c::&lt;CollectSources&gt;b__77_2(UnityEngine.AI.NavMeshBuildSource)</Name>
              <FileRef uid="20" />
              <SequencePoints>
                <SequencePoint vc="31" uspid="2820" ordinal="0" offset="0" sl="347" sc="42" el="347" ec="42" bec="0" bev="0" fileid="20" />
              </SequencePoints>
              <BranchPoints />
            </Method>
          </Methods>
        </Class>
      </Classes>
    </Module>
  </Modules>
</CoverageSession>