<?xml version="1.0" encoding="utf-8"?>
<CoverageSession xmlns:xsd="http://www.w3.org/2001/XMLSchema" xmlns:xsi="http://www.w3.org/2001/XMLSchema-instance" Version="0.0.0.0">
  <Summary numSequencePoints="2820" visitedSequencePoints="199" numBranchPoints="0" visitedBranchPoints="0" sequenceCoverage="7.06" branchCoverage="0.0" maxCyclomaticComplexity="0" minCyclomaticComplexity="0" maxCrapScore="0" minCrapScore="0" visitedClasses="7" numClasses="86" visitedMethods="31" numMethods="305" />
  <Modules>
    <Module>
      <Summary numSequencePoints="348" visitedSequencePoints="0" numBranchPoints="0" visitedBranchPoints="0" sequenceCoverage="0.0" branchCoverage="0.0" maxCyclomaticComplexity="0" minCyclomaticComplexity="0" maxCrapScore="0" minCrapScore="0" visitedClasses="0" numClasses="10" visitedMethods="0" numMethods="46" />
      <ModuleTime>0001-01-01T00:00:00</ModuleTime>
      <ModuleName>NavMeshComponentsTestsPlaymode</ModuleName>
      <Files>
        <File uid="1" fullPath="D:/Projects/GRIMWOOD-Bachelor/Grimwood/Assets/_Main/NavmeshComponent/Tests/NavMeshSurfaceAgentTests.cs" />
        <File uid="2" fullPath="D:/Projects/GRIMWOOD-Bachelor/Grimwood/Assets/_Main/NavmeshComponent/Tests/NavMeshSurfaceLinkTests.cs" />
        <File uid="3" fullPath="D:/Projects/GRIMWOOD-Bachelor/Grimwood/Assets/_Main/NavmeshComponent/Tests/NavMeshSurfaceModifierTests.cs" />
        <File uid="4" fullPath="D:/Projects/GRIMWOOD-Bachelor/Grimwood/Assets/_Main/NavmeshComponent/Tests/NavMeshSurfaceModifierVolumeTests.cs" />
        <File uid="5" fullPath="D:/Projects/GRIMWOOD-Bachelor/Grimwood/Assets/_Main/NavmeshComponent/Tests/NavMeshSurfaceTests.cs" />
      </Files>
      <Classes>
        <Class>
          <Summary numSequencePoints="27" visitedSequencePoints="0" numBranchPoints="0" visitedBranchPoints="0" sequenceCoverage="0.0" branchCoverage="0.0" maxCyclomaticComplexity="0" minCyclomaticComplexity="0" maxCrapScore="0" minCrapScore="0" visitedClasses="0" numClasses="1" visitedMethods="0" numMethods="4" />
          <FullName>NavMeshSurfaceAgentTests</FullName>
          <Methods>
            <Method visited="false" cyclomaticComplexity="0" nPathComplexity="0" sequenceCoverage="0.0" branchCoverage="0" crapScore="0" isConstructor="false" isStatic="false" isGetter="false" isSetter="false">
              <Summary numSequencePoints="3" visitedSequencePoints="0" numBranchPoints="0" visitedBranchPoints="0" sequenceCoverage="0.0" branchCoverage="0" maxCyclomaticComplexity="0" minCyclomaticComplexity="0" maxCrapScore="0" minCrapScore="0" visitedClasses="0" numClasses="0" visitedMethods="0" numMethods="1" />
              <MetadataToken>100663297</MetadataToken>
              <Name>System.Void NavMeshSurfaceAgentTests::Setup()</Name>
              <FileRef uid="1" />
              <SequencePoints>
                <SequencePoint vc="0" uspid="2821" ordinal="0" offset="0" sl="15" sc="5" el="15" ec="5" bec="0" bev="0" fileid="1" />
                <SequencePoint vc="0" uspid="2822" ordinal="0" offset="1" sl="16" sc="9" el="16" ec="9" bec="0" bev="0" fileid="1" />
                <SequencePoint vc="0" uspid="2823" ordinal="0" offset="18" sl="17" sc="5" el="17" ec="5" bec="0" bev="0" fileid="1" />
              </SequencePoints>
              <BranchPoints />
            </Method>
            <Method visited="false" cyclomaticComplexity="0" nPathComplexity="0" sequenceCoverage="0.0" branchCoverage="0" crapScore="0" isConstructor="false" isStatic="false" isGetter="false" isSetter="false">
              <Summary numSequencePoints="6" visitedSequencePoints="0" numBranchPoints="0" visitedBranchPoints="0" sequenceCoverage="0.0" branchCoverage="0" maxCyclomaticComplexity="0" minCyclomaticComplexity="0" maxCrapScore="0" minCrapScore="0" visitedClasses="0" numClasses="0" visitedMethods="0" numMethods="1" />
              <MetadataToken>100663298</MetadataToken>
              <Name>System.Void NavMeshSurfaceAgentTests::TearDown()</Name>
              <FileRef uid="1" />
              <SequencePoints>
                <SequencePoint vc="0" uspid="2824" ordinal="0" offset="0" sl="21" sc="5" el="21" ec="5" bec="0" bev="0" fileid="1" />
                <SequencePoint vc="0" uspid="2825" ordinal="0" offset="1" sl="22" sc="9" el="22" ec="9" bec="0" bev="0" fileid="1" />
                <SequencePoint vc="0" uspid="2826" ordinal="0" offset="18" sl="23" sc="9" el="23" ec="9" bec="0" bev="0" fileid="1" />
                <SequencePoint vc="0" uspid="2827" ordinal="0" offset="35" sl="24" sc="9" el="24" ec="9" bec="0" bev="0" fileid="1" />
                <SequencePoint vc="0" uspid="2828" ordinal="0" offset="42" sl="25" sc="9" el="25" ec="9" bec="0" bev="0" fileid="1" />
                <SequencePoint vc="0" uspid="2829" ordinal="0" offset="49" sl="26" sc="5" el="26" ec="5" bec="0" bev="0" fileid="1" />
              </SequencePoints>
              <BranchPoints />
            </Method>
            <Method visited="false" cyclomaticComplexity="0" nPathComplexity="0" sequenceCoverage="0.0" branchCoverage="0" crapScore="0" isConstructor="false" isStatic="false" isGetter="false" isSetter="false">
              <Summary numSequencePoints="6" visitedSequencePoints="0" numBranchPoints="0" visitedBranchPoints="0" sequenceCoverage="0.0" branchCoverage="0" maxCyclomaticComplexity="0" minCyclomaticComplexity="0" maxCrapScore="0" minCrapScore="0" visitedClasses="0" numClasses="0" visitedMethods="0" numMethods="1" />
              <MetadataToken>100663299</MetadataToken>
              <Name>System.Void NavMeshSurfaceAgentTests::AgentIdentifiesSurfaceOwner()</Name>
              <FileRef uid="1" />
              <SequencePoints>
                <SequencePoint vc="0" uspid="2830" ordinal="0" offset="0" sl="30" sc="5" el="30" ec="5" bec="0" bev="0" fileid="1" />
                <SequencePoint vc="0" uspid="2831" ordinal="0" offset="1" sl="31" sc="9" el="31" ec="9" bec="0" bev="0" fileid="1" />
                <SequencePoint vc="0" uspid="2832" ordinal="0" offset="13" sl="33" sc="9" el="33" ec="9" bec="0" bev="0" fileid="1" />
                <SequencePoint vc="0" uspid="2833" ordinal="0" offset="34" sl="34" sc="9" el="34" ec="9" bec="0" bev="0" fileid="1" />
                <SequencePoint vc="0" uspid="2834" ordinal="0" offset="57" sl="35" sc="9" el="35" ec="9" bec="0" bev="0" fileid="1" />
                <SequencePoint vc="0" uspid="2835" ordinal="0" offset="74" sl="36" sc="5" el="36" ec="5" bec="0" bev="0" fileid="1" />
              </SequencePoints>
              <BranchPoints />
            </Method>
            <Method visited="false" cyclomaticComplexity="0" nPathComplexity="0" sequenceCoverage="0.0" branchCoverage="0" crapScore="0" isConstructor="false" isStatic="false" isGetter="false" isSetter="false">
              <Summary numSequencePoints="12" visitedSequencePoints="0" numBranchPoints="0" visitedBranchPoints="0" sequenceCoverage="0.0" branchCoverage="0" maxCyclomaticComplexity="0" minCyclomaticComplexity="0" maxCrapScore="0" minCrapScore="0" visitedClasses="0" numClasses="0" visitedMethods="0" numMethods="1" />
              <MetadataToken>100663300</MetadataToken>
              <Name>System.Void NavMeshSurfaceAgentTests::AgentDetachesAndAttachesToSurface()</Name>
              <FileRef uid="1" />
              <SequencePoints>
                <SequencePoint vc="0" uspid="2836" ordinal="0" offset="0" sl="41" sc="0" el="41" ec="0" bec="0" bev="0" fileid="1" />
                <SequencePoint vc="0" uspid="2837" ordinal="0" offset="1" sl="42" sc="0" el="42" ec="0" bec="0" bev="0" fileid="1" />
                <SequencePoint vc="0" uspid="2838" ordinal="0" offset="13" sl="44" sc="0" el="44" ec="0" bec="0" bev="0" fileid="1" />
                <SequencePoint vc="0" uspid="2839" ordinal="0" offset="34" sl="45" sc="0" el="45" ec="0" bec="0" bev="0" fileid="1" />
                <SequencePoint vc="0" uspid="2840" ordinal="0" offset="57" sl="46" sc="0" el="46" ec="0" bec="0" bev="0" fileid="1" />
                <SequencePoint vc="0" uspid="2841" ordinal="0" offset="74" sl="48" sc="0" el="48" ec="0" bec="0" bev="0" fileid="1" />
                <SequencePoint vc="0" uspid="2842" ordinal="0" offset="87" sl="49" sc="0" el="49" ec="0" bec="0" bev="0" fileid="1" />
                <SequencePoint vc="0" uspid="2843" ordinal="0" offset="104" sl="50" sc="0" el="50" ec="0" bec="0" bev="0" fileid="1" />
                <SequencePoint vc="0" uspid="2844" ordinal="0" offset="121" sl="52" sc="0" el="52" ec="0" bec="0" bev="0" fileid="1" />
                <SequencePoint vc="0" uspid="2845" ordinal="0" offset="134" sl="53" sc="0" el="53" ec="0" bec="0" bev="0" fileid="1" />
                <SequencePoint vc="0" uspid="2846" ordinal="0" offset="157" sl="54" sc="0" el="54" ec="0" bec="0" bev="0" fileid="1" />
                <SequencePoint vc="0" uspid="2847" ordinal="0" offset="174" sl="55" sc="0" el="55" ec="0" bec="0" bev="0" fileid="1" />
              </SequencePoints>
              <BranchPoints />
            </Method>
          </Methods>
        </Class>
        <Class>
          <Summary numSequencePoints="81" visitedSequencePoints="0" numBranchPoints="0" visitedBranchPoints="0" sequenceCoverage="0.0" branchCoverage="0.0" maxCyclomaticComplexity="0" minCyclomaticComplexity="0" maxCrapScore="0" minCrapScore="0" visitedClasses="0" numClasses="1" visitedMethods="0" numMethods="9" />
          <FullName>NavMeshSurfaceLinkTests</FullName>
          <Methods>
            <Method visited="false" cyclomaticComplexity="0" nPathComplexity="0" sequenceCoverage="0.0" branchCoverage="0" crapScore="0" isConstructor="false" isStatic="false" isGetter="false" isSetter="false">
              <Summary numSequencePoints="14" visitedSequencePoints="0" numBranchPoints="0" visitedBranchPoints="0" sequenceCoverage="0.0" branchCoverage="0" maxCyclomaticComplexity="0" minCyclomaticComplexity="0" maxCrapScore="0" minCrapScore="0" visitedClasses="0" numClasses="0" visitedMethods="0" numMethods="1" />
              <MetadataToken>100663304</MetadataToken>
              <Name>System.Void NavMeshSurfaceLinkTests::CreatesPlanesAndLink()</Name>
              <FileRef uid="2" />
              <SequencePoints>
                <SequencePoint vc="0" uspid="2848" ordinal="0" offset="0" sl="17" sc="5" el="17" ec="5" bec="0" bev="0" fileid="2" />
                <SequencePoint vc="0" uspid="2849" ordinal="0" offset="1" sl="18" sc="9" el="18" ec="9" bec="0" bev="0" fileid="2" />
                <SequencePoint vc="0" uspid="2850" ordinal="0" offset="13" sl="19" sc="9" el="19" ec="9" bec="0" bev="0" fileid="2" />
                <SequencePoint vc="0" uspid="2851" ordinal="0" offset="25" sl="20" sc="9" el="20" ec="9" bec="0" bev="0" fileid="2" />
                <SequencePoint vc="0" uspid="2852" ordinal="0" offset="57" sl="22" sc="9" el="22" ec="9" bec="0" bev="0" fileid="2" />
                <SequencePoint vc="0" uspid="2853" ordinal="0" offset="73" sl="23" sc="9" el="23" ec="9" bec="0" bev="0" fileid="2" />
                <SequencePoint vc="0" uspid="2854" ordinal="0" offset="85" sl="25" sc="9" el="25" ec="9" bec="0" bev="0" fileid="2" />
                <SequencePoint vc="0" uspid="2855" ordinal="0" offset="110" sl="26" sc="9" el="26" ec="9" bec="0" bev="0" fileid="2" />
                <SequencePoint vc="0" uspid="2856" ordinal="0" offset="135" sl="28" sc="9" el="28" ec="9" bec="0" bev="0" fileid="2" />
                <SequencePoint vc="0" uspid="2857" ordinal="0" offset="151" sl="29" sc="9" el="29" ec="9" bec="0" bev="0" fileid="2" />
                <SequencePoint vc="0" uspid="2858" ordinal="0" offset="179" sl="30" sc="9" el="30" ec="9" bec="0" bev="0" fileid="2" />
                <SequencePoint vc="0" uspid="2859" ordinal="0" offset="207" sl="32" sc="9" el="32" ec="9" bec="0" bev="0" fileid="2" />
                <SequencePoint vc="0" uspid="2860" ordinal="0" offset="232" sl="33" sc="9" el="33" ec="9" bec="0" bev="0" fileid="2" />
                <SequencePoint vc="0" uspid="2861" ordinal="0" offset="257" sl="34" sc="5" el="34" ec="5" bec="0" bev="0" fileid="2" />
              </SequencePoints>
              <BranchPoints />
            </Method>
            <Method visited="false" cyclomaticComplexity="0" nPathComplexity="0" sequenceCoverage="0.0" branchCoverage="0" crapScore="0" isConstructor="false" isStatic="false" isGetter="false" isSetter="false">
              <Summary numSequencePoints="6" visitedSequencePoints="0" numBranchPoints="0" visitedBranchPoints="0" sequenceCoverage="0.0" branchCoverage="0" maxCyclomaticComplexity="0" minCyclomaticComplexity="0" maxCrapScore="0" minCrapScore="0" visitedClasses="0" numClasses="0" visitedMethods="0" numMethods="1" />
              <MetadataToken>100663305</MetadataToken>
              <Name>System.Void NavMeshSurfaceLinkTests::DestroyPlanesAndLink()</Name>
              <FileRef uid="2" />
              <SequencePoints>
                <SequencePoint vc="0" uspid="2862" ordinal="0" offset="0" sl="38" sc="5" el="38" ec="5" bec="0" bev="0" fileid="2" />
                <SequencePoint vc="0" uspid="2863" ordinal="0" offset="1" sl="39" sc="9" el="39" ec="9" bec="0" bev="0" fileid="2" />
                <SequencePoint vc="0" uspid="2864" ordinal="0" offset="18" sl="40" sc="9" el="40" ec="9" bec="0" bev="0" fileid="2" />
                <SequencePoint vc="0" uspid="2865" ordinal="0" offset="35" sl="41" sc="9" el="41" ec="9" bec="0" bev="0" fileid="2" />
                <SequencePoint vc="0" uspid="2866" ordinal="0" offset="47" sl="42" sc="9" el="42" ec="9" bec="0" bev="0" fileid="2" />
                <SequencePoint vc="0" uspid="2867" ordinal="0" offset="59" sl="43" sc="5" el="43" ec="5" bec="0" bev="0" fileid="2" />
              </SequencePoints>
              <BranchPoints />
            </Method>
            <Method visited="false" cyclomaticComplexity="0" nPathComplexity="0" sequenceCoverage="0.0" branchCoverage="0" crapScore="0" isConstructor="false" isStatic="false" isGetter="false" isSetter="false">
              <Summary numSequencePoints="3" visitedSequencePoints="0" numBranchPoints="0" visitedBranchPoints="0" sequenceCoverage="0.0" branchCoverage="0" maxCyclomaticComplexity="0" minCyclomaticComplexity="0" maxCrapScore="0" minCrapScore="0" visitedClasses="0" numClasses="0" visitedMethods="0" numMethods="1" />
              <MetadataToken>100663306</MetadataToken>
              <Name>System.Void NavMeshSurfaceLinkTests::NavMeshLinkCanConnectTwoSurfaces()</Name>
              <FileRef uid="2" />
              <SequencePoints>
                <SequencePoint vc="0" uspid="2868" ordinal="0" offset="0" sl="47" sc="5" el="47" ec="5" bec="0" bev="0" fileid="2" />
                <SequencePoint vc="0" uspid="2869" ordinal="0" offset="1" sl="48" sc="9" el="48" ec="9" bec="0" bev="0" fileid="2" />
                <SequencePoint vc="0" uspid="2870" ordinal="0" offset="26" sl="49" sc="5" el="49" ec="5" bec="0" bev="0" fileid="2" />
              </SequencePoints>
              <BranchPoints />
            </Method>
            <Method visited="false" cyclomaticComplexity="0" nPathComplexity="0" sequenceCoverage="0.0" branchCoverage="0" crapScore="0" isConstructor="false" isStatic="false" isGetter="false" isSetter="false">
              <Summary numSequencePoints="5" visitedSequencePoints="0" numBranchPoints="0" visitedBranchPoints="0" sequenceCoverage="0.0" branchCoverage="0" maxCyclomaticComplexity="0" minCyclomaticComplexity="0" maxCrapScore="0" minCrapScore="0" visitedClasses="0" numClasses="0" visitedMethods="0" numMethods="1" />
              <MetadataToken>100663307</MetadataToken>
              <Name>System.Void NavMeshSurfaceLinkTests::DisablingBidirectionalMakesTheLinkOneWay()</Name>
              <FileRef uid="2" />
              <SequencePoints>
                <SequencePoint vc="0" uspid="2871" ordinal="0" offset="0" sl="53" sc="5" el="53" ec="5" bec="0" bev="0" fileid="2" />
                <SequencePoint vc="0" uspid="2872" ordinal="0" offset="1" sl="54" sc="9" el="54" ec="9" bec="0" bev="0" fileid="2" />
                <SequencePoint vc="0" uspid="2873" ordinal="0" offset="14" sl="55" sc="9" el="55" ec="9" bec="0" bev="0" fileid="2" />
                <SequencePoint vc="0" uspid="2874" ordinal="0" offset="39" sl="56" sc="9" el="56" ec="9" bec="0" bev="0" fileid="2" />
                <SequencePoint vc="0" uspid="2875" ordinal="0" offset="64" sl="57" sc="5" el="57" ec="5" bec="0" bev="0" fileid="2" />
              </SequencePoints>
              <BranchPoints />
            </Method>
            <Method visited="false" cyclomaticComplexity="0" nPathComplexity="0" sequenceCoverage="0.0" branchCoverage="0" crapScore="0" isConstructor="false" isStatic="false" isGetter="false" isSetter="false">
              <Summary numSequencePoints="6" visitedSequencePoints="0" numBranchPoints="0" visitedBranchPoints="0" sequenceCoverage="0.0" branchCoverage="0" maxCyclomaticComplexity="0" minCyclomaticComplexity="0" maxCrapScore="0" minCrapScore="0" visitedClasses="0" numClasses="0" visitedMethods="0" numMethods="1" />
              <MetadataToken>100663308</MetadataToken>
              <Name>System.Void NavMeshSurfaceLinkTests::ChangingAreaTypeCanBlockPath()</Name>
              <FileRef uid="2" />
              <SequencePoints>
                <SequencePoint vc="0" uspid="2876" ordinal="0" offset="0" sl="61" sc="5" el="61" ec="5" bec="0" bev="0" fileid="2" />
                <SequencePoint vc="0" uspid="2877" ordinal="0" offset="1" sl="62" sc="9" el="62" ec="9" bec="0" bev="0" fileid="2" />
                <SequencePoint vc="0" uspid="2878" ordinal="0" offset="4" sl="63" sc="9" el="63" ec="9" bec="0" bev="0" fileid="2" />
                <SequencePoint vc="0" uspid="2879" ordinal="0" offset="29" sl="65" sc="9" el="65" ec="9" bec="0" bev="0" fileid="2" />
                <SequencePoint vc="0" uspid="2880" ordinal="0" offset="42" sl="66" sc="9" el="66" ec="9" bec="0" bev="0" fileid="2" />
                <SequencePoint vc="0" uspid="2881" ordinal="0" offset="67" sl="67" sc="5" el="67" ec="5" bec="0" bev="0" fileid="2" />
              </SequencePoints>
              <BranchPoints />
            </Method>
            <Method visited="false" cyclomaticComplexity="0" nPathComplexity="0" sequenceCoverage="0.0" branchCoverage="0" crapScore="0" isConstructor="false" isStatic="false" isGetter="false" isSetter="false">
              <Summary numSequencePoints="8" visitedSequencePoints="0" numBranchPoints="0" visitedBranchPoints="0" sequenceCoverage="0.0" branchCoverage="0" maxCyclomaticComplexity="0" minCyclomaticComplexity="0" maxCrapScore="0" minCrapScore="0" visitedClasses="0" numClasses="0" visitedMethods="0" numMethods="1" />
              <MetadataToken>100663309</MetadataToken>
              <Name>System.Void NavMeshSurfaceLinkTests::EndpointsMoveRelativeToLinkOnUpdate()</Name>
              <FileRef uid="2" />
              <SequencePoints>
                <SequencePoint vc="0" uspid="2882" ordinal="0" offset="0" sl="71" sc="5" el="71" ec="5" bec="0" bev="0" fileid="2" />
                <SequencePoint vc="0" uspid="2883" ordinal="0" offset="1" sl="72" sc="9" el="72" ec="9" bec="0" bev="0" fileid="2" />
                <SequencePoint vc="0" uspid="2884" ordinal="0" offset="34" sl="73" sc="9" el="73" ec="9" bec="0" bev="0" fileid="2" />
                <SequencePoint vc="0" uspid="2885" ordinal="0" offset="85" sl="74" sc="9" el="74" ec="9" bec="0" bev="0" fileid="2" />
                <SequencePoint vc="0" uspid="2886" ordinal="0" offset="136" sl="76" sc="9" el="76" ec="9" bec="0" bev="0" fileid="2" />
                <SequencePoint vc="0" uspid="2887" ordinal="0" offset="148" sl="78" sc="9" el="78" ec="9" bec="0" bev="0" fileid="2" />
                <SequencePoint vc="0" uspid="2888" ordinal="0" offset="199" sl="79" sc="9" el="79" ec="9" bec="0" bev="0" fileid="2" />
                <SequencePoint vc="0" uspid="2889" ordinal="0" offset="250" sl="80" sc="5" el="80" ec="5" bec="0" bev="0" fileid="2" />
              </SequencePoints>
              <BranchPoints />
            </Method>
            <Method visited="false" cyclomaticComplexity="0" nPathComplexity="0" sequenceCoverage="0.0" branchCoverage="0" crapScore="0" isConstructor="false" isStatic="false" isGetter="false" isSetter="false">
              <Summary numSequencePoints="16" visitedSequencePoints="0" numBranchPoints="0" visitedBranchPoints="0" sequenceCoverage="0.0" branchCoverage="0" maxCyclomaticComplexity="0" minCyclomaticComplexity="0" maxCrapScore="0" minCrapScore="0" visitedClasses="0" numClasses="0" visitedMethods="0" numMethods="1" />
              <MetadataToken>100663311</MetadataToken>
              <Name>System.Void NavMeshSurfaceLinkTests::ChangingCostModifierAffectsRoute()</Name>
              <FileRef uid="2" />
              <SequencePoints>
                <SequencePoint vc="0" uspid="2890" ordinal="0" offset="0" sl="99" sc="5" el="99" ec="5" bec="0" bev="0" fileid="2" />
                <SequencePoint vc="0" uspid="2891" ordinal="0" offset="1" sl="100" sc="9" el="100" ec="9" bec="0" bev="0" fileid="2" />
                <SequencePoint vc="0" uspid="2892" ordinal="0" offset="8" sl="101" sc="9" el="101" ec="9" bec="0" bev="0" fileid="2" />
                <SequencePoint vc="0" uspid="2893" ordinal="0" offset="31" sl="102" sc="9" el="102" ec="9" bec="0" bev="0" fileid="2" />
                <SequencePoint vc="0" uspid="2894" ordinal="0" offset="64" sl="104" sc="9" el="104" ec="9" bec="0" bev="0" fileid="2" />
                <SequencePoint vc="0" uspid="2895" ordinal="0" offset="81" sl="105" sc="9" el="105" ec="9" bec="0" bev="0" fileid="2" />
                <SequencePoint vc="0" uspid="2896" ordinal="0" offset="104" sl="106" sc="9" el="106" ec="9" bec="0" bev="0" fileid="2" />
                <SequencePoint vc="0" uspid="2897" ordinal="0" offset="137" sl="108" sc="9" el="108" ec="9" bec="0" bev="0" fileid="2" />
                <SequencePoint vc="0" uspid="2898" ordinal="0" offset="145" sl="109" sc="9" el="109" ec="9" bec="0" bev="0" fileid="2" />
                <SequencePoint vc="0" uspid="2899" ordinal="0" offset="154" sl="110" sc="9" el="110" ec="9" bec="0" bev="0" fileid="2" />
                <SequencePoint vc="0" uspid="2900" ordinal="0" offset="185" sl="111" sc="9" el="111" ec="9" bec="0" bev="0" fileid="2" />
                <SequencePoint vc="0" uspid="2901" ordinal="0" offset="216" sl="113" sc="9" el="113" ec="9" bec="0" bev="0" fileid="2" />
                <SequencePoint vc="0" uspid="2902" ordinal="0" offset="225" sl="114" sc="9" el="114" ec="9" bec="0" bev="0" fileid="2" />
                <SequencePoint vc="0" uspid="2903" ordinal="0" offset="233" sl="115" sc="9" el="115" ec="9" bec="0" bev="0" fileid="2" />
                <SequencePoint vc="0" uspid="2904" ordinal="0" offset="264" sl="116" sc="9" el="116" ec="9" bec="0" bev="0" fileid="2" />
                <SequencePoint vc="0" uspid="2905" ordinal="0" offset="295" sl="117" sc="5" el="117" ec="5" bec="0" bev="0" fileid="2" />
              </SequencePoints>
              <BranchPoints />
            </Method>
            <Method visited="false" cyclomaticComplexity="0" nPathComplexity="0" sequenceCoverage="0.0" branchCoverage="0" crapScore="0" isConstructor="false" isStatic="true" isGetter="false" isSetter="false">
              <Summary numSequencePoints="8" visitedSequencePoints="0" numBranchPoints="0" visitedBranchPoints="0" sequenceCoverage="0.0" branchCoverage="0" maxCyclomaticComplexity="0" minCyclomaticComplexity="0" maxCrapScore="0" minCrapScore="0" visitedClasses="0" numClasses="0" visitedMethods="0" numMethods="1" />
              <MetadataToken>100663312</MetadataToken>
              <Name>static System.Boolean NavMeshSurfaceLinkTests::HasPathConnecting(UnityEngine.GameObject, UnityEngine.GameObject, System.Int32, System.Int32)</Name>
              <FileRef uid="2" />
              <SequencePoints>
                <SequencePoint vc="0" uspid="2906" ordinal="0" offset="0" sl="120" sc="5" el="120" ec="5" bec="0" bev="0" fileid="2" />
                <SequencePoint vc="0" uspid="2907" ordinal="0" offset="1" sl="121" sc="9" el="121" ec="9" bec="0" bev="0" fileid="2" />
                <SequencePoint vc="0" uspid="2908" ordinal="0" offset="7" sl="122" sc="9" el="122" ec="9" bec="0" bev="0" fileid="2" />
                <SequencePoint vc="0" uspid="2909" ordinal="0" offset="15" sl="123" sc="9" el="123" ec="9" bec="0" bev="0" fileid="2" />
                <SequencePoint vc="0" uspid="2910" ordinal="0" offset="24" sl="124" sc="9" el="124" ec="9" bec="0" bev="0" fileid="2" />
                <SequencePoint vc="0" uspid="2911" ordinal="0" offset="33" sl="125" sc="9" el="125" ec="9" bec="0" bev="0" fileid="2" />
                <SequencePoint vc="0" uspid="2912" ordinal="0" offset="63" sl="126" sc="9" el="126" ec="9" bec="0" bev="0" fileid="2" />
                <SequencePoint vc="0" uspid="2913" ordinal="0" offset="75" sl="127" sc="5" el="127" ec="5" bec="0" bev="0" fileid="2" />
              </SequencePoints>
              <BranchPoints />
            </Method>
            <Method visited="false" cyclomaticComplexity="0" nPathComplexity="0" sequenceCoverage="0.0" branchCoverage="0" crapScore="0" isConstructor="false" isStatic="true" isGetter="false" isSetter="false">
              <Summary numSequencePoints="15" visitedSequencePoints="0" numBranchPoints="0" visitedBranchPoints="0" sequenceCoverage="0.0" branchCoverage="0" maxCyclomaticComplexity="0" minCyclomaticComplexity="0" maxCrapScore="0" minCrapScore="0" visitedClasses="0" numClasses="0" visitedMethods="0" numMethods="1" />
              <MetadataToken>100663313</MetadataToken>
              <Name>static System.Boolean NavMeshSurfaceLinkTests::HasPathConnectingViaPoint(UnityEngine.GameObject, UnityEngine.GameObject, UnityEngine.Vector3, System.Int32, System.Int32)</Name>
              <FileRef uid="2" />
              <SequencePoints>
                <SequencePoint vc="0" uspid="2914" ordinal="0" offset="0" sl="130" sc="5" el="130" ec="5" bec="0" bev="0" fileid="2" />
                <SequencePoint vc="0" uspid="2915" ordinal="0" offset="1" sl="131" sc="9" el="131" ec="9" bec="0" bev="0" fileid="2" />
                <SequencePoint vc="0" uspid="2916" ordinal="0" offset="7" sl="132" sc="9" el="132" ec="9" bec="0" bev="0" fileid="2" />
                <SequencePoint vc="0" uspid="2917" ordinal="0" offset="15" sl="133" sc="9" el="133" ec="9" bec="0" bev="0" fileid="2" />
                <SequencePoint vc="0" uspid="2918" ordinal="0" offset="24" sl="134" sc="9" el="134" ec="9" bec="0" bev="0" fileid="2" />
                <SequencePoint vc="0" uspid="2919" ordinal="0" offset="34" sl="135" sc="9" el="135" ec="9" bec="0" bev="0" fileid="2" />
                <SequencePoint vc="0" uspid="2920" ordinal="0" offset="64" sl="136" sc="9" el="136" ec="9" bec="0" bev="0" fileid="2" />
                <SequencePoint vc="0" uspid="2921" ordinal="0" offset="77" sl="137" sc="13" el="137" ec="13" bec="0" bev="0" fileid="2" />
                <SequencePoint vc="0" uspid="2922" ordinal="0" offset="81" sl="139" sc="14" el="139" ec="14" bec="0" bev="0" fileid="2" />
                <SequencePoint vc="0" uspid="2923" ordinal="0" offset="86" sl="140" sc="13" el="140" ec="13" bec="0" bev="0" fileid="2" />
                <SequencePoint vc="0" uspid="2924" ordinal="0" offset="118" sl="141" sc="17" el="141" ec="17" bec="0" bev="0" fileid="2" />
                <SequencePoint vc="0" uspid="2925" ordinal="0" offset="122" sl="139" sc="50" el="139" ec="50" bec="0" bev="0" fileid="2" />
                <SequencePoint vc="0" uspid="2926" ordinal="0" offset="128" sl="139" sc="25" el="139" ec="25" bec="0" bev="0" fileid="2" />
                <SequencePoint vc="0" uspid="2927" ordinal="0" offset="146" sl="142" sc="9" el="142" ec="9" bec="0" bev="0" fileid="2" />
                <SequencePoint vc="0" uspid="2928" ordinal="0" offset="150" sl="143" sc="5" el="143" ec="5" bec="0" bev="0" fileid="2" />
              </SequencePoints>
              <BranchPoints />
            </Method>
          </Methods>
        </Class>
        <Class>
          <Summary numSequencePoints="58" visitedSequencePoints="0" numBranchPoints="0" visitedBranchPoints="0" sequenceCoverage="0.0" branchCoverage="0.0" maxCyclomaticComplexity="0" minCyclomaticComplexity="0" maxCrapScore="0" minCrapScore="0" visitedClasses="0" numClasses="1" visitedMethods="0" numMethods="8" />
          <FullName>NavMeshSurfaceModifierTests</FullName>
          <Methods>
            <Method visited="false" cyclomaticComplexity="0" nPathComplexity="0" sequenceCoverage="0.0" branchCoverage="0" crapScore="0" isConstructor="false" isStatic="false" isGetter="false" isSetter="false">
              <Summary numSequencePoints="5" visitedSequencePoints="0" numBranchPoints="0" visitedBranchPoints="0" sequenceCoverage="0.0" branchCoverage="0" maxCyclomaticComplexity="0" minCyclomaticComplexity="0" maxCrapScore="0" minCrapScore="0" visitedClasses="0" numClasses="0" visitedMethods="0" numMethods="1" />
              <MetadataToken>100663315</MetadataToken>
              <Name>System.Void NavMeshSurfaceModifierTests::CreatePlaneWithModifier()</Name>
              <FileRef uid="3" />
              <SequencePoints>
                <SequencePoint vc="0" uspid="2929" ordinal="0" offset="0" sl="16" sc="5" el="16" ec="5" bec="0" bev="0" fileid="3" />
                <SequencePoint vc="0" uspid="2930" ordinal="0" offset="1" sl="17" sc="9" el="17" ec="9" bec="0" bev="0" fileid="3" />
                <SequencePoint vc="0" uspid="2931" ordinal="0" offset="8" sl="18" sc="9" el="18" ec="9" bec="0" bev="0" fileid="3" />
                <SequencePoint vc="0" uspid="2932" ordinal="0" offset="20" sl="19" sc="9" el="19" ec="9" bec="0" bev="0" fileid="3" />
                <SequencePoint vc="0" uspid="2933" ordinal="0" offset="32" sl="20" sc="5" el="20" ec="5" bec="0" bev="0" fileid="3" />
              </SequencePoints>
              <BranchPoints />
            </Method>
            <Method visited="false" cyclomaticComplexity="0" nPathComplexity="0" sequenceCoverage="0.0" branchCoverage="0" crapScore="0" isConstructor="false" isStatic="false" isGetter="false" isSetter="false">
              <Summary numSequencePoints="3" visitedSequencePoints="0" numBranchPoints="0" visitedBranchPoints="0" sequenceCoverage="0.0" branchCoverage="0" maxCyclomaticComplexity="0" minCyclomaticComplexity="0" maxCrapScore="0" minCrapScore="0" visitedClasses="0" numClasses="0" visitedMethods="0" numMethods="1" />
              <MetadataToken>100663316</MetadataToken>
              <Name>System.Void NavMeshSurfaceModifierTests::DestroyPlaneWithModifier()</Name>
              <FileRef uid="3" />
              <SequencePoints>
                <SequencePoint vc="0" uspid="2934" ordinal="0" offset="0" sl="24" sc="5" el="24" ec="5" bec="0" bev="0" fileid="3" />
                <SequencePoint vc="0" uspid="2935" ordinal="0" offset="1" sl="25" sc="9" el="25" ec="9" bec="0" bev="0" fileid="3" />
                <SequencePoint vc="0" uspid="2936" ordinal="0" offset="18" sl="26" sc="5" el="26" ec="5" bec="0" bev="0" fileid="3" />
              </SequencePoints>
              <BranchPoints />
            </Method>
            <Method visited="false" cyclomaticComplexity="0" nPathComplexity="0" sequenceCoverage="0.0" branchCoverage="0" crapScore="0" isConstructor="false" isStatic="false" isGetter="false" isSetter="false">
              <Summary numSequencePoints="5" visitedSequencePoints="0" numBranchPoints="0" visitedBranchPoints="0" sequenceCoverage="0.0" branchCoverage="0" maxCyclomaticComplexity="0" minCyclomaticComplexity="0" maxCrapScore="0" minCrapScore="0" visitedClasses="0" numClasses="0" visitedMethods="0" numMethods="1" />
              <MetadataToken>100663317</MetadataToken>
              <Name>System.Void NavMeshSurfaceModifierTests::ModifierIgnoreAffectsSelf()</Name>
              <FileRef uid="3" />
              <SequencePoints>
                <SequencePoint vc="0" uspid="2937" ordinal="0" offset="0" sl="30" sc="5" el="30" ec="5" bec="0" bev="0" fileid="3" />
                <SequencePoint vc="0" uspid="2938" ordinal="0" offset="1" sl="31" sc="9" el="31" ec="9" bec="0" bev="0" fileid="3" />
                <SequencePoint vc="0" uspid="2939" ordinal="0" offset="14" sl="33" sc="9" el="33" ec="9" bec="0" bev="0" fileid="3" />
                <SequencePoint vc="0" uspid="2940" ordinal="0" offset="26" sl="35" sc="9" el="35" ec="9" bec="0" bev="0" fileid="3" />
                <SequencePoint vc="0" uspid="2941" ordinal="0" offset="39" sl="36" sc="5" el="36" ec="5" bec="0" bev="0" fileid="3" />
              </SequencePoints>
              <BranchPoints />
            </Method>
            <Method visited="false" cyclomaticComplexity="0" nPathComplexity="0" sequenceCoverage="0.0" branchCoverage="0" crapScore="0" isConstructor="false" isStatic="false" isGetter="false" isSetter="false">
              <Summary numSequencePoints="9" visitedSequencePoints="0" numBranchPoints="0" visitedBranchPoints="0" sequenceCoverage="0.0" branchCoverage="0" maxCyclomaticComplexity="0" minCyclomaticComplexity="0" maxCrapScore="0" minCrapScore="0" visitedClasses="0" numClasses="0" visitedMethods="0" numMethods="1" />
              <MetadataToken>100663318</MetadataToken>
              <Name>System.Void NavMeshSurfaceModifierTests::ModifierIgnoreAffectsChild()</Name>
              <FileRef uid="3" />
              <SequencePoints>
                <SequencePoint vc="0" uspid="2942" ordinal="0" offset="0" sl="40" sc="5" el="40" ec="5" bec="0" bev="0" fileid="3" />
                <SequencePoint vc="0" uspid="2943" ordinal="0" offset="1" sl="41" sc="9" el="41" ec="9" bec="0" bev="0" fileid="3" />
                <SequencePoint vc="0" uspid="2944" ordinal="0" offset="14" sl="42" sc="9" el="42" ec="9" bec="0" bev="0" fileid="3" />
                <SequencePoint vc="0" uspid="2945" ordinal="0" offset="32" sl="44" sc="9" el="44" ec="9" bec="0" bev="0" fileid="3" />
                <SequencePoint vc="0" uspid="2946" ordinal="0" offset="39" sl="45" sc="9" el="45" ec="9" bec="0" bev="0" fileid="3" />
                <SequencePoint vc="0" uspid="2947" ordinal="0" offset="62" sl="47" sc="9" el="47" ec="9" bec="0" bev="0" fileid="3" />
                <SequencePoint vc="0" uspid="2948" ordinal="0" offset="74" sl="49" sc="9" el="49" ec="9" bec="0" bev="0" fileid="3" />
                <SequencePoint vc="0" uspid="2949" ordinal="0" offset="87" sl="50" sc="9" el="50" ec="9" bec="0" bev="0" fileid="3" />
                <SequencePoint vc="0" uspid="2950" ordinal="0" offset="94" sl="51" sc="5" el="51" ec="5" bec="0" bev="0" fileid="3" />
              </SequencePoints>
              <BranchPoints />
            </Method>
            <Method visited="false" cyclomaticComplexity="0" nPathComplexity="0" sequenceCoverage="0.0" branchCoverage="0" crapScore="0" isConstructor="false" isStatic="false" isGetter="false" isSetter="false">
              <Summary numSequencePoints="8" visitedSequencePoints="0" numBranchPoints="0" visitedBranchPoints="0" sequenceCoverage="0.0" branchCoverage="0" maxCyclomaticComplexity="0" minCyclomaticComplexity="0" maxCrapScore="0" minCrapScore="0" visitedClasses="0" numClasses="0" visitedMethods="0" numMethods="1" />
              <MetadataToken>100663319</MetadataToken>
              <Name>System.Void NavMeshSurfaceModifierTests::ModifierIgnoreDoesNotAffectSibling()</Name>
              <FileRef uid="3" />
              <SequencePoints>
                <SequencePoint vc="0" uspid="2951" ordinal="0" offset="0" sl="55" sc="5" el="55" ec="5" bec="0" bev="0" fileid="3" />
                <SequencePoint vc="0" uspid="2952" ordinal="0" offset="1" sl="56" sc="9" el="56" ec="9" bec="0" bev="0" fileid="3" />
                <SequencePoint vc="0" uspid="2953" ordinal="0" offset="14" sl="57" sc="9" el="57" ec="9" bec="0" bev="0" fileid="3" />
                <SequencePoint vc="0" uspid="2954" ordinal="0" offset="32" sl="59" sc="9" el="59" ec="9" bec="0" bev="0" fileid="3" />
                <SequencePoint vc="0" uspid="2955" ordinal="0" offset="39" sl="61" sc="9" el="61" ec="9" bec="0" bev="0" fileid="3" />
                <SequencePoint vc="0" uspid="2956" ordinal="0" offset="51" sl="63" sc="9" el="63" ec="9" bec="0" bev="0" fileid="3" />
                <SequencePoint vc="0" uspid="2957" ordinal="0" offset="64" sl="64" sc="9" el="64" ec="9" bec="0" bev="0" fileid="3" />
                <SequencePoint vc="0" uspid="2958" ordinal="0" offset="71" sl="65" sc="5" el="65" ec="5" bec="0" bev="0" fileid="3" />
              </SequencePoints>
              <BranchPoints />
            </Method>
            <Method visited="false" cyclomaticComplexity="0" nPathComplexity="0" sequenceCoverage="0.0" branchCoverage="0" crapScore="0" isConstructor="false" isStatic="false" isGetter="false" isSetter="false">
              <Summary numSequencePoints="7" visitedSequencePoints="0" numBranchPoints="0" visitedBranchPoints="0" sequenceCoverage="0.0" branchCoverage="0" maxCyclomaticComplexity="0" minCyclomaticComplexity="0" maxCrapScore="0" minCrapScore="0" visitedClasses="0" numClasses="0" visitedMethods="0" numMethods="1" />
              <MetadataToken>100663320</MetadataToken>
              <Name>System.Void NavMeshSurfaceModifierTests::ModifierOverrideAreaAffectsSelf()</Name>
              <FileRef uid="3" />
              <SequencePoints>
                <SequencePoint vc="0" uspid="2959" ordinal="0" offset="0" sl="69" sc="5" el="69" ec="5" bec="0" bev="0" fileid="3" />
                <SequencePoint vc="0" uspid="2960" ordinal="0" offset="1" sl="70" sc="9" el="70" ec="9" bec="0" bev="0" fileid="3" />
                <SequencePoint vc="0" uspid="2961" ordinal="0" offset="14" sl="71" sc="9" el="71" ec="9" bec="0" bev="0" fileid="3" />
                <SequencePoint vc="0" uspid="2962" ordinal="0" offset="27" sl="73" sc="9" el="73" ec="9" bec="0" bev="0" fileid="3" />
                <SequencePoint vc="0" uspid="2963" ordinal="0" offset="39" sl="75" sc="9" el="75" ec="9" bec="0" bev="0" fileid="3" />
                <SequencePoint vc="0" uspid="2964" ordinal="0" offset="42" sl="76" sc="9" el="76" ec="9" bec="0" bev="0" fileid="3" />
                <SequencePoint vc="0" uspid="2965" ordinal="0" offset="55" sl="77" sc="5" el="77" ec="5" bec="0" bev="0" fileid="3" />
              </SequencePoints>
              <BranchPoints />
            </Method>
            <Method visited="false" cyclomaticComplexity="0" nPathComplexity="0" sequenceCoverage="0.0" branchCoverage="0" crapScore="0" isConstructor="false" isStatic="false" isGetter="false" isSetter="false">
              <Summary numSequencePoints="11" visitedSequencePoints="0" numBranchPoints="0" visitedBranchPoints="0" sequenceCoverage="0.0" branchCoverage="0" maxCyclomaticComplexity="0" minCyclomaticComplexity="0" maxCrapScore="0" minCrapScore="0" visitedClasses="0" numClasses="0" visitedMethods="0" numMethods="1" />
              <MetadataToken>100663321</MetadataToken>
              <Name>System.Void NavMeshSurfaceModifierTests::ModifierOverrideAreaAffectsChild()</Name>
              <FileRef uid="3" />
              <SequencePoints>
                <SequencePoint vc="0" uspid="2966" ordinal="0" offset="0" sl="81" sc="5" el="81" ec="5" bec="0" bev="0" fileid="3" />
                <SequencePoint vc="0" uspid="2967" ordinal="0" offset="1" sl="82" sc="9" el="82" ec="9" bec="0" bev="0" fileid="3" />
                <SequencePoint vc="0" uspid="2968" ordinal="0" offset="14" sl="83" sc="9" el="83" ec="9" bec="0" bev="0" fileid="3" />
                <SequencePoint vc="0" uspid="2969" ordinal="0" offset="27" sl="84" sc="9" el="84" ec="9" bec="0" bev="0" fileid="3" />
                <SequencePoint vc="0" uspid="2970" ordinal="0" offset="45" sl="86" sc="9" el="86" ec="9" bec="0" bev="0" fileid="3" />
                <SequencePoint vc="0" uspid="2971" ordinal="0" offset="52" sl="87" sc="9" el="87" ec="9" bec="0" bev="0" fileid="3" />
                <SequencePoint vc="0" uspid="2972" ordinal="0" offset="75" sl="89" sc="9" el="89" ec="9" bec="0" bev="0" fileid="3" />
                <SequencePoint vc="0" uspid="2973" ordinal="0" offset="87" sl="91" sc="9" el="91" ec="9" bec="0" bev="0" fileid="3" />
                <SequencePoint vc="0" uspid="2974" ordinal="0" offset="90" sl="92" sc="9" el="92" ec="9" bec="0" bev="0" fileid="3" />
                <SequencePoint vc="0" uspid="2975" ordinal="0" offset="103" sl="93" sc="9" el="93" ec="9" bec="0" bev="0" fileid="3" />
                <SequencePoint vc="0" uspid="2976" ordinal="0" offset="110" sl="94" sc="5" el="94" ec="5" bec="0" bev="0" fileid="3" />
              </SequencePoints>
              <BranchPoints />
            </Method>
            <Method visited="false" cyclomaticComplexity="0" nPathComplexity="0" sequenceCoverage="0.0" branchCoverage="0" crapScore="0" isConstructor="false" isStatic="false" isGetter="false" isSetter="false">
              <Summary numSequencePoints="10" visitedSequencePoints="0" numBranchPoints="0" visitedBranchPoints="0" sequenceCoverage="0.0" branchCoverage="0" maxCyclomaticComplexity="0" minCyclomaticComplexity="0" maxCrapScore="0" minCrapScore="0" visitedClasses="0" numClasses="0" visitedMethods="0" numMethods="1" />
              <MetadataToken>100663322</MetadataToken>
              <Name>System.Void NavMeshSurfaceModifierTests::ModifierOverrideAreaDoesNotAffectSibling()</Name>
              <FileRef uid="3" />
              <SequencePoints>
                <SequencePoint vc="0" uspid="2977" ordinal="0" offset="0" sl="98" sc="5" el="98" ec="5" bec="0" bev="0" fileid="3" />
                <SequencePoint vc="0" uspid="2978" ordinal="0" offset="1" sl="99" sc="9" el="99" ec="9" bec="0" bev="0" fileid="3" />
                <SequencePoint vc="0" uspid="2979" ordinal="0" offset="14" sl="100" sc="9" el="100" ec="9" bec="0" bev="0" fileid="3" />
                <SequencePoint vc="0" uspid="2980" ordinal="0" offset="27" sl="101" sc="9" el="101" ec="9" bec="0" bev="0" fileid="3" />
                <SequencePoint vc="0" uspid="2981" ordinal="0" offset="45" sl="103" sc="9" el="103" ec="9" bec="0" bev="0" fileid="3" />
                <SequencePoint vc="0" uspid="2982" ordinal="0" offset="52" sl="105" sc="9" el="105" ec="9" bec="0" bev="0" fileid="3" />
                <SequencePoint vc="0" uspid="2983" ordinal="0" offset="64" sl="107" sc="9" el="107" ec="9" bec="0" bev="0" fileid="3" />
                <SequencePoint vc="0" uspid="2984" ordinal="0" offset="66" sl="108" sc="9" el="108" ec="9" bec="0" bev="0" fileid="3" />
                <SequencePoint vc="0" uspid="2985" ordinal="0" offset="79" sl="109" sc="9" el="109" ec="9" bec="0" bev="0" fileid="3" />
                <SequencePoint vc="0" uspid="2986" ordinal="0" offset="86" sl="110" sc="5" el="110" ec="5" bec="0" bev="0" fileid="3" />
              </SequencePoints>
              <BranchPoints />
            </Method>
          </Methods>
        </Class>
        <Class>
          <Summary numSequencePoints="35" visitedSequencePoints="0" numBranchPoints="0" visitedBranchPoints="0" sequenceCoverage="0.0" branchCoverage="0.0" maxCyclomaticComplexity="0" minCyclomaticComplexity="0" maxCrapScore="0" minCrapScore="0" visitedClasses="0" numClasses="1" visitedMethods="0" numMethods="5" />
          <FullName>NavMeshSurfaceModifierVolumeTests</FullName>
          <Methods>
            <Method visited="false" cyclomaticComplexity="0" nPathComplexity="0" sequenceCoverage="0.0" branchCoverage="0" crapScore="0" isConstructor="false" isStatic="false" isGetter="false" isSetter="false">
              <Summary numSequencePoints="5" visitedSequencePoints="0" numBranchPoints="0" visitedBranchPoints="0" sequenceCoverage="0.0" branchCoverage="0" maxCyclomaticComplexity="0" minCyclomaticComplexity="0" maxCrapScore="0" minCrapScore="0" visitedClasses="0" numClasses="0" visitedMethods="0" numMethods="1" />
              <MetadataToken>100663324</MetadataToken>
              <Name>System.Void NavMeshSurfaceModifierVolumeTests::CreatePlaneAndModifierVolume()</Name>
              <FileRef uid="4" />
              <SequencePoints>
                <SequencePoint vc="0" uspid="2987" ordinal="0" offset="0" sl="16" sc="5" el="16" ec="5" bec="0" bev="0" fileid="4" />
                <SequencePoint vc="0" uspid="2988" ordinal="0" offset="1" sl="17" sc="9" el="17" ec="9" bec="0" bev="0" fileid="4" />
                <SequencePoint vc="0" uspid="2989" ordinal="0" offset="8" sl="18" sc="9" el="18" ec="9" bec="0" bev="0" fileid="4" />
                <SequencePoint vc="0" uspid="2990" ordinal="0" offset="20" sl="20" sc="9" el="20" ec="9" bec="0" bev="0" fileid="4" />
                <SequencePoint vc="0" uspid="2991" ordinal="0" offset="36" sl="21" sc="5" el="21" ec="5" bec="0" bev="0" fileid="4" />
              </SequencePoints>
              <BranchPoints />
            </Method>
            <Method visited="false" cyclomaticComplexity="0" nPathComplexity="0" sequenceCoverage="0.0" branchCoverage="0" crapScore="0" isConstructor="false" isStatic="false" isGetter="false" isSetter="false">
              <Summary numSequencePoints="4" visitedSequencePoints="0" numBranchPoints="0" visitedBranchPoints="0" sequenceCoverage="0.0" branchCoverage="0" maxCyclomaticComplexity="0" minCyclomaticComplexity="0" maxCrapScore="0" minCrapScore="0" visitedClasses="0" numClasses="0" visitedMethods="0" numMethods="1" />
              <MetadataToken>100663325</MetadataToken>
              <Name>System.Void NavMeshSurfaceModifierVolumeTests::DestroyPlaneAndModifierVolume()</Name>
              <FileRef uid="4" />
              <SequencePoints>
                <SequencePoint vc="0" uspid="2992" ordinal="0" offset="0" sl="25" sc="5" el="25" ec="5" bec="0" bev="0" fileid="4" />
                <SequencePoint vc="0" uspid="2993" ordinal="0" offset="1" sl="26" sc="9" el="26" ec="9" bec="0" bev="0" fileid="4" />
                <SequencePoint vc="0" uspid="2994" ordinal="0" offset="18" sl="27" sc="9" el="27" ec="9" bec="0" bev="0" fileid="4" />
                <SequencePoint vc="0" uspid="2995" ordinal="0" offset="35" sl="28" sc="5" el="28" ec="5" bec="0" bev="0" fileid="4" />
              </SequencePoints>
              <BranchPoints />
            </Method>
            <Method visited="false" cyclomaticComplexity="0" nPathComplexity="0" sequenceCoverage="0.0" branchCoverage="0" crapScore="0" isConstructor="false" isStatic="false" isGetter="false" isSetter="false">
              <Summary numSequencePoints="8" visitedSequencePoints="0" numBranchPoints="0" visitedBranchPoints="0" sequenceCoverage="0.0" branchCoverage="0" maxCyclomaticComplexity="0" minCyclomaticComplexity="0" maxCrapScore="0" minCrapScore="0" visitedClasses="0" numClasses="0" visitedMethods="0" numMethods="1" />
              <MetadataToken>100663326</MetadataToken>
              <Name>System.Void NavMeshSurfaceModifierVolumeTests::AreaAffectsNavMeshOverlapping()</Name>
              <FileRef uid="4" />
              <SequencePoints>
                <SequencePoint vc="0" uspid="2996" ordinal="0" offset="0" sl="32" sc="5" el="32" ec="5" bec="0" bev="0" fileid="4" />
                <SequencePoint vc="0" uspid="2997" ordinal="0" offset="1" sl="33" sc="9" el="33" ec="9" bec="0" bev="0" fileid="4" />
                <SequencePoint vc="0" uspid="2998" ordinal="0" offset="18" sl="34" sc="9" el="34" ec="9" bec="0" bev="0" fileid="4" />
                <SequencePoint vc="0" uspid="2999" ordinal="0" offset="35" sl="35" sc="9" el="35" ec="9" bec="0" bev="0" fileid="4" />
                <SequencePoint vc="0" uspid="3000" ordinal="0" offset="48" sl="37" sc="9" el="37" ec="9" bec="0" bev="0" fileid="4" />
                <SequencePoint vc="0" uspid="3001" ordinal="0" offset="60" sl="39" sc="9" el="39" ec="9" bec="0" bev="0" fileid="4" />
                <SequencePoint vc="0" uspid="3002" ordinal="0" offset="63" sl="40" sc="9" el="40" ec="9" bec="0" bev="0" fileid="4" />
                <SequencePoint vc="0" uspid="3003" ordinal="0" offset="76" sl="41" sc="5" el="41" ec="5" bec="0" bev="0" fileid="4" />
              </SequencePoints>
              <BranchPoints />
            </Method>
            <Method visited="false" cyclomaticComplexity="0" nPathComplexity="0" sequenceCoverage="0.0" branchCoverage="0" crapScore="0" isConstructor="false" isStatic="false" isGetter="false" isSetter="false">
              <Summary numSequencePoints="8" visitedSequencePoints="0" numBranchPoints="0" visitedBranchPoints="0" sequenceCoverage="0.0" branchCoverage="0" maxCyclomaticComplexity="0" minCyclomaticComplexity="0" maxCrapScore="0" minCrapScore="0" visitedClasses="0" numClasses="0" visitedMethods="0" numMethods="1" />
              <MetadataToken>100663327</MetadataToken>
              <Name>System.Void NavMeshSurfaceModifierVolumeTests::AreaDoesNotAffectsNavMeshWhenNotOverlapping()</Name>
              <FileRef uid="4" />
              <SequencePoints>
                <SequencePoint vc="0" uspid="3004" ordinal="0" offset="0" sl="45" sc="5" el="45" ec="5" bec="0" bev="0" fileid="4" />
                <SequencePoint vc="0" uspid="3005" ordinal="0" offset="1" sl="46" sc="9" el="46" ec="9" bec="0" bev="0" fileid="4" />
                <SequencePoint vc="0" uspid="3006" ordinal="0" offset="28" sl="47" sc="9" el="47" ec="9" bec="0" bev="0" fileid="4" />
                <SequencePoint vc="0" uspid="3007" ordinal="0" offset="45" sl="48" sc="9" el="48" ec="9" bec="0" bev="0" fileid="4" />
                <SequencePoint vc="0" uspid="3008" ordinal="0" offset="58" sl="50" sc="9" el="50" ec="9" bec="0" bev="0" fileid="4" />
                <SequencePoint vc="0" uspid="3009" ordinal="0" offset="70" sl="52" sc="9" el="52" ec="9" bec="0" bev="0" fileid="4" />
                <SequencePoint vc="0" uspid="3010" ordinal="0" offset="72" sl="53" sc="9" el="53" ec="9" bec="0" bev="0" fileid="4" />
                <SequencePoint vc="0" uspid="3011" ordinal="0" offset="85" sl="54" sc="5" el="54" ec="5" bec="0" bev="0" fileid="4" />
              </SequencePoints>
              <BranchPoints />
            </Method>
            <Method visited="false" cyclomaticComplexity="0" nPathComplexity="0" sequenceCoverage="0.0" branchCoverage="0" crapScore="0" isConstructor="false" isStatic="false" isGetter="false" isSetter="false">
              <Summary numSequencePoints="10" visitedSequencePoints="0" numBranchPoints="0" visitedBranchPoints="0" sequenceCoverage="0.0" branchCoverage="0" maxCyclomaticComplexity="0" minCyclomaticComplexity="0" maxCrapScore="0" minCrapScore="0" visitedClasses="0" numClasses="0" visitedMethods="0" numMethods="1" />
              <MetadataToken>100663328</MetadataToken>
              <Name>System.Void NavMeshSurfaceModifierVolumeTests::BuildUsesOnlyIncludedModifierVolume()</Name>
              <FileRef uid="4" />
              <SequencePoints>
                <SequencePoint vc="0" uspid="3012" ordinal="0" offset="0" sl="58" sc="5" el="58" ec="5" bec="0" bev="0" fileid="4" />
                <SequencePoint vc="0" uspid="3013" ordinal="0" offset="1" sl="59" sc="9" el="59" ec="9" bec="0" bev="0" fileid="4" />
                <SequencePoint vc="0" uspid="3014" ordinal="0" offset="18" sl="60" sc="9" el="60" ec="9" bec="0" bev="0" fileid="4" />
                <SequencePoint vc="0" uspid="3015" ordinal="0" offset="35" sl="61" sc="9" el="61" ec="9" bec="0" bev="0" fileid="4" />
                <SequencePoint vc="0" uspid="3016" ordinal="0" offset="48" sl="62" sc="9" el="62" ec="9" bec="0" bev="0" fileid="4" />
                <SequencePoint vc="0" uspid="3017" ordinal="0" offset="66" sl="64" sc="9" el="64" ec="9" bec="0" bev="0" fileid="4" />
                <SequencePoint vc="0" uspid="3018" ordinal="0" offset="88" sl="65" sc="9" el="65" ec="9" bec="0" bev="0" fileid="4" />
                <SequencePoint vc="0" uspid="3019" ordinal="0" offset="100" sl="67" sc="9" el="67" ec="9" bec="0" bev="0" fileid="4" />
                <SequencePoint vc="0" uspid="3020" ordinal="0" offset="102" sl="68" sc="9" el="68" ec="9" bec="0" bev="0" fileid="4" />
                <SequencePoint vc="0" uspid="3021" ordinal="0" offset="115" sl="69" sc="5" el="69" ec="5" bec="0" bev="0" fileid="4" />
              </SequencePoints>
              <BranchPoints />
            </Method>
          </Methods>
        </Class>
        <Class>
          <Summary numSequencePoints="98" visitedSequencePoints="0" numBranchPoints="0" visitedBranchPoints="0" sequenceCoverage="0.0" branchCoverage="0.0" maxCyclomaticComplexity="0" minCyclomaticComplexity="0" maxCrapScore="0" minCrapScore="0" visitedClasses="0" numClasses="1" visitedMethods="0" numMethods="15" />
          <FullName>NavMeshSurfaceTests</FullName>
          <Methods>
            <Method visited="false" cyclomaticComplexity="0" nPathComplexity="0" sequenceCoverage="0.0" branchCoverage="0" crapScore="0" isConstructor="false" isStatic="false" isGetter="false" isSetter="false">
              <Summary numSequencePoints="5" visitedSequencePoints="0" numBranchPoints="0" visitedBranchPoints="0" sequenceCoverage="0.0" branchCoverage="0" maxCyclomaticComplexity="0" minCyclomaticComplexity="0" maxCrapScore="0" minCrapScore="0" visitedClasses="0" numClasses="0" visitedMethods="0" numMethods="1" />
              <MetadataToken>100663330</MetadataToken>
              <Name>System.Void NavMeshSurfaceTests::CreatePlaneWithSurface()</Name>
              <FileRef uid="5" />
              <SequencePoints>
                <SequencePoint vc="0" uspid="3022" ordinal="0" offset="0" sl="16" sc="5" el="16" ec="5" bec="0" bev="0" fileid="5" />
                <SequencePoint vc="0" uspid="3023" ordinal="0" offset="1" sl="17" sc="9" el="17" ec="9" bec="0" bev="0" fileid="5" />
                <SequencePoint vc="0" uspid="3024" ordinal="0" offset="13" sl="18" sc="9" el="18" ec="9" bec="0" bev="0" fileid="5" />
                <SequencePoint vc="0" uspid="3025" ordinal="0" offset="29" sl="19" sc="9" el="19" ec="9" bec="0" bev="0" fileid="5" />
                <SequencePoint vc="0" uspid="3026" ordinal="0" offset="42" sl="20" sc="5" el="20" ec="5" bec="0" bev="0" fileid="5" />
              </SequencePoints>
              <BranchPoints />
            </Method>
            <Method visited="false" cyclomaticComplexity="0" nPathComplexity="0" sequenceCoverage="0.0" branchCoverage="0" crapScore="0" isConstructor="false" isStatic="false" isGetter="false" isSetter="false">
              <Summary numSequencePoints="5" visitedSequencePoints="0" numBranchPoints="0" visitedBranchPoints="0" sequenceCoverage="0.0" branchCoverage="0" maxCyclomaticComplexity="0" minCyclomaticComplexity="0" maxCrapScore="0" minCrapScore="0" visitedClasses="0" numClasses="0" visitedMethods="0" numMethods="1" />
              <MetadataToken>100663331</MetadataToken>
              <Name>System.Void NavMeshSurfaceTests::DestroyPlaneWithSurface()</Name>
              <FileRef uid="5" />
              <SequencePoints>
                <SequencePoint vc="0" uspid="3027" ordinal="0" offset="0" sl="24" sc="5" el="24" ec="5" bec="0" bev="0" fileid="5" />
                <SequencePoint vc="0" uspid="3028" ordinal="0" offset="1" sl="25" sc="9" el="25" ec="9" bec="0" bev="0" fileid="5" />
                <SequencePoint vc="0" uspid="3029" ordinal="0" offset="13" sl="26" sc="9" el="26" ec="9" bec="0" bev="0" fileid="5" />
                <SequencePoint vc="0" uspid="3030" ordinal="0" offset="30" sl="27" sc="9" el="27" ec="9" bec="0" bev="0" fileid="5" />
                <SequencePoint vc="0" uspid="3031" ordinal="0" offset="43" sl="28" sc="5" el="28" ec="5" bec="0" bev="0" fileid="5" />
              </SequencePoints>
              <BranchPoints />
            </Method>
            <Method visited="false" cyclomaticComplexity="0" nPathComplexity="0" sequenceCoverage="0.0" branchCoverage="0" crapScore="0" isConstructor="false" isStatic="false" isGetter="false" isSetter="false">
              <Summary numSequencePoints="4" visitedSequencePoints="0" numBranchPoints="0" visitedBranchPoints="0" sequenceCoverage="0.0" branchCoverage="0" maxCyclomaticComplexity="0" minCyclomaticComplexity="0" maxCrapScore="0" minCrapScore="0" visitedClasses="0" numClasses="0" visitedMethods="0" numMethods="1" />
              <MetadataToken>100663332</MetadataToken>
              <Name>System.Void NavMeshSurfaceTests::NavMeshIsAvailableAfterBuild()</Name>
              <FileRef uid="5" />
              <SequencePoints>
                <SequencePoint vc="0" uspid="3032" ordinal="0" offset="0" sl="32" sc="5" el="32" ec="5" bec="0" bev="0" fileid="5" />
                <SequencePoint vc="0" uspid="3033" ordinal="0" offset="1" sl="33" sc="9" el="33" ec="9" bec="0" bev="0" fileid="5" />
                <SequencePoint vc="0" uspid="3034" ordinal="0" offset="13" sl="34" sc="9" el="34" ec="9" bec="0" bev="0" fileid="5" />
                <SequencePoint vc="0" uspid="3035" ordinal="0" offset="26" sl="35" sc="5" el="35" ec="5" bec="0" bev="0" fileid="5" />
              </SequencePoints>
              <BranchPoints />
            </Method>
            <Method visited="false" cyclomaticComplexity="0" nPathComplexity="0" sequenceCoverage="0.0" branchCoverage="0" crapScore="0" isConstructor="false" isStatic="false" isGetter="false" isSetter="false">
              <Summary numSequencePoints="8" visitedSequencePoints="0" numBranchPoints="0" visitedBranchPoints="0" sequenceCoverage="0.0" branchCoverage="0" maxCyclomaticComplexity="0" minCyclomaticComplexity="0" maxCrapScore="0" minCrapScore="0" visitedClasses="0" numClasses="0" visitedMethods="0" numMethods="1" />
              <MetadataToken>100663333</MetadataToken>
              <Name>System.Void NavMeshSurfaceTests::NavMeshCanBeRemovedAndAdded()</Name>
              <FileRef uid="5" />
              <SequencePoints>
                <SequencePoint vc="0" uspid="3036" ordinal="0" offset="0" sl="39" sc="5" el="39" ec="5" bec="0" bev="0" fileid="5" />
                <SequencePoint vc="0" uspid="3037" ordinal="0" offset="1" sl="40" sc="9" el="40" ec="9" bec="0" bev="0" fileid="5" />
                <SequencePoint vc="0" uspid="3038" ordinal="0" offset="13" sl="41" sc="9" el="41" ec="9" bec="0" bev="0" fileid="5" />
                <SequencePoint vc="0" uspid="3039" ordinal="0" offset="26" sl="43" sc="9" el="43" ec="9" bec="0" bev="0" fileid="5" />
                <SequencePoint vc="0" uspid="3040" ordinal="0" offset="38" sl="44" sc="9" el="44" ec="9" bec="0" bev="0" fileid="5" />
                <SequencePoint vc="0" uspid="3041" ordinal="0" offset="51" sl="46" sc="9" el="46" ec="9" bec="0" bev="0" fileid="5" />
                <SequencePoint vc="0" uspid="3042" ordinal="0" offset="63" sl="47" sc="9" el="47" ec="9" bec="0" bev="0" fileid="5" />
                <SequencePoint vc="0" uspid="3043" ordinal="0" offset="76" sl="48" sc="5" el="48" ec="5" bec="0" bev="0" fileid="5" />
              </SequencePoints>
              <BranchPoints />
            </Method>
            <Method visited="false" cyclomaticComplexity="0" nPathComplexity="0" sequenceCoverage="0.0" branchCoverage="0" crapScore="0" isConstructor="false" isStatic="false" isGetter="false" isSetter="false">
              <Summary numSequencePoints="7" visitedSequencePoints="0" numBranchPoints="0" visitedBranchPoints="0" sequenceCoverage="0.0" branchCoverage="0" maxCyclomaticComplexity="0" minCyclomaticComplexity="0" maxCrapScore="0" minCrapScore="0" visitedClasses="0" numClasses="0" visitedMethods="0" numMethods="1" />
              <MetadataToken>100663334</MetadataToken>
              <Name>System.Void NavMeshSurfaceTests::NavMeshIsNotAvailableWhenDisabled()</Name>
              <FileRef uid="5" />
              <SequencePoints>
                <SequencePoint vc="0" uspid="3044" ordinal="0" offset="0" sl="52" sc="5" el="52" ec="5" bec="0" bev="0" fileid="5" />
                <SequencePoint vc="0" uspid="3045" ordinal="0" offset="1" sl="53" sc="9" el="53" ec="9" bec="0" bev="0" fileid="5" />
                <SequencePoint vc="0" uspid="3046" ordinal="0" offset="13" sl="55" sc="9" el="55" ec="9" bec="0" bev="0" fileid="5" />
                <SequencePoint vc="0" uspid="3047" ordinal="0" offset="26" sl="56" sc="9" el="56" ec="9" bec="0" bev="0" fileid="5" />
                <SequencePoint vc="0" uspid="3048" ordinal="0" offset="39" sl="58" sc="9" el="58" ec="9" bec="0" bev="0" fileid="5" />
                <SequencePoint vc="0" uspid="3049" ordinal="0" offset="52" sl="59" sc="9" el="59" ec="9" bec="0" bev="0" fileid="5" />
                <SequencePoint vc="0" uspid="3050" ordinal="0" offset="65" sl="60" sc="5" el="60" ec="5" bec="0" bev="0" fileid="5" />
              </SequencePoints>
              <BranchPoints />
            </Method>
            <Method visited="false" cyclomaticComplexity="0" nPathComplexity="0" sequenceCoverage="0.0" branchCoverage="0" crapScore="0" isConstructor="false" isStatic="false" isGetter="false" isSetter="false">
              <Summary numSequencePoints="6" visitedSequencePoints="0" numBranchPoints="0" visitedBranchPoints="0" sequenceCoverage="0.0" branchCoverage="0" maxCyclomaticComplexity="0" minCyclomaticComplexity="0" maxCrapScore="0" minCrapScore="0" visitedClasses="0" numClasses="0" visitedMethods="0" numMethods="1" />
              <MetadataToken>100663335</MetadataToken>
              <Name>System.Void NavMeshSurfaceTests::CanBuildWithCustomArea()</Name>
              <FileRef uid="5" />
              <SequencePoints>
                <SequencePoint vc="0" uspid="3051" ordinal="0" offset="0" sl="64" sc="5" el="64" ec="5" bec="0" bev="0" fileid="5" />
                <SequencePoint vc="0" uspid="3052" ordinal="0" offset="1" sl="65" sc="9" el="65" ec="9" bec="0" bev="0" fileid="5" />
                <SequencePoint vc="0" uspid="3053" ordinal="0" offset="14" sl="66" sc="9" el="66" ec="9" bec="0" bev="0" fileid="5" />
                <SequencePoint vc="0" uspid="3054" ordinal="0" offset="17" sl="68" sc="9" el="68" ec="9" bec="0" bev="0" fileid="5" />
                <SequencePoint vc="0" uspid="3055" ordinal="0" offset="29" sl="69" sc="9" el="69" ec="9" bec="0" bev="0" fileid="5" />
                <SequencePoint vc="0" uspid="3056" ordinal="0" offset="42" sl="70" sc="5" el="70" ec="5" bec="0" bev="0" fileid="5" />
              </SequencePoints>
              <BranchPoints />
            </Method>
            <Method visited="false" cyclomaticComplexity="0" nPathComplexity="0" sequenceCoverage="0.0" branchCoverage="0" crapScore="0" isConstructor="false" isStatic="false" isGetter="false" isSetter="false">
              <Summary numSequencePoints="5" visitedSequencePoints="0" numBranchPoints="0" visitedBranchPoints="0" sequenceCoverage="0.0" branchCoverage="0" maxCyclomaticComplexity="0" minCyclomaticComplexity="0" maxCrapScore="0" minCrapScore="0" visitedClasses="0" numClasses="0" visitedMethods="0" numMethods="1" />
              <MetadataToken>100663336</MetadataToken>
              <Name>System.Void NavMeshSurfaceTests::CanBuildWithCustomAgentTypeID()</Name>
              <FileRef uid="5" />
              <SequencePoints>
                <SequencePoint vc="0" uspid="3057" ordinal="0" offset="0" sl="74" sc="5" el="74" ec="5" bec="0" bev="0" fileid="5" />
                <SequencePoint vc="0" uspid="3058" ordinal="0" offset="1" sl="75" sc="9" el="75" ec="9" bec="0" bev="0" fileid="5" />
                <SequencePoint vc="0" uspid="3059" ordinal="0" offset="18" sl="76" sc="9" el="76" ec="9" bec="0" bev="0" fileid="5" />
                <SequencePoint vc="0" uspid="3060" ordinal="0" offset="30" sl="78" sc="9" el="78" ec="9" bec="0" bev="0" fileid="5" />
                <SequencePoint vc="0" uspid="3061" ordinal="0" offset="47" sl="79" sc="5" el="79" ec="5" bec="0" bev="0" fileid="5" />
              </SequencePoints>
              <BranchPoints />
            </Method>
            <Method visited="false" cyclomaticComplexity="0" nPathComplexity="0" sequenceCoverage="0.0" branchCoverage="0" crapScore="0" isConstructor="false" isStatic="false" isGetter="false" isSetter="false">
              <Summary numSequencePoints="9" visitedSequencePoints="0" numBranchPoints="0" visitedBranchPoints="0" sequenceCoverage="0.0" branchCoverage="0" maxCyclomaticComplexity="0" minCyclomaticComplexity="0" maxCrapScore="0" minCrapScore="0" visitedClasses="0" numClasses="0" visitedMethods="0" numMethods="1" />
              <MetadataToken>100663337</MetadataToken>
              <Name>System.Void NavMeshSurfaceTests::CanBuildCollidersAndIgnoreRenderMeshes()</Name>
              <FileRef uid="5" />
              <SequencePoints>
                <SequencePoint vc="0" uspid="3062" ordinal="0" offset="0" sl="83" sc="5" el="83" ec="5" bec="0" bev="0" fileid="5" />
                <SequencePoint vc="0" uspid="3063" ordinal="0" offset="1" sl="84" sc="9" el="84" ec="9" bec="0" bev="0" fileid="5" />
                <SequencePoint vc="0" uspid="3064" ordinal="0" offset="19" sl="86" sc="9" el="86" ec="9" bec="0" bev="0" fileid="5" />
                <SequencePoint vc="0" uspid="3065" ordinal="0" offset="32" sl="87" sc="9" el="87" ec="9" bec="0" bev="0" fileid="5" />
                <SequencePoint vc="0" uspid="3066" ordinal="0" offset="44" sl="88" sc="9" el="88" ec="9" bec="0" bev="0" fileid="5" />
                <SequencePoint vc="0" uspid="3067" ordinal="0" offset="57" sl="90" sc="9" el="90" ec="9" bec="0" bev="0" fileid="5" />
                <SequencePoint vc="0" uspid="3068" ordinal="0" offset="70" sl="91" sc="9" el="91" ec="9" bec="0" bev="0" fileid="5" />
                <SequencePoint vc="0" uspid="3069" ordinal="0" offset="82" sl="92" sc="9" el="92" ec="9" bec="0" bev="0" fileid="5" />
                <SequencePoint vc="0" uspid="3070" ordinal="0" offset="95" sl="93" sc="5" el="93" ec="5" bec="0" bev="0" fileid="5" />
              </SequencePoints>
              <BranchPoints />
            </Method>
            <Method visited="false" cyclomaticComplexity="0" nPathComplexity="0" sequenceCoverage="0.0" branchCoverage="0" crapScore="0" isConstructor="false" isStatic="false" isGetter="false" isSetter="false">
              <Summary numSequencePoints="9" visitedSequencePoints="0" numBranchPoints="0" visitedBranchPoints="0" sequenceCoverage="0.0" branchCoverage="0" maxCyclomaticComplexity="0" minCyclomaticComplexity="0" maxCrapScore="0" minCrapScore="0" visitedClasses="0" numClasses="0" visitedMethods="0" numMethods="1" />
              <MetadataToken>100663338</MetadataToken>
              <Name>System.Void NavMeshSurfaceTests::CanBuildRenderMeshesAndIgnoreColliders()</Name>
              <FileRef uid="5" />
              <SequencePoints>
                <SequencePoint vc="0" uspid="3071" ordinal="0" offset="0" sl="97" sc="5" el="97" ec="5" bec="0" bev="0" fileid="5" />
                <SequencePoint vc="0" uspid="3072" ordinal="0" offset="1" sl="98" sc="9" el="98" ec="9" bec="0" bev="0" fileid="5" />
                <SequencePoint vc="0" uspid="3073" ordinal="0" offset="19" sl="100" sc="9" el="100" ec="9" bec="0" bev="0" fileid="5" />
                <SequencePoint vc="0" uspid="3074" ordinal="0" offset="32" sl="101" sc="9" el="101" ec="9" bec="0" bev="0" fileid="5" />
                <SequencePoint vc="0" uspid="3075" ordinal="0" offset="44" sl="102" sc="9" el="102" ec="9" bec="0" bev="0" fileid="5" />
                <SequencePoint vc="0" uspid="3076" ordinal="0" offset="57" sl="104" sc="9" el="104" ec="9" bec="0" bev="0" fileid="5" />
                <SequencePoint vc="0" uspid="3077" ordinal="0" offset="70" sl="105" sc="9" el="105" ec="9" bec="0" bev="0" fileid="5" />
                <SequencePoint vc="0" uspid="3078" ordinal="0" offset="82" sl="106" sc="9" el="106" ec="9" bec="0" bev="0" fileid="5" />
                <SequencePoint vc="0" uspid="3079" ordinal="0" offset="95" sl="107" sc="5" el="107" ec="5" bec="0" bev="0" fileid="5" />
              </SequencePoints>
              <BranchPoints />
            </Method>
            <Method visited="false" cyclomaticComplexity="0" nPathComplexity="0" sequenceCoverage="0.0" branchCoverage="0" crapScore="0" isConstructor="false" isStatic="false" isGetter="false" isSetter="false">
              <Summary numSequencePoints="7" visitedSequencePoints="0" numBranchPoints="0" visitedBranchPoints="0" sequenceCoverage="0.0" branchCoverage="0" maxCyclomaticComplexity="0" minCyclomaticComplexity="0" maxCrapScore="0" minCrapScore="0" visitedClasses="0" numClasses="0" visitedMethods="0" numMethods="1" />
              <MetadataToken>100663339</MetadataToken>
              <Name>System.Void NavMeshSurfaceTests::BuildIgnoresGeometryOutsideBounds()</Name>
              <FileRef uid="5" />
              <SequencePoints>
                <SequencePoint vc="0" uspid="3080" ordinal="0" offset="0" sl="111" sc="5" el="111" ec="5" bec="0" bev="0" fileid="5" />
                <SequencePoint vc="0" uspid="3081" ordinal="0" offset="1" sl="112" sc="9" el="112" ec="9" bec="0" bev="0" fileid="5" />
                <SequencePoint vc="0" uspid="3082" ordinal="0" offset="14" sl="113" sc="9" el="113" ec="9" bec="0" bev="0" fileid="5" />
                <SequencePoint vc="0" uspid="3083" ordinal="0" offset="46" sl="114" sc="9" el="114" ec="9" bec="0" bev="0" fileid="5" />
                <SequencePoint vc="0" uspid="3084" ordinal="0" offset="78" sl="116" sc="9" el="116" ec="9" bec="0" bev="0" fileid="5" />
                <SequencePoint vc="0" uspid="3085" ordinal="0" offset="90" sl="117" sc="9" el="117" ec="9" bec="0" bev="0" fileid="5" />
                <SequencePoint vc="0" uspid="3086" ordinal="0" offset="103" sl="118" sc="5" el="118" ec="5" bec="0" bev="0" fileid="5" />
              </SequencePoints>
              <BranchPoints />
            </Method>
            <Method visited="false" cyclomaticComplexity="0" nPathComplexity="0" sequenceCoverage="0.0" branchCoverage="0" crapScore="0" isConstructor="false" isStatic="false" isGetter="false" isSetter="false">
              <Summary numSequencePoints="5" visitedSequencePoints="0" numBranchPoints="0" visitedBranchPoints="0" sequenceCoverage="0.0" branchCoverage="0" maxCyclomaticComplexity="0" minCyclomaticComplexity="0" maxCrapScore="0" minCrapScore="0" visitedClasses="0" numClasses="0" visitedMethods="0" numMethods="1" />
              <MetadataToken>100663340</MetadataToken>
              <Name>System.Void NavMeshSurfaceTests::BuildIgnoresGeometrySiblings()</Name>
              <FileRef uid="5" />
              <SequencePoints>
                <SequencePoint vc="0" uspid="3087" ordinal="0" offset="0" sl="122" sc="5" el="122" ec="5" bec="0" bev="0" fileid="5" />
                <SequencePoint vc="0" uspid="3088" ordinal="0" offset="1" sl="123" sc="9" el="123" ec="9" bec="0" bev="0" fileid="5" />
                <SequencePoint vc="0" uspid="3089" ordinal="0" offset="14" sl="125" sc="9" el="125" ec="9" bec="0" bev="0" fileid="5" />
                <SequencePoint vc="0" uspid="3090" ordinal="0" offset="26" sl="126" sc="9" el="126" ec="9" bec="0" bev="0" fileid="5" />
                <SequencePoint vc="0" uspid="3091" ordinal="0" offset="39" sl="127" sc="5" el="127" ec="5" bec="0" bev="0" fileid="5" />
              </SequencePoints>
              <BranchPoints />
            </Method>
            <Method visited="false" cyclomaticComplexity="0" nPathComplexity="0" sequenceCoverage="0.0" branchCoverage="0" crapScore="0" isConstructor="false" isStatic="false" isGetter="false" isSetter="false">
              <Summary numSequencePoints="6" visitedSequencePoints="0" numBranchPoints="0" visitedBranchPoints="0" sequenceCoverage="0.0" branchCoverage="0" maxCyclomaticComplexity="0" minCyclomaticComplexity="0" maxCrapScore="0" minCrapScore="0" visitedClasses="0" numClasses="0" visitedMethods="0" numMethods="1" />
              <MetadataToken>100663341</MetadataToken>
              <Name>System.Void NavMeshSurfaceTests::BuildUsesOnlyIncludedLayers()</Name>
              <FileRef uid="5" />
              <SequencePoints>
                <SequencePoint vc="0" uspid="3092" ordinal="0" offset="0" sl="131" sc="5" el="131" ec="5" bec="0" bev="0" fileid="5" />
                <SequencePoint vc="0" uspid="3093" ordinal="0" offset="1" sl="132" sc="9" el="132" ec="9" bec="0" bev="0" fileid="5" />
                <SequencePoint vc="0" uspid="3094" ordinal="0" offset="14" sl="133" sc="9" el="133" ec="9" bec="0" bev="0" fileid="5" />
                <SequencePoint vc="0" uspid="3095" ordinal="0" offset="33" sl="135" sc="9" el="135" ec="9" bec="0" bev="0" fileid="5" />
                <SequencePoint vc="0" uspid="3096" ordinal="0" offset="45" sl="136" sc="9" el="136" ec="9" bec="0" bev="0" fileid="5" />
                <SequencePoint vc="0" uspid="3097" ordinal="0" offset="58" sl="137" sc="5" el="137" ec="5" bec="0" bev="0" fileid="5" />
              </SequencePoints>
              <BranchPoints />
            </Method>
            <Method visited="false" cyclomaticComplexity="0" nPathComplexity="0" sequenceCoverage="0.0" branchCoverage="0" crapScore="0" isConstructor="false" isStatic="false" isGetter="false" isSetter="false">
              <Summary numSequencePoints="4" visitedSequencePoints="0" numBranchPoints="0" visitedBranchPoints="0" sequenceCoverage="0.0" branchCoverage="0" maxCyclomaticComplexity="0" minCyclomaticComplexity="0" maxCrapScore="0" minCrapScore="0" visitedClasses="0" numClasses="0" visitedMethods="0" numMethods="1" />
              <MetadataToken>100663342</MetadataToken>
              <Name>System.Void NavMeshSurfaceTests::DefaultSettingsMatchBuiltinSettings()</Name>
              <FileRef uid="5" />
              <SequencePoints>
                <SequencePoint vc="0" uspid="3098" ordinal="0" offset="0" sl="141" sc="5" el="141" ec="5" bec="0" bev="0" fileid="5" />
                <SequencePoint vc="0" uspid="3099" ordinal="0" offset="1" sl="142" sc="9" el="142" ec="9" bec="0" bev="0" fileid="5" />
                <SequencePoint vc="0" uspid="3100" ordinal="0" offset="13" sl="143" sc="9" el="143" ec="9" bec="0" bev="0" fileid="5" />
                <SequencePoint vc="0" uspid="3101" ordinal="0" offset="36" sl="144" sc="5" el="144" ec="5" bec="0" bev="0" fileid="5" />
              </SequencePoints>
              <BranchPoints />
            </Method>
            <Method visited="false" cyclomaticComplexity="0" nPathComplexity="0" sequenceCoverage="0.0" branchCoverage="0" crapScore="0" isConstructor="false" isStatic="false" isGetter="false" isSetter="false">
              <Summary numSequencePoints="11" visitedSequencePoints="0" numBranchPoints="0" visitedBranchPoints="0" sequenceCoverage="0.0" branchCoverage="0" maxCyclomaticComplexity="0" minCyclomaticComplexity="0" maxCrapScore="0" minCrapScore="0" visitedClasses="0" numClasses="0" visitedMethods="0" numMethods="1" />
              <MetadataToken>100663343</MetadataToken>
              <Name>System.Void NavMeshSurfaceTests::ActiveSurfacesContainsOnlyActiveAndEnabledSurface()</Name>
              <FileRef uid="5" />
              <SequencePoints>
                <SequencePoint vc="0" uspid="3102" ordinal="0" offset="0" sl="148" sc="5" el="148" ec="5" bec="0" bev="0" fileid="5" />
                <SequencePoint vc="0" uspid="3103" ordinal="0" offset="1" sl="149" sc="9" el="149" ec="9" bec="0" bev="0" fileid="5" />
                <SequencePoint vc="0" uspid="3104" ordinal="0" offset="23" sl="150" sc="9" el="150" ec="9" bec="0" bev="0" fileid="5" />
                <SequencePoint vc="0" uspid="3105" ordinal="0" offset="50" sl="152" sc="9" el="152" ec="9" bec="0" bev="0" fileid="5" />
                <SequencePoint vc="0" uspid="3106" ordinal="0" offset="63" sl="153" sc="9" el="153" ec="9" bec="0" bev="0" fileid="5" />
                <SequencePoint vc="0" uspid="3107" ordinal="0" offset="85" sl="154" sc="9" el="154" ec="9" bec="0" bev="0" fileid="5" />
                <SequencePoint vc="0" uspid="3108" ordinal="0" offset="112" sl="156" sc="9" el="156" ec="9" bec="0" bev="0" fileid="5" />
                <SequencePoint vc="0" uspid="3109" ordinal="0" offset="125" sl="157" sc="9" el="157" ec="9" bec="0" bev="0" fileid="5" />
                <SequencePoint vc="0" uspid="3110" ordinal="0" offset="143" sl="158" sc="9" el="158" ec="9" bec="0" bev="0" fileid="5" />
                <SequencePoint vc="0" uspid="3111" ordinal="0" offset="165" sl="159" sc="9" el="159" ec="9" bec="0" bev="0" fileid="5" />
                <SequencePoint vc="0" uspid="3112" ordinal="0" offset="192" sl="160" sc="5" el="160" ec="5" bec="0" bev="0" fileid="5" />
              </SequencePoints>
              <BranchPoints />
            </Method>
            <Method visited="false" cyclomaticComplexity="0" nPathComplexity="0" sequenceCoverage="0.0" branchCoverage="0" crapScore="0" isConstructor="false" isStatic="true" isGetter="false" isSetter="false">
              <Summary numSequencePoints="7" visitedSequencePoints="0" numBranchPoints="0" visitedBranchPoints="0" sequenceCoverage="0.0" branchCoverage="0" maxCyclomaticComplexity="0" minCyclomaticComplexity="0" maxCrapScore="0" minCrapScore="0" visitedClasses="0" numClasses="0" visitedMethods="0" numMethods="1" />
              <MetadataToken>100663346</MetadataToken>
              <Name>static System.Boolean NavMeshSurfaceTests::HasNavMeshAtOrigin(System.Int32, System.Int32)</Name>
              <FileRef uid="5" />
              <SequencePoints>
                <SequencePoint vc="0" uspid="3113" ordinal="0" offset="0" sl="194" sc="5" el="194" ec="5" bec="0" bev="0" fileid="5" />
                <SequencePoint vc="0" uspid="3114" ordinal="0" offset="1" sl="195" sc="9" el="195" ec="9" bec="0" bev="0" fileid="5" />
                <SequencePoint vc="0" uspid="3115" ordinal="0" offset="9" sl="196" sc="9" el="196" ec="9" bec="0" bev="0" fileid="5" />
                <SequencePoint vc="0" uspid="3116" ordinal="0" offset="17" sl="197" sc="9" el="197" ec="9" bec="0" bev="0" fileid="5" />
                <SequencePoint vc="0" uspid="3117" ordinal="0" offset="26" sl="198" sc="9" el="198" ec="9" bec="0" bev="0" fileid="5" />
                <SequencePoint vc="0" uspid="3118" ordinal="0" offset="35" sl="199" sc="9" el="199" ec="9" bec="0" bev="0" fileid="5" />
                <SequencePoint vc="0" uspid="3119" ordinal="0" offset="56" sl="200" sc="5" el="200" ec="5" bec="0" bev="0" fileid="5" />
              </SequencePoints>
              <BranchPoints />
            </Method>
          </Methods>
        </Class>
        <Class>
          <Summary numSequencePoints="8" visitedSequencePoints="0" numBranchPoints="0" visitedBranchPoints="0" sequenceCoverage="0.0" branchCoverage="0.0" maxCyclomaticComplexity="0" minCyclomaticComplexity="0" maxCrapScore="0" minCrapScore="0" visitedClasses="0" numClasses="1" visitedMethods="0" numMethods="1" />
          <FullName>NavMeshSurfaceAgentTests/&lt;AgentAlignsToSurfaceNextFrame&gt;d__6</FullName>
          <Methods>
            <Method visited="false" cyclomaticComplexity="0" nPathComplexity="0" sequenceCoverage="0.0" branchCoverage="0" crapScore="0" isConstructor="false" isStatic="false" isGetter="false" isSetter="false">
              <Summary numSequencePoints="8" visitedSequencePoints="0" numBranchPoints="0" visitedBranchPoints="0" sequenceCoverage="0.0" branchCoverage="0" maxCyclomaticComplexity="0" minCyclomaticComplexity="0" maxCrapScore="0" minCrapScore="0" visitedClasses="0" numClasses="0" visitedMethods="0" numMethods="1" />
              <MetadataToken>100663350</MetadataToken>
              <Name>System.Boolean NavMeshSurfaceAgentTests/&lt;AgentAlignsToSurfaceNextFrame&gt;d__6::MoveNext()</Name>
              <FileRef uid="1" />
              <SequencePoints>
[...]
                <SequencePoint vc="0" uspid="5564" ordinal="0" offset="239" sl="397" sc="25" el="397" ec="25" bec="0" bev="0" fileid="20" />
                <SequencePoint vc="0" uspid="5565" ordinal="0" offset="282" sl="398" sc="25" el="398" ec="25" bec="0" bev="0" fileid="20" />
                <SequencePoint vc="0" uspid="5566" ordinal="0" offset="284" sl="400" sc="13" el="400" ec="13" bec="0" bev="0" fileid="20" />
                <SequencePoint vc="0" uspid="5567" ordinal="0" offset="285" sl="376" sc="30" el="376" ec="30" bec="0" bev="0" fileid="20" />
                <SequencePoint vc="0" uspid="5568" ordinal="0" offset="314" sl="402" sc="13" el="402" ec="13" bec="0" bev="0" fileid="20" />
                <SequencePoint vc="0" uspid="5569" ordinal="0" offset="327" sl="403" sc="13" el="403" ec="13" bec="0" bev="0" fileid="20" />
                <SequencePoint vc="0" uspid="5570" ordinal="0" offset="332" sl="404" sc="9" el="404" ec="9" bec="0" bev="0" fileid="20" />
              </SequencePoints>
              <BranchPoints />
            </Method>
            <Method visited="true" cyclomaticComplexity="0" nPathComplexity="0" sequenceCoverage="71.43" branchCoverage="0" crapScore="0" isConstructor="false" isStatic="false" isGetter="false" isSetter="false">
              <Summary numSequencePoints="7" visitedSequencePoints="5" numBranchPoints="0" visitedBranchPoints="0" sequenceCoverage="71.43" branchCoverage="0" maxCyclomaticComplexity="0" minCyclomaticComplexity="0" maxCrapScore="0" minCrapScore="0" visitedClasses="0" numClasses="0" visitedMethods="1" numMethods="1" />
              <MetadataToken>100663396</MetadataToken>
              <Name>System.Boolean UnityEngine.AI.NavMeshSurface::HasTransformChanged()</Name>
              <FileRef uid="20" />
              <SequencePoints>
                <SequencePoint vc="1" uspid="5571" ordinal="0" offset="0" sl="407" sc="9" el="407" ec="9" bec="0" bev="0" fileid="20" />
                <SequencePoint vc="1" uspid="5572" ordinal="0" offset="1" sl="408" sc="13" el="408" ec="13" bec="0" bev="0" fileid="20" />
                <SequencePoint vc="0" uspid="5573" ordinal="0" offset="27" sl="408" sc="55" el="408" ec="55" bec="0" bev="0" fileid="20" />
                <SequencePoint vc="1" uspid="5574" ordinal="0" offset="31" sl="409" sc="13" el="409" ec="13" bec="0" bev="0" fileid="20" />
                <SequencePoint vc="0" uspid="5575" ordinal="0" offset="57" sl="409" sc="55" el="409" ec="55" bec="0" bev="0" fileid="20" />
                <SequencePoint vc="1" uspid="5576" ordinal="0" offset="61" sl="410" sc="13" el="410" ec="13" bec="0" bev="0" fileid="20" />
                <SequencePoint vc="1" uspid="5577" ordinal="0" offset="65" sl="411" sc="9" el="411" ec="9" bec="0" bev="0" fileid="20" />
              </SequencePoints>
              <BranchPoints />
            </Method>
            <Method visited="true" cyclomaticComplexity="0" nPathComplexity="0" sequenceCoverage="42.86" branchCoverage="0" crapScore="0" isConstructor="false" isStatic="false" isGetter="false" isSetter="false">
              <Summary numSequencePoints="7" visitedSequencePoints="3" numBranchPoints="0" visitedBranchPoints="0" sequenceCoverage="42.86" branchCoverage="0" maxCyclomaticComplexity="0" minCyclomaticComplexity="0" maxCrapScore="0" minCrapScore="0" visitedClasses="0" numClasses="0" visitedMethods="1" numMethods="1" />
              <MetadataToken>100663397</MetadataToken>
              <Name>System.Void UnityEngine.AI.NavMeshSurface::UpdateDataIfTransformChanged()</Name>
              <FileRef uid="20" />
              <SequencePoints>
                <SequencePoint vc="1" uspid="5578" ordinal="0" offset="0" sl="414" sc="9" el="414" ec="9" bec="0" bev="0" fileid="20" />
                <SequencePoint vc="1" uspid="5579" ordinal="0" offset="1" sl="415" sc="13" el="415" ec="13" bec="0" bev="0" fileid="20" />
                <SequencePoint vc="0" uspid="5580" ordinal="0" offset="11" sl="416" sc="13" el="416" ec="13" bec="0" bev="0" fileid="20" />
                <SequencePoint vc="0" uspid="5581" ordinal="0" offset="12" sl="417" sc="17" el="417" ec="17" bec="0" bev="0" fileid="20" />
                <SequencePoint vc="0" uspid="5582" ordinal="0" offset="19" sl="418" sc="17" el="418" ec="17" bec="0" bev="0" fileid="20" />
                <SequencePoint vc="0" uspid="5583" ordinal="0" offset="26" sl="419" sc="13" el="419" ec="13" bec="0" bev="0" fileid="20" />
                <SequencePoint vc="1" uspid="5584" ordinal="0" offset="27" sl="420" sc="9" el="420" ec="9" bec="0" bev="0" fileid="20" />
              </SequencePoints>
              <BranchPoints />
            </Method>
            <Method visited="true" cyclomaticComplexity="0" nPathComplexity="0" sequenceCoverage="55.00" branchCoverage="0" crapScore="0" isConstructor="false" isStatic="false" isGetter="false" isSetter="false">
              <Summary numSequencePoints="20" visitedSequencePoints="11" numBranchPoints="0" visitedBranchPoints="0" sequenceCoverage="55.00" branchCoverage="0" maxCyclomaticComplexity="0" minCyclomaticComplexity="0" maxCrapScore="0" minCrapScore="0" visitedClasses="0" numClasses="0" visitedMethods="1" numMethods="1" />
              <MetadataToken>100663398</MetadataToken>
              <Name>System.Boolean UnityEngine.AI.NavMeshSurface::UnshareNavMeshAsset()</Name>
              <FileRef uid="20" />
              <SequencePoints>
                <SequencePoint vc="1" uspid="5585" ordinal="0" offset="0" sl="424" sc="9" el="424" ec="9" bec="0" bev="0" fileid="20" />
                <SequencePoint vc="1" uspid="5586" ordinal="0" offset="1" sl="426" sc="13" el="426" ec="13" bec="0" bev="0" fileid="20" />
                <SequencePoint vc="0" uspid="5587" ordinal="0" offset="17" sl="427" sc="17" el="427" ec="17" bec="0" bev="0" fileid="20" />
                <SequencePoint vc="1" uspid="5588" ordinal="0" offset="25" sl="430" sc="13" el="430" ec="13" bec="0" bev="0" fileid="20" />
                <SequencePoint vc="1" uspid="5589" ordinal="0" offset="32" sl="431" sc="13" el="431" ec="13" bec="0" bev="0" fileid="20" />
                <SequencePoint vc="1" uspid="5590" ordinal="0" offset="39" sl="432" sc="13" el="432" ec="13" bec="0" bev="0" fileid="20" />
                <SequencePoint vc="0" uspid="5591" ordinal="0" offset="48" sl="433" sc="17" el="433" ec="17" bec="0" bev="0" fileid="20" />
                <SequencePoint vc="1" uspid="5592" ordinal="0" offset="56" sl="436" sc="13" el="436" ec="13" bec="0" bev="0" fileid="20" />
                <SequencePoint vc="1" uspid="5593" ordinal="0" offset="63" sl="437" sc="13" el="437" ec="13" bec="0" bev="0" fileid="20" />
                <SequencePoint vc="0" uspid="5594" ordinal="0" offset="98" sl="438" sc="17" el="438" ec="17" bec="0" bev="0" fileid="20" />
                <SequencePoint vc="1" uspid="5595" ordinal="0" offset="103" sl="441" sc="18" el="441" ec="18" bec="0" bev="0" fileid="20" />
                <SequencePoint vc="0" uspid="5596" ordinal="0" offset="108" sl="442" sc="13" el="442" ec="13" bec="0" bev="0" fileid="20" />
                <SequencePoint vc="0" uspid="5597" ordinal="0" offset="109" sl="443" sc="17" el="443" ec="17" bec="0" bev="0" fileid="20" />
                <SequencePoint vc="0" uspid="5598" ordinal="0" offset="123" sl="444" sc="17" el="444" ec="17" bec="0" bev="0" fileid="20" />
                <SequencePoint vc="0" uspid="5599" ordinal="0" offset="160" sl="445" sc="21" el="445" ec="21" bec="0" bev="0" fileid="20" />
                <SequencePoint vc="0" uspid="5600" ordinal="0" offset="165" sl="446" sc="13" el="446" ec="13" bec="0" bev="0" fileid="20" />
                <SequencePoint vc="0" uspid="5601" ordinal="0" offset="166" sl="441" sc="58" el="441" ec="58" bec="0" bev="0" fileid="20" />
                <SequencePoint vc="1" uspid="5602" ordinal="0" offset="172" sl="441" sc="29" el="441" ec="29" bec="0" bev="0" fileid="20" />
                <SequencePoint vc="1" uspid="5603" ordinal="0" offset="192" sl="449" sc="13" el="449" ec="13" bec="0" bev="0" fileid="20" />
                <SequencePoint vc="1" uspid="5604" ordinal="0" offset="197" sl="450" sc="9" el="450" ec="9" bec="0" bev="0" fileid="20" />
              </SequencePoints>
              <BranchPoints />
            </Method>
            <Method visited="true" cyclomaticComplexity="0" nPathComplexity="0" sequenceCoverage="66.67" branchCoverage="0" crapScore="0" isConstructor="false" isStatic="false" isGetter="false" isSetter="false">
              <Summary numSequencePoints="21" visitedSequencePoints="14" numBranchPoints="0" visitedBranchPoints="0" sequenceCoverage="66.67" branchCoverage="0" maxCyclomaticComplexity="0" minCyclomaticComplexity="0" maxCrapScore="0" minCrapScore="0" visitedClasses="0" numClasses="0" visitedMethods="1" numMethods="1" />
              <MetadataToken>100663399</MetadataToken>
              <Name>System.Void UnityEngine.AI.NavMeshSurface::OnValidate()</Name>
              <FileRef uid="20" />
              <SequencePoints>
                <SequencePoint vc="1" uspid="5605" ordinal="0" offset="0" sl="453" sc="9" el="453" ec="9" bec="0" bev="0" fileid="20" />
                <SequencePoint vc="1" uspid="5606" ordinal="0" offset="1" sl="454" sc="13" el="454" ec="13" bec="0" bev="0" fileid="20" />
                <SequencePoint vc="0" uspid="5607" ordinal="0" offset="11" sl="455" sc="13" el="455" ec="13" bec="0" bev="0" fileid="20" />
                <SequencePoint vc="0" uspid="5608" ordinal="0" offset="12" sl="456" sc="17" el="456" ec="17" bec="0" bev="0" fileid="20" />
                <SequencePoint vc="0" uspid="5609" ordinal="0" offset="24" sl="457" sc="17" el="457" ec="17" bec="0" bev="0" fileid="20" />
                <SequencePoint vc="0" uspid="5610" ordinal="0" offset="31" sl="458" sc="13" el="458" ec="13" bec="0" bev="0" fileid="20" />
                <SequencePoint vc="1" uspid="5611" ordinal="0" offset="32" sl="460" sc="13" el="460" ec="13" bec="0" bev="0" fileid="20" />
                <SequencePoint vc="1" uspid="5612" ordinal="0" offset="44" sl="461" sc="13" el="461" ec="13" bec="0" bev="0" fileid="20" />
                <SequencePoint vc="1" uspid="5613" ordinal="0" offset="64" sl="462" sc="13" el="462" ec="13" bec="0" bev="0" fileid="20" />
                <SequencePoint vc="1" uspid="5614" ordinal="0" offset="65" sl="465" sc="17" el="465" ec="17" bec="0" bev="0" fileid="20" />
                <SequencePoint vc="1" uspid="5615" ordinal="0" offset="78" sl="466" sc="21" el="466" ec="21" bec="0" bev="0" fileid="20" />
                <SequencePoint vc="1" uspid="5616" ordinal="0" offset="97" sl="467" sc="17" el="467" ec="17" bec="0" bev="0" fileid="20" />
                <SequencePoint vc="0" uspid="5617" ordinal="0" offset="116" sl="468" sc="21" el="468" ec="21" bec="0" bev="0" fileid="20" />
                <SequencePoint vc="1" uspid="5618" ordinal="0" offset="127" sl="475" sc="17" el="475" ec="17" bec="0" bev="0" fileid="20" />
                <SequencePoint vc="1" uspid="5619" ordinal="0" offset="142" sl="476" sc="21" el="476" ec="21" bec="0" bev="0" fileid="20" />
                <SequencePoint vc="1" uspid="5620" ordinal="0" offset="153" sl="478" sc="17" el="478" ec="17" bec="0" bev="0" fileid="20" />
                <SequencePoint vc="0" uspid="5621" ordinal="0" offset="169" sl="479" sc="21" el="479" ec="21" bec="0" bev="0" fileid="20" />
                <SequencePoint vc="1" uspid="5622" ordinal="0" offset="177" sl="480" sc="17" el="480" ec="17" bec="0" bev="0" fileid="20" />
                <SequencePoint vc="0" uspid="5623" ordinal="0" offset="196" sl="481" sc="21" el="481" ec="21" bec="0" bev="0" fileid="20" />
                <SequencePoint vc="1" uspid="5624" ordinal="0" offset="207" sl="482" sc="13" el="482" ec="13" bec="0" bev="0" fileid="20" />
                <SequencePoint vc="1" uspid="5625" ordinal="0" offset="208" sl="483" sc="9" el="483" ec="9" bec="0" bev="0" fileid="20" />
              </SequencePoints>
              <BranchPoints />
            </Method>
            <Method visited="true" cyclomaticComplexity="0" nPathComplexity="0" sequenceCoverage="100.0" branchCoverage="0" crapScore="0" isConstructor="true" isStatic="false" isGetter="false" isSetter="false">
              <Summary numSequencePoints="10" visitedSequencePoints="10" numBranchPoints="0" visitedBranchPoints="0" sequenceCoverage="100.0" branchCoverage="0" maxCyclomaticComplexity="0" minCyclomaticComplexity="0" maxCrapScore="0" minCrapScore="0" visitedClasses="0" numClasses="0" visitedMethods="1" numMethods="1" />
              <MetadataToken>100663400</MetadataToken>
              <Name>UnityEngine.AI.NavMeshSurface::NavMeshSurface()</Name>
              <FileRef uid="20" />
              <SequencePoints>
                <SequencePoint vc="1" uspid="5626" ordinal="0" offset="0" sl="27" sc="9" el="27" ec="9" bec="0" bev="0" fileid="20" />
                <SequencePoint vc="1" uspid="5627" ordinal="0" offset="7" sl="31" sc="9" el="31" ec="9" bec="0" bev="0" fileid="20" />
                <SequencePoint vc="1" uspid="5628" ordinal="0" offset="33" sl="35" sc="9" el="35" ec="9" bec="0" bev="0" fileid="20" />
                <SequencePoint vc="1" uspid="5629" ordinal="0" offset="59" sl="39" sc="9" el="39" ec="9" bec="0" bev="0" fileid="20" />
                <SequencePoint vc="1" uspid="5630" ordinal="0" offset="71" sl="43" sc="9" el="43" ec="9" bec="0" bev="0" fileid="20" />
                <SequencePoint vc="1" uspid="5631" ordinal="0" offset="78" sl="51" sc="9" el="51" ec="9" bec="0" bev="0" fileid="20" />
                <SequencePoint vc="1" uspid="5632" ordinal="0" offset="85" sl="55" sc="9" el="55" ec="9" bec="0" bev="0" fileid="20" />
                <SequencePoint vc="1" uspid="5633" ordinal="0" offset="92" sl="62" sc="9" el="62" ec="9" bec="0" bev="0" fileid="20" />
                <SequencePoint vc="1" uspid="5634" ordinal="0" offset="103" sl="84" sc="9" el="84" ec="9" bec="0" bev="0" fileid="20" />
                <SequencePoint vc="1" uspid="5635" ordinal="0" offset="114" sl="85" sc="9" el="85" ec="9" bec="0" bev="0" fileid="20" />
              </SequencePoints>
              <BranchPoints />
            </Method>
            <Method visited="false" cyclomaticComplexity="0" nPathComplexity="0" sequenceCoverage="0.0" branchCoverage="0" crapScore="0" isConstructor="true" isStatic="true" isGetter="false" isSetter="false">
              <Summary numSequencePoints="1" visitedSequencePoints="0" numBranchPoints="0" visitedBranchPoints="0" sequenceCoverage="0.0" branchCoverage="0" maxCyclomaticComplexity="0" minCyclomaticComplexity="0" maxCrapScore="0" minCrapScore="0" visitedClasses="0" numClasses="0" visitedMethods="0" numMethods="1" />
              <MetadataToken>100663401</MetadataToken>
              <Name>static UnityEngine.AI.NavMeshSurface::NavMeshSurface()</Name>
              <FileRef uid="20" />
              <SequencePoints>
                <SequencePoint vc="0" uspid="5636" ordinal="0" offset="0" sl="87" sc="9" el="87" ec="9" bec="0" bev="0" fileid="20" />
              </SequencePoints>
              <BranchPoints />
            </Method>
          </Methods>
        </Class>
        <Class>
          <Summary numSequencePoints="4" visitedSequencePoints="0" numBranchPoints="0" visitedBranchPoints="0" sequenceCoverage="0.0" branchCoverage="0.0" maxCyclomaticComplexity="0" minCyclomaticComplexity="0" maxCrapScore="0" minCrapScore="0" visitedClasses="0" numClasses="1" visitedMethods="0" numMethods="4" />
          <FullName>UnityEngine.AI.NavMeshSurface/&lt;&gt;c</FullName>
          <Methods>
            <Method visited="false" cyclomaticComplexity="0" nPathComplexity="0" sequenceCoverage="0.0" branchCoverage="0" crapScore="0" isConstructor="false" isStatic="false" isGetter="false" isSetter="false">
              <Summary numSequencePoints="1" visitedSequencePoints="0" numBranchPoints="0" visitedBranchPoints="0" sequenceCoverage="0.0" branchCoverage="0" maxCyclomaticComplexity="0" minCyclomaticComplexity="0" maxCrapScore="0" minCrapScore="0" visitedClasses="0" numClasses="0" visitedMethods="0" numMethods="1" />
              <MetadataToken>100663404</MetadataToken>
              <Name>System.Boolean UnityEngine.AI.NavMeshSurface/&lt;&gt;c::&lt;AppendModifierVolumes&gt;b__76_0(UnityEngine.AI.NavMeshModifierVolume)</Name>
              <FileRef uid="20" />
              <SequencePoints>
                <SequencePoint vc="0" uspid="5637" ordinal="0" offset="0" sl="242" sc="0" el="242" ec="0" bec="0" bev="0" fileid="20" />
              </SequencePoints>
              <BranchPoints />
            </Method>
            <Method visited="false" cyclomaticComplexity="0" nPathComplexity="0" sequenceCoverage="0.0" branchCoverage="0" crapScore="0" isConstructor="false" isStatic="false" isGetter="false" isSetter="false">
              <Summary numSequencePoints="1" visitedSequencePoints="0" numBranchPoints="0" visitedBranchPoints="0" sequenceCoverage="0.0" branchCoverage="0" maxCyclomaticComplexity="0" minCyclomaticComplexity="0" maxCrapScore="0" minCrapScore="0" visitedClasses="0" numClasses="0" visitedMethods="0" numMethods="1" />
              <MetadataToken>100663405</MetadataToken>
              <Name>System.Boolean UnityEngine.AI.NavMeshSurface/&lt;&gt;c::&lt;CollectSources&gt;b__77_0(UnityEngine.AI.NavMeshModifier)</Name>
              <FileRef uid="20" />
              <SequencePoints>
                <SequencePoint vc="0" uspid="5638" ordinal="0" offset="0" sl="281" sc="0" el="281" ec="0" bec="0" bev="0" fileid="20" />
              </SequencePoints>
              <BranchPoints />
            </Method>
            <Method visited="false" cyclomaticComplexity="0" nPathComplexity="0" sequenceCoverage="0.0" branchCoverage="0" crapScore="0" isConstructor="false" isStatic="false" isGetter="false" isSetter="false">
              <Summary numSequencePoints="1" visitedSequencePoints="0" numBranchPoints="0" visitedBranchPoints="0" sequenceCoverage="0.0" branchCoverage="0" maxCyclomaticComplexity="0" minCyclomaticComplexity="0" maxCrapScore="0" minCrapScore="0" visitedClasses="0" numClasses="0" visitedMethods="0" numMethods="1" />
              <MetadataToken>100663406</MetadataToken>
              <Name>System.Boolean UnityEngine.AI.NavMeshSurface/&lt;&gt;c::&lt;CollectSources&gt;b__77_1(UnityEngine.AI.NavMeshBuildSource)</Name>
              <FileRef uid="20" />
              <SequencePoints>
                <SequencePoint vc="0" uspid="5639" ordinal="0" offset="0" sl="344" sc="42" el="344" ec="42" bec="0" bev="0" fileid="20" />
              </SequencePoints>
              <BranchPoints />
            </Method>
            <Method visited="false" cyclomaticComplexity="0" nPathComplexity="0" sequenceCoverage="0.0" branchCoverage="0" crapScore="0" isConstructor="false" isStatic="false" isGetter="false" isSetter="false">
              <Summary numSequencePoints="1" visitedSequencePoints="0" numBranchPoints="0" visitedBranchPoints="0" sequenceCoverage="0.0" branchCoverage="0" maxCyclomaticComplexity="0" minCyclomaticComplexity="0" maxCrapScore="0" minCrapScore="0" visitedClasses="0" numClasses="0" visitedMethods="0" numMethods="1" />
              <MetadataToken>100663407</MetadataToken>
              <Name>System.Boolean UnityEngine.AI.NavMeshSurface/&lt;&gt;c::&lt;CollectSources&gt;b__77_2(UnityEngine.AI.NavMeshBuildSource)</Name>
              <FileRef uid="20" />
              <SequencePoints>
                <SequencePoint vc="0" uspid="5640" ordinal="0" offset="0" sl="347" sc="42" el="347" ec="42" bec="0" bev="0" fileid="20" />
              </SequencePoints>
              <BranchPoints />
            </Method>
          </Methods>
        </Class>
      </Classes>
    </Module>
  </Modules>
</CoverageSession>